<?xml version="1.0" encoding="utf-8"?>
<CoverageSession xmlns:xsd="http://www.w3.org/2001/XMLSchema" xmlns:xsi="http://www.w3.org/2001/XMLSchema-instance" Version="0.0.0.0">
  <Summary numSequencePoints="2304" visitedSequencePoints="1762" numBranchPoints="0" visitedBranchPoints="0" sequenceCoverage="76.48" branchCoverage="0.0" maxCyclomaticComplexity="0" minCyclomaticComplexity="0" maxCrapScore="0" minCrapScore="0" visitedClasses="35" numClasses="35" visitedMethods="274" numMethods="276" />
  <Modules>
    <Module>
      <Summary numSequencePoints="2304" visitedSequencePoints="1762" numBranchPoints="0" visitedBranchPoints="0" sequenceCoverage="76.48" branchCoverage="0.0" maxCyclomaticComplexity="0" minCyclomaticComplexity="0" maxCrapScore="0" minCrapScore="0" visitedClasses="35" numClasses="35" visitedMethods="274" numMethods="276" />
      <ModuleTime>0001-01-01T00:00:00</ModuleTime>
      <ModuleName>ATaskForTwo</ModuleName>
      <Files>
        <File uid="1" fullPath="C:/workstation/Unity/A_Task_For_Two/Assets/InputActions.cs" />
        <File uid="2" fullPath="C:/workstation/Unity/A_Task_For_Two/Assets/Scripts/AnimatedToggle.cs" />
        <File uid="3" fullPath="C:/workstation/Unity/A_Task_For_Two/Assets/Scripts/AudioManager.cs" />
        <File uid="4" fullPath="C:/workstation/Unity/A_Task_For_Two/Assets/Scripts/CharacterAnimation.cs" />
        <File uid="5" fullPath="C:/workstation/Unity/A_Task_For_Two/Assets/Scripts/CharacterSelection.cs" />
        <File uid="6" fullPath="C:/workstation/Unity/A_Task_For_Two/Assets/Scripts/ConnectionLost.cs" />
        <File uid="7" fullPath="C:/workstation/Unity/A_Task_For_Two/Assets/Scripts/DieClickAnimate.cs" />
        <File uid="8" fullPath="C:/workstation/Unity/A_Task_For_Two/Assets/Scripts/DropdownHelper.cs" />
        <File uid="9" fullPath="C:/workstation/Unity/A_Task_For_Two/Assets/Scripts/EndScreen.cs" />
        <File uid="10" fullPath="C:/workstation/Unity/A_Task_For_Two/Assets/Scripts/GameSession.cs" />
        <File uid="11" fullPath="C:/workstation/Unity/A_Task_For_Two/Assets/Scripts/GenderToggle.cs" />
        <File uid="12" fullPath="C:/workstation/Unity/A_Task_For_Two/Assets/Scripts/HudStats.cs" />
        <File uid="13" fullPath="C:/workstation/Unity/A_Task_For_Two/Assets/Scripts/MainMenu.cs" />
        <File uid="14" fullPath="C:/workstation/Unity/A_Task_For_Two/Assets/Scripts/MenuActions.cs" />
        <File uid="15" fullPath="C:/workstation/Unity/A_Task_For_Two/Assets/Scripts/MenuSfx.cs" />
        <File uid="16" fullPath="C:/workstation/Unity/A_Task_For_Two/Assets/Scripts/OptionsMenu.cs" />
        <File uid="17" fullPath="C:/workstation/Unity/A_Task_For_Two/Assets/Scripts/PauseMenu.cs" />
        <File uid="18" fullPath="C:/workstation/Unity/A_Task_For_Two/Assets/Scripts/PlayerAudio.cs" />
        <File uid="19" fullPath="C:/workstation/Unity/A_Task_For_Two/Assets/Scripts/PlayerInputHandler.cs" />
        <File uid="20" fullPath="C:/workstation/Unity/A_Task_For_Two/Assets/Scripts/PlayerInteractor.cs" />
        <File uid="21" fullPath="C:/workstation/Unity/A_Task_For_Two/Assets/Scripts/PlayerMovement.cs" />
        <File uid="22" fullPath="C:/workstation/Unity/A_Task_For_Two/Assets/Scripts/PlayerVisuals.cs" />
        <File uid="23" fullPath="C:/workstation/Unity/A_Task_For_Two/Assets/Scripts/PuzzleController.cs" />
        <File uid="24" fullPath="C:/workstation/Unity/A_Task_For_Two/Assets/Scripts/RelayManager.cs" />
        <File uid="25" fullPath="C:/workstation/Unity/A_Task_For_Two/Assets/Scripts/SliderHelper.cs" />
      </Files>
      <Classes>
        <Class>
          <Summary numSequencePoints="48" visitedSequencePoints="48" numBranchPoints="0" visitedBranchPoints="0" sequenceCoverage="100.0" branchCoverage="0.0" maxCyclomaticComplexity="0" minCyclomaticComplexity="0" maxCrapScore="0" minCrapScore="0" visitedClasses="1" numClasses="1" visitedMethods="7" numMethods="7" />
          <FullName>InputActions</FullName>
          <Methods>
            <Method visited="true" cyclomaticComplexity="0" nPathComplexity="0" sequenceCoverage="100.0" branchCoverage="0" crapScore="0" isConstructor="false" isStatic="false" isGetter="true" isSetter="false">
              <Summary numSequencePoints="1" visitedSequencePoints="1" numBranchPoints="0" visitedBranchPoints="0" sequenceCoverage="100.0" branchCoverage="0" maxCyclomaticComplexity="0" minCyclomaticComplexity="0" maxCrapScore="0" minCrapScore="0" visitedClasses="0" numClasses="0" visitedMethods="1" numMethods="1" />
              <MetadataToken>100663297</MetadataToken>
              <Name>UnityEngine.InputSystem.InputActionAsset InputActions::get_asset()</Name>
              <FileRef uid="1" />
              <SequencePoints>
                <SequencePoint vc="65" uspid="20254" ordinal="0" offset="0" sl="80" sc="37" el="80" ec="37" bec="0" bev="0" fileid="1" />
              </SequencePoints>
              <BranchPoints />
            </Method>
            <Method visited="true" cyclomaticComplexity="0" nPathComplexity="0" sequenceCoverage="100.0" branchCoverage="0" crapScore="0" isConstructor="false" isStatic="false" isGetter="false" isSetter="false">
              <Summary numSequencePoints="7" visitedSequencePoints="7" numBranchPoints="0" visitedBranchPoints="0" sequenceCoverage="100.0" branchCoverage="0" maxCyclomaticComplexity="0" minCyclomaticComplexity="0" maxCrapScore="0" minCrapScore="0" visitedClasses="0" numClasses="0" visitedMethods="1" numMethods="1" />
              <MetadataToken>100663299</MetadataToken>
              <Name>System.Void InputActions::Finalize()</Name>
              <FileRef uid="1" />
              <SequencePoints>
                <SequencePoint vc="16" uspid="20255" ordinal="0" offset="0" sl="1214" sc="5" el="1214" ec="5" bec="0" bev="0" fileid="1" />
                <SequencePoint vc="16" uspid="20256" ordinal="0" offset="1" sl="1214" sc="5" el="1214" ec="5" bec="0" bev="0" fileid="1" />
                <SequencePoint vc="16" uspid="20257" ordinal="0" offset="2" sl="1215" sc="9" el="1215" ec="9" bec="0" bev="0" fileid="1" />
                <SequencePoint vc="16" uspid="20258" ordinal="0" offset="27" sl="1216" sc="9" el="1216" ec="9" bec="0" bev="0" fileid="1" />
                <SequencePoint vc="16" uspid="20259" ordinal="0" offset="52" sl="1217" sc="9" el="1217" ec="9" bec="0" bev="0" fileid="1" />
                <SequencePoint vc="16" uspid="20260" ordinal="0" offset="79" sl="1218" sc="5" el="1218" ec="5" bec="0" bev="0" fileid="1" />
                <SequencePoint vc="16" uspid="20261" ordinal="0" offset="87" sl="1218" sc="5" el="1218" ec="5" bec="0" bev="0" fileid="1" />
              </SequencePoints>
              <BranchPoints />
            </Method>
            <Method visited="true" cyclomaticComplexity="0" nPathComplexity="0" sequenceCoverage="100.0" branchCoverage="0" crapScore="0" isConstructor="false" isStatic="false" isGetter="false" isSetter="false">
              <Summary numSequencePoints="3" visitedSequencePoints="3" numBranchPoints="0" visitedBranchPoints="0" sequenceCoverage="100.0" branchCoverage="0" maxCyclomaticComplexity="0" minCyclomaticComplexity="0" maxCrapScore="0" minCrapScore="0" visitedClasses="0" numClasses="0" visitedMethods="1" numMethods="1" />
              <MetadataToken>100663300</MetadataToken>
              <Name>System.Void InputActions::Dispose()</Name>
              <FileRef uid="1" />
              <SequencePoints>
                <SequencePoint vc="11" uspid="20262" ordinal="0" offset="0" sl="1224" sc="5" el="1224" ec="5" bec="0" bev="0" fileid="1" />
                <SequencePoint vc="11" uspid="20263" ordinal="0" offset="1" sl="1225" sc="9" el="1225" ec="9" bec="0" bev="0" fileid="1" />
                <SequencePoint vc="11" uspid="20264" ordinal="0" offset="13" sl="1226" sc="5" el="1226" ec="5" bec="0" bev="0" fileid="1" />
              </SequencePoints>
              <BranchPoints />
            </Method>
            <Method visited="true" cyclomaticComplexity="0" nPathComplexity="0" sequenceCoverage="100.0" branchCoverage="0" crapScore="0" isConstructor="false" isStatic="false" isGetter="true" isSetter="false">
              <Summary numSequencePoints="1" visitedSequencePoints="1" numBranchPoints="0" visitedBranchPoints="0" sequenceCoverage="100.0" branchCoverage="0" maxCyclomaticComplexity="0" minCyclomaticComplexity="0" maxCrapScore="0" minCrapScore="0" visitedClasses="0" numClasses="0" visitedMethods="1" numMethods="1" />
              <MetadataToken>100663314</MetadataToken>
              <Name>InputActions/PlayerActions InputActions::get_Player()</Name>
              <FileRef uid="1" />
              <SequencePoints>
                <SequencePoint vc="31" uspid="20292" ordinal="0" offset="0" sl="1461" sc="37" el="1461" ec="37" bec="0" bev="0" fileid="1" />
              </SequencePoints>
              <BranchPoints />
            </Method>
            <Method visited="true" cyclomaticComplexity="0" nPathComplexity="0" sequenceCoverage="100.0" branchCoverage="0" crapScore="0" isConstructor="false" isStatic="false" isGetter="true" isSetter="false">
              <Summary numSequencePoints="1" visitedSequencePoints="1" numBranchPoints="0" visitedBranchPoints="0" sequenceCoverage="100.0" branchCoverage="0" maxCyclomaticComplexity="0" minCyclomaticComplexity="0" maxCrapScore="0" minCrapScore="0" visitedClasses="0" numClasses="0" visitedMethods="1" numMethods="1" />
              <MetadataToken>100663315</MetadataToken>
              <Name>InputActions/UIActions InputActions::get_UI()</Name>
              <FileRef uid="1" />
              <SequencePoints>
                <SequencePoint vc="14" uspid="20293" ordinal="0" offset="0" sl="1656" sc="29" el="1656" ec="29" bec="0" bev="0" fileid="1" />
              </SequencePoints>
              <BranchPoints />
            </Method>
            <Method visited="true" cyclomaticComplexity="0" nPathComplexity="0" sequenceCoverage="100.0" branchCoverage="0" crapScore="0" isConstructor="false" isStatic="false" isGetter="true" isSetter="false">
              <Summary numSequencePoints="1" visitedSequencePoints="1" numBranchPoints="0" visitedBranchPoints="0" sequenceCoverage="100.0" branchCoverage="0" maxCyclomaticComplexity="0" minCyclomaticComplexity="0" maxCrapScore="0" minCrapScore="0" visitedClasses="0" numClasses="0" visitedMethods="1" numMethods="1" />
              <MetadataToken>100663316</MetadataToken>
              <Name>InputActions/SystemActions InputActions::get_System()</Name>
              <FileRef uid="1" />
              <SequencePoints>
                <SequencePoint vc="32" uspid="20294" ordinal="0" offset="0" sl="1752" sc="37" el="1752" ec="37" bec="0" bev="0" fileid="1" />
              </SequencePoints>
              <BranchPoints />
            </Method>
            <Method visited="true" cyclomaticComplexity="0" nPathComplexity="0" sequenceCoverage="100.0" branchCoverage="0" crapScore="0" isConstructor="true" isStatic="false" isGetter="false" isSetter="false">
              <Summary numSequencePoints="34" visitedSequencePoints="34" numBranchPoints="0" visitedBranchPoints="0" sequenceCoverage="100.0" branchCoverage="0" maxCyclomaticComplexity="0" minCyclomaticComplexity="0" maxCrapScore="0" minCrapScore="0" visitedClasses="0" numClasses="0" visitedMethods="1" numMethods="1" />
              <MetadataToken>100663298</MetadataToken>
              <Name>InputActions::InputActions()</Name>
              <FileRef uid="1" />
              <SequencePoints>
                <SequencePoint vc="18" uspid="20320" ordinal="0" offset="0" sl="1292" sc="5" el="1292" ec="5" bec="0" bev="0" fileid="1" />
                <SequencePoint vc="18" uspid="20321" ordinal="0" offset="11" sl="1465" sc="5" el="1465" ec="5" bec="0" bev="0" fileid="1" />
                <SequencePoint vc="18" uspid="20322" ordinal="0" offset="22" sl="1660" sc="5" el="1660" ec="5" bec="0" bev="0" fileid="1" />
                <SequencePoint vc="18" uspid="20323" ordinal="0" offset="33" sl="1753" sc="5" el="1753" ec="5" bec="0" bev="0" fileid="1" />
                <SequencePoint vc="18" uspid="20324" ordinal="0" offset="40" sl="1766" sc="5" el="1766" ec="5" bec="0" bev="0" fileid="1" />
                <SequencePoint vc="18" uspid="20325" ordinal="0" offset="47" sl="1779" sc="5" el="1779" ec="5" bec="0" bev="0" fileid="1" />
                <SequencePoint vc="18" uspid="20326" ordinal="0" offset="54" sl="1792" sc="5" el="1792" ec="5" bec="0" bev="0" fileid="1" />
                <SequencePoint vc="18" uspid="20327" ordinal="0" offset="61" sl="1805" sc="5" el="1805" ec="5" bec="0" bev="0" fileid="1" />
                <SequencePoint vc="18" uspid="20328" ordinal="0" offset="68" sl="85" sc="5" el="85" ec="5" bec="0" bev="0" fileid="1" />
                <SequencePoint vc="18" uspid="20329" ordinal="0" offset="75" sl="86" sc="5" el="86" ec="5" bec="0" bev="0" fileid="1" />
                <SequencePoint vc="18" uspid="20330" ordinal="0" offset="76" sl="87" sc="9" el="87" ec="9" bec="0" bev="0" fileid="1" />
                <SequencePoint vc="18" uspid="20331" ordinal="0" offset="92" sl="1187" sc="9" el="1187" ec="9" bec="0" bev="0" fileid="1" />
                <SequencePoint vc="18" uspid="20332" ordinal="0" offset="115" sl="1188" sc="9" el="1188" ec="9" bec="0" bev="0" fileid="1" />
                <SequencePoint vc="18" uspid="20333" ordinal="0" offset="138" sl="1189" sc="9" el="1189" ec="9" bec="0" bev="0" fileid="1" />
                <SequencePoint vc="18" uspid="20334" ordinal="0" offset="161" sl="1190" sc="9" el="1190" ec="9" bec="0" bev="0" fileid="1" />
                <SequencePoint vc="18" uspid="20335" ordinal="0" offset="184" sl="1191" sc="9" el="1191" ec="9" bec="0" bev="0" fileid="1" />
                <SequencePoint vc="18" uspid="20336" ordinal="0" offset="207" sl="1192" sc="9" el="1192" ec="9" bec="0" bev="0" fileid="1" />
                <SequencePoint vc="18" uspid="20337" ordinal="0" offset="230" sl="1193" sc="9" el="1193" ec="9" bec="0" bev="0" fileid="1" />
                <SequencePoint vc="18" uspid="20338" ordinal="0" offset="253" sl="1194" sc="9" el="1194" ec="9" bec="0" bev="0" fileid="1" />
                <SequencePoint vc="18" uspid="20339" ordinal="0" offset="276" sl="1195" sc="9" el="1195" ec="9" bec="0" bev="0" fileid="1" />
                <SequencePoint vc="18" uspid="20340" ordinal="0" offset="299" sl="1197" sc="9" el="1197" ec="9" bec="0" bev="0" fileid="1" />
                <SequencePoint vc="18" uspid="20341" ordinal="0" offset="322" sl="1198" sc="9" el="1198" ec="9" bec="0" bev="0" fileid="1" />
                <SequencePoint vc="18" uspid="20342" ordinal="0" offset="345" sl="1199" sc="9" el="1199" ec="9" bec="0" bev="0" fileid="1" />
                <SequencePoint vc="18" uspid="20343" ordinal="0" offset="368" sl="1200" sc="9" el="1200" ec="9" bec="0" bev="0" fileid="1" />
                <SequencePoint vc="18" uspid="20344" ordinal="0" offset="391" sl="1201" sc="9" el="1201" ec="9" bec="0" bev="0" fileid="1" />
                <SequencePoint vc="18" uspid="20345" ordinal="0" offset="414" sl="1202" sc="9" el="1202" ec="9" bec="0" bev="0" fileid="1" />
                <SequencePoint vc="18" uspid="20346" ordinal="0" offset="437" sl="1203" sc="9" el="1203" ec="9" bec="0" bev="0" fileid="1" />
                <SequencePoint vc="18" uspid="20347" ordinal="0" offset="460" sl="1204" sc="9" el="1204" ec="9" bec="0" bev="0" fileid="1" />
                <SequencePoint vc="18" uspid="20348" ordinal="0" offset="483" sl="1205" sc="9" el="1205" ec="9" bec="0" bev="0" fileid="1" />
                <SequencePoint vc="18" uspid="20349" ordinal="0" offset="506" sl="1206" sc="9" el="1206" ec="9" bec="0" bev="0" fileid="1" />
                <SequencePoint vc="18" uspid="20350" ordinal="0" offset="529" sl="1207" sc="9" el="1207" ec="9" bec="0" bev="0" fileid="1" />
                <SequencePoint vc="18" uspid="20351" ordinal="0" offset="552" sl="1209" sc="9" el="1209" ec="9" bec="0" bev="0" fileid="1" />
                <SequencePoint vc="18" uspid="20352" ordinal="0" offset="575" sl="1210" sc="9" el="1210" ec="9" bec="0" bev="0" fileid="1" />
                <SequencePoint vc="18" uspid="20353" ordinal="0" offset="598" sl="1211" sc="5" el="1211" ec="5" bec="0" bev="0" fileid="1" />
              </SequencePoints>
              <BranchPoints />
            </Method>
          </Methods>
        </Class>
        <Class>
          <Summary numSequencePoints="13" visitedSequencePoints="13" numBranchPoints="0" visitedBranchPoints="0" sequenceCoverage="100.0" branchCoverage="0.0" maxCyclomaticComplexity="0" minCyclomaticComplexity="0" maxCrapScore="0" minCrapScore="0" visitedClasses="1" numClasses="1" visitedMethods="7" numMethods="7" />
          <FullName>InputActions/PlayerActions</FullName>
          <Methods>
            <Method visited="true" cyclomaticComplexity="0" nPathComplexity="0" sequenceCoverage="100.0" branchCoverage="0" crapScore="0" isConstructor="false" isStatic="false" isGetter="true" isSetter="false">
              <Summary numSequencePoints="1" visitedSequencePoints="1" numBranchPoints="0" visitedBranchPoints="0" sequenceCoverage="100.0" branchCoverage="0" maxCyclomaticComplexity="0" minCyclomaticComplexity="0" maxCrapScore="0" minCrapScore="0" visitedClasses="0" numClasses="0" visitedMethods="1" numMethods="1" />
              <MetadataToken>100663325</MetadataToken>
              <Name>UnityEngine.InputSystem.InputAction InputActions/PlayerActions::get_Interact()</Name>
              <FileRef uid="1" />
              <SequencePoints>
                <SequencePoint vc="6" uspid="20356" ordinal="0" offset="0" sl="1323" sc="41" el="1323" ec="41" bec="0" bev="0" fileid="1" />
              </SequencePoints>
              <BranchPoints />
            </Method>
            <Method visited="true" cyclomaticComplexity="0" nPathComplexity="0" sequenceCoverage="100.0" branchCoverage="0" crapScore="0" isConstructor="false" isStatic="false" isGetter="true" isSetter="false">
              <Summary numSequencePoints="1" visitedSequencePoints="1" numBranchPoints="0" visitedBranchPoints="0" sequenceCoverage="100.0" branchCoverage="0" maxCyclomaticComplexity="0" minCyclomaticComplexity="0" maxCrapScore="0" minCrapScore="0" visitedClasses="0" numClasses="0" visitedMethods="1" numMethods="1" />
              <MetadataToken>100663326</MetadataToken>
              <Name>UnityEngine.InputSystem.InputAction InputActions/PlayerActions::get_Crouch()</Name>
              <FileRef uid="1" />
              <SequencePoints>
                <SequencePoint vc="6" uspid="20357" ordinal="0" offset="0" sl="1327" sc="39" el="1327" ec="39" bec="0" bev="0" fileid="1" />
              </SequencePoints>
              <BranchPoints />
            </Method>
            <Method visited="true" cyclomaticComplexity="0" nPathComplexity="0" sequenceCoverage="100.0" branchCoverage="0" crapScore="0" isConstructor="false" isStatic="false" isGetter="true" isSetter="false">
              <Summary numSequencePoints="1" visitedSequencePoints="1" numBranchPoints="0" visitedBranchPoints="0" sequenceCoverage="100.0" branchCoverage="0" maxCyclomaticComplexity="0" minCyclomaticComplexity="0" maxCrapScore="0" minCrapScore="0" visitedClasses="0" numClasses="0" visitedMethods="1" numMethods="1" />
              <MetadataToken>100663327</MetadataToken>
              <Name>UnityEngine.InputSystem.InputAction InputActions/PlayerActions::get_Jump()</Name>
              <FileRef uid="1" />
              <SequencePoints>
                <SequencePoint vc="6" uspid="20358" ordinal="0" offset="0" sl="1331" sc="37" el="1331" ec="37" bec="0" bev="0" fileid="1" />
              </SequencePoints>
              <BranchPoints />
            </Method>
            <Method visited="true" cyclomaticComplexity="0" nPathComplexity="0" sequenceCoverage="100.0" branchCoverage="0" crapScore="0" isConstructor="false" isStatic="false" isGetter="true" isSetter="false">
              <Summary numSequencePoints="1" visitedSequencePoints="1" numBranchPoints="0" visitedBranchPoints="0" sequenceCoverage="100.0" branchCoverage="0" maxCyclomaticComplexity="0" minCyclomaticComplexity="0" maxCrapScore="0" minCrapScore="0" visitedClasses="0" numClasses="0" visitedMethods="1" numMethods="1" />
              <MetadataToken>100663330</MetadataToken>
              <Name>UnityEngine.InputSystem.InputAction InputActions/PlayerActions::get_Sprint()</Name>
              <FileRef uid="1" />
              <SequencePoints>
                <SequencePoint vc="12" uspid="20361" ordinal="0" offset="0" sl="1343" sc="39" el="1343" ec="39" bec="0" bev="0" fileid="1" />
              </SequencePoints>
              <BranchPoints />
            </Method>
            <Method visited="true" cyclomaticComplexity="0" nPathComplexity="0" sequenceCoverage="100.0" branchCoverage="0" crapScore="0" isConstructor="false" isStatic="false" isGetter="false" isSetter="false">
              <Summary numSequencePoints="3" visitedSequencePoints="3" numBranchPoints="0" visitedBranchPoints="0" sequenceCoverage="100.0" branchCoverage="0" maxCyclomaticComplexity="0" minCyclomaticComplexity="0" maxCrapScore="0" minCrapScore="0" visitedClasses="0" numClasses="0" visitedMethods="1" numMethods="1" />
              <MetadataToken>100663331</MetadataToken>
              <Name>UnityEngine.InputSystem.InputActionMap InputActions/PlayerActions::Get()</Name>
              <FileRef uid="1" />
              <SequencePoints>
                <SequencePoint vc="1" uspid="20362" ordinal="0" offset="0" sl="1347" sc="37" el="1347" ec="37" bec="0" bev="0" fileid="1" />
                <SequencePoint vc="1" uspid="20363" ordinal="0" offset="1" sl="1347" sc="39" el="1347" ec="39" bec="0" bev="0" fileid="1" />
                <SequencePoint vc="1" uspid="20364" ordinal="0" offset="15" sl="1347" sc="66" el="1347" ec="66" bec="0" bev="0" fileid="1" />
              </SequencePoints>
              <BranchPoints />
            </Method>
            <Method visited="true" cyclomaticComplexity="0" nPathComplexity="0" sequenceCoverage="100.0" branchCoverage="0" crapScore="0" isConstructor="false" isStatic="false" isGetter="false" isSetter="false">
              <Summary numSequencePoints="3" visitedSequencePoints="3" numBranchPoints="0" visitedBranchPoints="0" sequenceCoverage="100.0" branchCoverage="0" maxCyclomaticComplexity="0" minCyclomaticComplexity="0" maxCrapScore="0" minCrapScore="0" visitedClasses="0" numClasses="0" visitedMethods="1" numMethods="1" />
              <MetadataToken>100663333</MetadataToken>
              <Name>System.Void InputActions/PlayerActions::Disable()</Name>
              <FileRef uid="1" />
              <SequencePoints>
                <SequencePoint vc="1" uspid="20368" ordinal="0" offset="0" sl="1351" sc="31" el="1351" ec="31" bec="0" bev="0" fileid="1" />
                <SequencePoint vc="1" uspid="20369" ordinal="0" offset="1" sl="1351" sc="33" el="1351" ec="33" bec="0" bev="0" fileid="1" />
                <SequencePoint vc="1" uspid="20370" ordinal="0" offset="13" sl="1351" sc="50" el="1351" ec="50" bec="0" bev="0" fileid="1" />
              </SequencePoints>
              <BranchPoints />
            </Method>
            <Method visited="true" cyclomaticComplexity="0" nPathComplexity="0" sequenceCoverage="100.0" branchCoverage="0" crapScore="0" isConstructor="true" isStatic="false" isGetter="false" isSetter="false">
              <Summary numSequencePoints="3" visitedSequencePoints="3" numBranchPoints="0" visitedBranchPoints="0" sequenceCoverage="100.0" branchCoverage="0" maxCyclomaticComplexity="0" minCyclomaticComplexity="0" maxCrapScore="0" minCrapScore="0" visitedClasses="0" numClasses="0" visitedMethods="1" numMethods="1" />
              <MetadataToken>100663322</MetadataToken>
              <Name>InputActions/PlayerActions::PlayerActions(InputActions)</Name>
              <FileRef uid="1" />
              <SequencePoints>
                <SequencePoint vc="31" uspid="20443" ordinal="0" offset="0" sl="1311" sc="53" el="1311" ec="53" bec="0" bev="0" fileid="1" />
                <SequencePoint vc="31" uspid="20444" ordinal="0" offset="1" sl="1311" sc="55" el="1311" ec="55" bec="0" bev="0" fileid="1" />
                <SequencePoint vc="31" uspid="20445" ordinal="0" offset="8" sl="1311" sc="76" el="1311" ec="76" bec="0" bev="0" fileid="1" />
              </SequencePoints>
              <BranchPoints />
            </Method>
          </Methods>
        </Class>
        <Class>
          <Summary numSequencePoints="9" visitedSequencePoints="9" numBranchPoints="0" visitedBranchPoints="0" sequenceCoverage="100.0" branchCoverage="0.0" maxCyclomaticComplexity="0" minCyclomaticComplexity="0" maxCrapScore="0" minCrapScore="0" visitedClasses="1" numClasses="1" visitedMethods="3" numMethods="3" />
          <FullName>InputActions/UIActions</FullName>
          <Methods>
            <Method visited="true" cyclomaticComplexity="0" nPathComplexity="0" sequenceCoverage="100.0" branchCoverage="0" crapScore="0" isConstructor="false" isStatic="false" isGetter="false" isSetter="false">
              <Summary numSequencePoints="3" visitedSequencePoints="3" numBranchPoints="0" visitedBranchPoints="0" sequenceCoverage="100.0" branchCoverage="0" maxCyclomaticComplexity="0" minCyclomaticComplexity="0" maxCrapScore="0" minCrapScore="0" visitedClasses="0" numClasses="0" visitedMethods="1" numMethods="1" />
              <MetadataToken>100663351</MetadataToken>
              <Name>UnityEngine.InputSystem.InputActionMap InputActions/UIActions::Get()</Name>
              <FileRef uid="1" />
              <SequencePoints>
                <SequencePoint vc="14" uspid="20456" ordinal="0" offset="0" sl="1530" sc="37" el="1530" ec="37" bec="0" bev="0" fileid="1" />
                <SequencePoint vc="14" uspid="20457" ordinal="0" offset="1" sl="1530" sc="39" el="1530" ec="39" bec="0" bev="0" fileid="1" />
                <SequencePoint vc="14" uspid="20458" ordinal="0" offset="15" sl="1530" sc="62" el="1530" ec="62" bec="0" bev="0" fileid="1" />
              </SequencePoints>
              <BranchPoints />
            </Method>
            <Method visited="true" cyclomaticComplexity="0" nPathComplexity="0" sequenceCoverage="100.0" branchCoverage="0" crapScore="0" isConstructor="false" isStatic="false" isGetter="false" isSetter="false">
              <Summary numSequencePoints="3" visitedSequencePoints="3" numBranchPoints="0" visitedBranchPoints="0" sequenceCoverage="100.0" branchCoverage="0" maxCyclomaticComplexity="0" minCyclomaticComplexity="0" maxCrapScore="0" minCrapScore="0" visitedClasses="0" numClasses="0" visitedMethods="1" numMethods="1" />
              <MetadataToken>100663353</MetadataToken>
              <Name>System.Void InputActions/UIActions::Disable()</Name>
              <FileRef uid="1" />
              <SequencePoints>
                <SequencePoint vc="14" uspid="20462" ordinal="0" offset="0" sl="1534" sc="31" el="1534" ec="31" bec="0" bev="0" fileid="1" />
                <SequencePoint vc="14" uspid="20463" ordinal="0" offset="1" sl="1534" sc="33" el="1534" ec="33" bec="0" bev="0" fileid="1" />
                <SequencePoint vc="14" uspid="20464" ordinal="0" offset="13" sl="1534" sc="50" el="1534" ec="50" bec="0" bev="0" fileid="1" />
              </SequencePoints>
              <BranchPoints />
            </Method>
            <Method visited="true" cyclomaticComplexity="0" nPathComplexity="0" sequenceCoverage="100.0" branchCoverage="0" crapScore="0" isConstructor="true" isStatic="false" isGetter="false" isSetter="false">
              <Summary numSequencePoints="3" visitedSequencePoints="3" numBranchPoints="0" visitedBranchPoints="0" sequenceCoverage="100.0" branchCoverage="0" maxCyclomaticComplexity="0" minCyclomaticComplexity="0" maxCrapScore="0" minCrapScore="0" visitedClasses="0" numClasses="0" visitedMethods="1" numMethods="1" />
              <MetadataToken>100663340</MetadataToken>
              <Name>InputActions/UIActions::UIActions(InputActions)</Name>
              <FileRef uid="1" />
              <SequencePoints>
                <SequencePoint vc="14" uspid="20549" ordinal="0" offset="0" sl="1486" sc="49" el="1486" ec="49" bec="0" bev="0" fileid="1" />
                <SequencePoint vc="14" uspid="20550" ordinal="0" offset="1" sl="1486" sc="51" el="1486" ec="51" bec="0" bev="0" fileid="1" />
                <SequencePoint vc="14" uspid="20551" ordinal="0" offset="8" sl="1486" sc="72" el="1486" ec="72" bec="0" bev="0" fileid="1" />
              </SequencePoints>
              <BranchPoints />
            </Method>
          </Methods>
        </Class>
        <Class>
          <Summary numSequencePoints="13" visitedSequencePoints="13" numBranchPoints="0" visitedBranchPoints="0" sequenceCoverage="100.0" branchCoverage="0.0" maxCyclomaticComplexity="0" minCyclomaticComplexity="0" maxCrapScore="0" minCrapScore="0" visitedClasses="1" numClasses="1" visitedMethods="5" numMethods="5" />
          <FullName>InputActions/SystemActions</FullName>
          <Methods>
            <Method visited="true" cyclomaticComplexity="0" nPathComplexity="0" sequenceCoverage="100.0" branchCoverage="0" crapScore="0" isConstructor="false" isStatic="false" isGetter="true" isSetter="false">
              <Summary numSequencePoints="1" visitedSequencePoints="1" numBranchPoints="0" visitedBranchPoints="0" sequenceCoverage="100.0" branchCoverage="0" maxCyclomaticComplexity="0" minCyclomaticComplexity="0" maxCrapScore="0" minCrapScore="0" visitedClasses="0" numClasses="0" visitedMethods="1" numMethods="1" />
              <MetadataToken>100663361</MetadataToken>
              <Name>UnityEngine.InputSystem.InputAction InputActions/SystemActions::get_Pause()</Name>
              <FileRef uid="1" />
              <SequencePoints>
                <SequencePoint vc="16" uspid="20552" ordinal="0" offset="0" sl="1676" sc="38" el="1676" ec="38" bec="0" bev="0" fileid="1" />
              </SequencePoints>
              <BranchPoints />
            </Method>
            <Method visited="true" cyclomaticComplexity="0" nPathComplexity="0" sequenceCoverage="100.0" branchCoverage="0" crapScore="0" isConstructor="false" isStatic="false" isGetter="false" isSetter="false">
              <Summary numSequencePoints="3" visitedSequencePoints="3" numBranchPoints="0" visitedBranchPoints="0" sequenceCoverage="100.0" branchCoverage="0" maxCyclomaticComplexity="0" minCyclomaticComplexity="0" maxCrapScore="0" minCrapScore="0" visitedClasses="0" numClasses="0" visitedMethods="1" numMethods="1" />
              <MetadataToken>100663362</MetadataToken>
              <Name>UnityEngine.InputSystem.InputActionMap InputActions/SystemActions::Get()</Name>
              <FileRef uid="1" />
              <SequencePoints>
                <SequencePoint vc="16" uspid="20553" ordinal="0" offset="0" sl="1680" sc="37" el="1680" ec="37" bec="0" bev="0" fileid="1" />
                <SequencePoint vc="16" uspid="20554" ordinal="0" offset="1" sl="1680" sc="39" el="1680" ec="39" bec="0" bev="0" fileid="1" />
                <SequencePoint vc="16" uspid="20555" ordinal="0" offset="15" sl="1680" sc="66" el="1680" ec="66" bec="0" bev="0" fileid="1" />
              </SequencePoints>
              <BranchPoints />
            </Method>
            <Method visited="true" cyclomaticComplexity="0" nPathComplexity="0" sequenceCoverage="100.0" branchCoverage="0" crapScore="0" isConstructor="false" isStatic="false" isGetter="false" isSetter="false">
              <Summary numSequencePoints="3" visitedSequencePoints="3" numBranchPoints="0" visitedBranchPoints="0" sequenceCoverage="100.0" branchCoverage="0" maxCyclomaticComplexity="0" minCyclomaticComplexity="0" maxCrapScore="0" minCrapScore="0" visitedClasses="0" numClasses="0" visitedMethods="1" numMethods="1" />
              <MetadataToken>100663363</MetadataToken>
              <Name>System.Void InputActions/SystemActions::Enable()</Name>
              <FileRef uid="1" />
              <SequencePoints>
                <SequencePoint vc="9" uspid="20556" ordinal="0" offset="0" sl="1682" sc="30" el="1682" ec="30" bec="0" bev="0" fileid="1" />
                <SequencePoint vc="9" uspid="20557" ordinal="0" offset="1" sl="1682" sc="32" el="1682" ec="32" bec="0" bev="0" fileid="1" />
                <SequencePoint vc="9" uspid="20558" ordinal="0" offset="13" sl="1682" sc="48" el="1682" ec="48" bec="0" bev="0" fileid="1" />
              </SequencePoints>
              <BranchPoints />
            </Method>
            <Method visited="true" cyclomaticComplexity="0" nPathComplexity="0" sequenceCoverage="100.0" branchCoverage="0" crapScore="0" isConstructor="false" isStatic="false" isGetter="false" isSetter="false">
              <Summary numSequencePoints="3" visitedSequencePoints="3" numBranchPoints="0" visitedBranchPoints="0" sequenceCoverage="100.0" branchCoverage="0" maxCyclomaticComplexity="0" minCyclomaticComplexity="0" maxCrapScore="0" minCrapScore="0" visitedClasses="0" numClasses="0" visitedMethods="1" numMethods="1" />
              <MetadataToken>100663364</MetadataToken>
              <Name>System.Void InputActions/SystemActions::Disable()</Name>
              <FileRef uid="1" />
              <SequencePoints>
                <SequencePoint vc="7" uspid="20559" ordinal="0" offset="0" sl="1684" sc="31" el="1684" ec="31" bec="0" bev="0" fileid="1" />
                <SequencePoint vc="7" uspid="20560" ordinal="0" offset="1" sl="1684" sc="33" el="1684" ec="33" bec="0" bev="0" fileid="1" />
                <SequencePoint vc="7" uspid="20561" ordinal="0" offset="13" sl="1684" sc="50" el="1684" ec="50" bec="0" bev="0" fileid="1" />
              </SequencePoints>
              <BranchPoints />
            </Method>
            <Method visited="true" cyclomaticComplexity="0" nPathComplexity="0" sequenceCoverage="100.0" branchCoverage="0" crapScore="0" isConstructor="true" isStatic="false" isGetter="false" isSetter="false">
              <Summary numSequencePoints="3" visitedSequencePoints="3" numBranchPoints="0" visitedBranchPoints="0" sequenceCoverage="100.0" branchCoverage="0" maxCyclomaticComplexity="0" minCyclomaticComplexity="0" maxCrapScore="0" minCrapScore="0" visitedClasses="0" numClasses="0" visitedMethods="1" numMethods="1" />
              <MetadataToken>100663360</MetadataToken>
              <Name>InputActions/SystemActions::SystemActions(InputActions)</Name>
              <FileRef uid="1" />
              <SequencePoints>
                <SequencePoint vc="32" uspid="20592" ordinal="0" offset="0" sl="1672" sc="53" el="1672" ec="53" bec="0" bev="0" fileid="1" />
                <SequencePoint vc="32" uspid="20593" ordinal="0" offset="1" sl="1672" sc="55" el="1672" ec="55" bec="0" bev="0" fileid="1" />
                <SequencePoint vc="32" uspid="20594" ordinal="0" offset="8" sl="1672" sc="76" el="1672" ec="76" bec="0" bev="0" fileid="1" />
              </SequencePoints>
              <BranchPoints />
            </Method>
          </Methods>
        </Class>
        <Class>
          <Summary numSequencePoints="18" visitedSequencePoints="15" numBranchPoints="0" visitedBranchPoints="0" sequenceCoverage="83.33" branchCoverage="0.0" maxCyclomaticComplexity="0" minCyclomaticComplexity="0" maxCrapScore="0" minCrapScore="0" visitedClasses="1" numClasses="1" visitedMethods="3" numMethods="3" />
          <FullName>AnimatedToggle</FullName>
          <Methods>
            <Method visited="true" cyclomaticComplexity="0" nPathComplexity="0" sequenceCoverage="66.67" branchCoverage="0" crapScore="0" isConstructor="false" isStatic="false" isGetter="false" isSetter="false">
              <Summary numSequencePoints="9" visitedSequencePoints="6" numBranchPoints="0" visitedBranchPoints="0" sequenceCoverage="66.67" branchCoverage="0" maxCyclomaticComplexity="0" minCyclomaticComplexity="0" maxCrapScore="0" minCrapScore="0" visitedClasses="0" numClasses="0" visitedMethods="1" numMethods="1" />
              <MetadataToken>100663396</MetadataToken>
              <Name>System.Void AnimatedToggle::SetValue(System.Boolean, System.Boolean)</Name>
              <FileRef uid="2" />
              <SequencePoints>
                <SequencePoint vc="12" uspid="20611" ordinal="0" offset="0" sl="58" sc="5" el="58" ec="5" bec="0" bev="0" fileid="2" />
                <SequencePoint vc="12" uspid="20612" ordinal="0" offset="1" sl="59" sc="9" el="59" ec="9" bec="0" bev="0" fileid="2" />
                <SequencePoint vc="12" uspid="20613" ordinal="0" offset="14" sl="60" sc="9" el="60" ec="9" bec="0" bev="0" fileid="2" />
                <SequencePoint vc="12" uspid="20614" ordinal="0" offset="21" sl="61" sc="9" el="61" ec="9" bec="0" bev="0" fileid="2" />
                <SequencePoint vc="12" uspid="20615" ordinal="0" offset="28" sl="63" sc="9" el="63" ec="9" bec="0" bev="0" fileid="2" />
                <SequencePoint vc="0" uspid="20616" ordinal="0" offset="35" sl="64" sc="9" el="64" ec="9" bec="0" bev="0" fileid="2" />
                <SequencePoint vc="0" uspid="20617" ordinal="0" offset="36" sl="65" sc="13" el="65" ec="13" bec="0" bev="0" fileid="2" />
                <SequencePoint vc="0" uspid="20618" ordinal="0" offset="54" sl="66" sc="9" el="66" ec="9" bec="0" bev="0" fileid="2" />
                <SequencePoint vc="12" uspid="20619" ordinal="0" offset="55" sl="67" sc="5" el="67" ec="5" bec="0" bev="0" fileid="2" />
              </SequencePoints>
              <BranchPoints />
            </Method>
            <Method visited="true" cyclomaticComplexity="0" nPathComplexity="0" sequenceCoverage="100.0" branchCoverage="0" crapScore="0" isConstructor="false" isStatic="false" isGetter="false" isSetter="false">
              <Summary numSequencePoints="5" visitedSequencePoints="5" numBranchPoints="0" visitedBranchPoints="0" sequenceCoverage="100.0" branchCoverage="0" maxCyclomaticComplexity="0" minCyclomaticComplexity="0" maxCrapScore="0" minCrapScore="0" visitedClasses="0" numClasses="0" visitedMethods="1" numMethods="1" />
              <MetadataToken>100663397</MetadataToken>
              <Name>System.Void AnimatedToggle::ApplyPos()</Name>
              <FileRef uid="2" />
              <SequencePoints>
                <SequencePoint vc="12" uspid="20620" ordinal="0" offset="0" sl="71" sc="5" el="71" ec="5" bec="0" bev="0" fileid="2" />
                <SequencePoint vc="12" uspid="20621" ordinal="0" offset="1" sl="72" sc="9" el="72" ec="9" bec="0" bev="0" fileid="2" />
                <SequencePoint vc="12" uspid="20622" ordinal="0" offset="13" sl="73" sc="9" el="73" ec="9" bec="0" bev="0" fileid="2" />
                <SequencePoint vc="12" uspid="20623" ordinal="0" offset="42" sl="74" sc="9" el="74" ec="9" bec="0" bev="0" fileid="2" />
                <SequencePoint vc="12" uspid="20624" ordinal="0" offset="55" sl="75" sc="5" el="75" ec="5" bec="0" bev="0" fileid="2" />
              </SequencePoints>
              <BranchPoints />
            </Method>
            <Method visited="true" cyclomaticComplexity="0" nPathComplexity="0" sequenceCoverage="100.0" branchCoverage="0" crapScore="0" isConstructor="true" isStatic="false" isGetter="false" isSetter="false">
              <Summary numSequencePoints="4" visitedSequencePoints="4" numBranchPoints="0" visitedBranchPoints="0" sequenceCoverage="100.0" branchCoverage="0" maxCyclomaticComplexity="0" minCyclomaticComplexity="0" maxCrapScore="0" minCrapScore="0" visitedClasses="0" numClasses="0" visitedMethods="1" numMethods="1" />
              <MetadataToken>100663399</MetadataToken>
              <Name>AnimatedToggle::AnimatedToggle()</Name>
              <FileRef uid="2" />
              <SequencePoints>
                <SequencePoint vc="28" uspid="20631" ordinal="0" offset="0" sl="19" sc="5" el="19" ec="5" bec="0" bev="0" fileid="2" />
                <SequencePoint vc="28" uspid="20632" ordinal="0" offset="11" sl="20" sc="5" el="20" ec="5" bec="0" bev="0" fileid="2" />
                <SequencePoint vc="28" uspid="20633" ordinal="0" offset="22" sl="23" sc="5" el="23" ec="5" bec="0" bev="0" fileid="2" />
                <SequencePoint vc="28" uspid="20634" ordinal="0" offset="33" sl="24" sc="5" el="24" ec="5" bec="0" bev="0" fileid="2" />
              </SequencePoints>
              <BranchPoints />
            </Method>
          </Methods>
        </Class>
        <Class>
          <Summary numSequencePoints="35" visitedSequencePoints="30" numBranchPoints="0" visitedBranchPoints="0" sequenceCoverage="85.71" branchCoverage="0.0" maxCyclomaticComplexity="0" minCyclomaticComplexity="0" maxCrapScore="0" minCrapScore="0" visitedClasses="1" numClasses="1" visitedMethods="7" numMethods="7" />
          <FullName>AudioManager</FullName>
          <Methods>
            <Method visited="true" cyclomaticComplexity="0" nPathComplexity="0" sequenceCoverage="100.0" branchCoverage="0" crapScore="0" isConstructor="false" isStatic="true" isGetter="true" isSetter="false">
              <Summary numSequencePoints="1" visitedSequencePoints="1" numBranchPoints="0" visitedBranchPoints="0" sequenceCoverage="100.0" branchCoverage="0" maxCyclomaticComplexity="0" minCyclomaticComplexity="0" maxCrapScore="0" minCrapScore="0" visitedClasses="0" numClasses="0" visitedMethods="1" numMethods="1" />
              <MetadataToken>100663400</MetadataToken>
              <Name>static AudioManager AudioManager::get_Instance()</Name>
              <FileRef uid="3" />
              <SequencePoints>
                <SequencePoint vc="39" uspid="20635" ordinal="0" offset="0" sl="9" sc="43" el="9" ec="43" bec="0" bev="0" fileid="3" />
              </SequencePoints>
              <BranchPoints />
            </Method>
            <Method visited="true" cyclomaticComplexity="0" nPathComplexity="0" sequenceCoverage="100.0" branchCoverage="0" crapScore="0" isConstructor="false" isStatic="true" isGetter="false" isSetter="true">
              <Summary numSequencePoints="1" visitedSequencePoints="1" numBranchPoints="0" visitedBranchPoints="0" sequenceCoverage="100.0" branchCoverage="0" maxCyclomaticComplexity="0" minCyclomaticComplexity="0" maxCrapScore="0" minCrapScore="0" visitedClasses="0" numClasses="0" visitedMethods="1" numMethods="1" />
              <MetadataToken>100663401</MetadataToken>
              <Name>static System.Void AudioManager::set_Instance(AudioManager)</Name>
              <FileRef uid="3" />
              <SequencePoints>
                <SequencePoint vc="19" uspid="20636" ordinal="0" offset="0" sl="9" sc="48" el="9" ec="48" bec="0" bev="0" fileid="3" />
              </SequencePoints>
              <BranchPoints />
            </Method>
            <Method visited="true" cyclomaticComplexity="0" nPathComplexity="0" sequenceCoverage="66.67" branchCoverage="0" crapScore="0" isConstructor="false" isStatic="false" isGetter="false" isSetter="false">
              <Summary numSequencePoints="9" visitedSequencePoints="6" numBranchPoints="0" visitedBranchPoints="0" sequenceCoverage="66.67" branchCoverage="0" maxCyclomaticComplexity="0" minCyclomaticComplexity="0" maxCrapScore="0" minCrapScore="0" visitedClasses="0" numClasses="0" visitedMethods="1" numMethods="1" />
              <MetadataToken>100663402</MetadataToken>
              <Name>System.Void AudioManager::Awake()</Name>
              <FileRef uid="3" />
              <SequencePoints>
                <SequencePoint vc="12" uspid="20637" ordinal="0" offset="0" sl="16" sc="5" el="16" ec="5" bec="0" bev="0" fileid="3" />
                <SequencePoint vc="12" uspid="20638" ordinal="0" offset="1" sl="17" sc="9" el="17" ec="9" bec="0" bev="0" fileid="3" />
                <SequencePoint vc="0" uspid="20639" ordinal="0" offset="32" sl="18" sc="9" el="18" ec="9" bec="0" bev="0" fileid="3" />
                <SequencePoint vc="0" uspid="20640" ordinal="0" offset="33" sl="19" sc="13" el="19" ec="13" bec="0" bev="0" fileid="3" />
                <SequencePoint vc="0" uspid="20641" ordinal="0" offset="45" sl="20" sc="13" el="20" ec="13" bec="0" bev="0" fileid="3" />
                <SequencePoint vc="12" uspid="20642" ordinal="0" offset="47" sl="23" sc="9" el="23" ec="9" bec="0" bev="0" fileid="3" />
                <SequencePoint vc="12" uspid="20643" ordinal="0" offset="67" sl="24" sc="9" el="24" ec="9" bec="0" bev="0" fileid="3" />
                <SequencePoint vc="12" uspid="20644" ordinal="0" offset="74" sl="25" sc="9" el="25" ec="9" bec="0" bev="0" fileid="3" />
                <SequencePoint vc="12" uspid="20645" ordinal="0" offset="86" sl="26" sc="5" el="26" ec="5" bec="0" bev="0" fileid="3" />
              </SequencePoints>
              <BranchPoints />
            </Method>
            <Method visited="true" cyclomaticComplexity="0" nPathComplexity="0" sequenceCoverage="100.0" branchCoverage="0" crapScore="0" isConstructor="false" isStatic="false" isGetter="false" isSetter="false">
              <Summary numSequencePoints="6" visitedSequencePoints="6" numBranchPoints="0" visitedBranchPoints="0" sequenceCoverage="100.0" branchCoverage="0" maxCyclomaticComplexity="0" minCyclomaticComplexity="0" maxCrapScore="0" minCrapScore="0" visitedClasses="0" numClasses="0" visitedMethods="1" numMethods="1" />
              <MetadataToken>100663403</MetadataToken>
              <Name>System.Void AudioManager::OnDestroy()</Name>
              <FileRef uid="3" />
              <SequencePoints>
                <SequencePoint vc="7" uspid="20646" ordinal="0" offset="0" sl="30" sc="5" el="30" ec="5" bec="0" bev="0" fileid="3" />
                <SequencePoint vc="7" uspid="20647" ordinal="0" offset="1" sl="31" sc="9" el="31" ec="9" bec="0" bev="0" fileid="3" />
                <SequencePoint vc="7" uspid="20648" ordinal="0" offset="16" sl="32" sc="9" el="32" ec="9" bec="0" bev="0" fileid="3" />
                <SequencePoint vc="7" uspid="20649" ordinal="0" offset="17" sl="33" sc="13" el="33" ec="13" bec="0" bev="0" fileid="3" />
                <SequencePoint vc="7" uspid="20650" ordinal="0" offset="24" sl="34" sc="9" el="34" ec="9" bec="0" bev="0" fileid="3" />
                <SequencePoint vc="7" uspid="20651" ordinal="0" offset="25" sl="35" sc="5" el="35" ec="5" bec="0" bev="0" fileid="3" />
              </SequencePoints>
              <BranchPoints />
            </Method>
            <Method visited="true" cyclomaticComplexity="0" nPathComplexity="0" sequenceCoverage="100.0" branchCoverage="0" crapScore="0" isConstructor="false" isStatic="true" isGetter="false" isSetter="false">
              <Summary numSequencePoints="6" visitedSequencePoints="6" numBranchPoints="0" visitedBranchPoints="0" sequenceCoverage="100.0" branchCoverage="0" maxCyclomaticComplexity="0" minCyclomaticComplexity="0" maxCrapScore="0" minCrapScore="0" visitedClasses="0" numClasses="0" visitedMethods="1" numMethods="1" />
              <MetadataToken>100663404</MetadataToken>
              <Name>static System.Void AudioManager::PlayHover()</Name>
              <FileRef uid="3" />
              <SequencePoints>
                <SequencePoint vc="6" uspid="20652" ordinal="0" offset="0" sl="39" sc="5" el="39" ec="5" bec="0" bev="0" fileid="3" />
                <SequencePoint vc="6" uspid="20653" ordinal="0" offset="1" sl="40" sc="9" el="40" ec="9" bec="0" bev="0" fileid="3" />
                <SequencePoint vc="3" uspid="20654" ordinal="0" offset="16" sl="41" sc="9" el="41" ec="9" bec="0" bev="0" fileid="3" />
                <SequencePoint vc="3" uspid="20655" ordinal="0" offset="17" sl="42" sc="13" el="42" ec="13" bec="0" bev="0" fileid="3" />
                <SequencePoint vc="3" uspid="20656" ordinal="0" offset="28" sl="45" sc="9" el="45" ec="9" bec="0" bev="0" fileid="3" />
                <SequencePoint vc="3" uspid="20657" ordinal="0" offset="54" sl="46" sc="5" el="46" ec="5" bec="0" bev="0" fileid="3" />
              </SequencePoints>
              <BranchPoints />
            </Method>
            <Method visited="true" cyclomaticComplexity="0" nPathComplexity="0" sequenceCoverage="100.0" branchCoverage="0" crapScore="0" isConstructor="false" isStatic="true" isGetter="false" isSetter="false">
              <Summary numSequencePoints="6" visitedSequencePoints="6" numBranchPoints="0" visitedBranchPoints="0" sequenceCoverage="100.0" branchCoverage="0" maxCyclomaticComplexity="0" minCyclomaticComplexity="0" maxCrapScore="0" minCrapScore="0" visitedClasses="0" numClasses="0" visitedMethods="1" numMethods="1" />
              <MetadataToken>100663405</MetadataToken>
              <Name>static System.Void AudioManager::PlayClick()</Name>
              <FileRef uid="3" />
              <SequencePoints>
                <SequencePoint vc="2" uspid="20658" ordinal="0" offset="0" sl="50" sc="5" el="50" ec="5" bec="0" bev="0" fileid="3" />
                <SequencePoint vc="2" uspid="20659" ordinal="0" offset="1" sl="51" sc="9" el="51" ec="9" bec="0" bev="0" fileid="3" />
                <SequencePoint vc="1" uspid="20660" ordinal="0" offset="16" sl="52" sc="9" el="52" ec="9" bec="0" bev="0" fileid="3" />
                <SequencePoint vc="1" uspid="20661" ordinal="0" offset="17" sl="53" sc="13" el="53" ec="13" bec="0" bev="0" fileid="3" />
                <SequencePoint vc="1" uspid="20662" ordinal="0" offset="28" sl="56" sc="9" el="56" ec="9" bec="0" bev="0" fileid="3" />
                <SequencePoint vc="1" uspid="20663" ordinal="0" offset="54" sl="57" sc="5" el="57" ec="5" bec="0" bev="0" fileid="3" />
              </SequencePoints>
              <BranchPoints />
            </Method>
            <Method visited="true" cyclomaticComplexity="0" nPathComplexity="0" sequenceCoverage="66.67" branchCoverage="0" crapScore="0" isConstructor="false" isStatic="false" isGetter="false" isSetter="false">
              <Summary numSequencePoints="6" visitedSequencePoints="4" numBranchPoints="0" visitedBranchPoints="0" sequenceCoverage="66.67" branchCoverage="0" maxCyclomaticComplexity="0" minCyclomaticComplexity="0" maxCrapScore="0" minCrapScore="0" visitedClasses="0" numClasses="0" visitedMethods="1" numMethods="1" />
              <MetadataToken>100663406</MetadataToken>
              <Name>System.Void AudioManager::PlayOneShot(UnityEngine.AudioClip, System.Single)</Name>
              <FileRef uid="3" />
              <SequencePoints>
                <SequencePoint vc="4" uspid="20664" ordinal="0" offset="0" sl="61" sc="5" el="61" ec="5" bec="0" bev="0" fileid="3" />
                <SequencePoint vc="4" uspid="20665" ordinal="0" offset="1" sl="62" sc="9" el="62" ec="9" bec="0" bev="0" fileid="3" />
                <SequencePoint vc="0" uspid="20666" ordinal="0" offset="12" sl="63" sc="9" el="63" ec="9" bec="0" bev="0" fileid="3" />
                <SequencePoint vc="0" uspid="20667" ordinal="0" offset="13" sl="64" sc="13" el="64" ec="13" bec="0" bev="0" fileid="3" />
                <SequencePoint vc="4" uspid="20668" ordinal="0" offset="29" sl="67" sc="9" el="67" ec="9" bec="0" bev="0" fileid="3" />
                <SequencePoint vc="4" uspid="20669" ordinal="0" offset="43" sl="68" sc="5" el="68" ec="5" bec="0" bev="0" fileid="3" />
              </SequencePoints>
              <BranchPoints />
            </Method>
          </Methods>
        </Class>
        <Class>
          <Summary numSequencePoints="172" visitedSequencePoints="149" numBranchPoints="0" visitedBranchPoints="0" sequenceCoverage="86.63" branchCoverage="0.0" maxCyclomaticComplexity="0" minCyclomaticComplexity="0" maxCrapScore="0" minCrapScore="0" visitedClasses="1" numClasses="1" visitedMethods="15" numMethods="15" />
          <FullName>CharacterSelection</FullName>
          <Methods>
            <Method visited="true" cyclomaticComplexity="0" nPathComplexity="0" sequenceCoverage="83.33" branchCoverage="0" crapScore="0" isConstructor="false" isStatic="false" isGetter="false" isSetter="false">
              <Summary numSequencePoints="54" visitedSequencePoints="45" numBranchPoints="0" visitedBranchPoints="0" sequenceCoverage="83.33" branchCoverage="0" maxCyclomaticComplexity="0" minCyclomaticComplexity="0" maxCrapScore="0" minCrapScore="0" visitedClasses="0" numClasses="0" visitedMethods="1" numMethods="1" />
              <MetadataToken>100663414</MetadataToken>
              <Name>System.Void CharacterSelection::Start()</Name>
              <FileRef uid="5" />
              <SequencePoints>
                <SequencePoint vc="4" uspid="20705" ordinal="0" offset="0" sl="32" sc="5" el="32" ec="5" bec="0" bev="0" fileid="5" />
                <SequencePoint vc="4" uspid="20706" ordinal="0" offset="1" sl="33" sc="9" el="33" ec="9" bec="0" bev="0" fileid="5" />
                <SequencePoint vc="4" uspid="20707" ordinal="0" offset="8" sl="36" sc="9" el="36" ec="9" bec="0" bev="0" fileid="5" />
                <SequencePoint vc="0" uspid="20708" ordinal="0" offset="52" sl="37" sc="9" el="37" ec="9" bec="0" bev="0" fileid="5" />
                <SequencePoint vc="0" uspid="20709" ordinal="0" offset="53" sl="38" sc="13" el="38" ec="13" bec="0" bev="0" fileid="5" />
                <SequencePoint vc="0" uspid="20710" ordinal="0" offset="61" sl="39" sc="13" el="39" ec="13" bec="0" bev="0" fileid="5" />
                <SequencePoint vc="4" uspid="20711" ordinal="0" offset="66" sl="42" sc="9" el="42" ec="9" bec="0" bev="0" fileid="5" />
                <SequencePoint vc="4" uspid="20712" ordinal="0" offset="73" sl="43" sc="9" el="43" ec="9" bec="0" bev="0" fileid="5" />
                <SequencePoint vc="4" uspid="20713" ordinal="0" offset="79" sl="45" sc="14" el="45" ec="14" bec="0" bev="0" fileid="5" />
                <SequencePoint vc="24" uspid="20714" ordinal="0" offset="84" sl="46" sc="9" el="46" ec="9" bec="0" bev="0" fileid="5" />
                <SequencePoint vc="24" uspid="20715" ordinal="0" offset="85" sl="47" sc="13" el="47" ec="13" bec="0" bev="0" fileid="5" />
                <SequencePoint vc="24" uspid="20716" ordinal="0" offset="100" sl="48" sc="13" el="48" ec="13" bec="0" bev="0" fileid="5" />
                <SequencePoint vc="24" uspid="20717" ordinal="0" offset="135" sl="49" sc="13" el="49" ec="13" bec="0" bev="0" fileid="5" />
                <SequencePoint vc="24" uspid="20718" ordinal="0" offset="151" sl="52" sc="13" el="52" ec="13" bec="0" bev="0" fileid="5" />
                <SequencePoint vc="0" uspid="20719" ordinal="0" offset="165" sl="53" sc="13" el="53" ec="13" bec="0" bev="0" fileid="5" />
                <SequencePoint vc="0" uspid="20720" ordinal="0" offset="166" sl="54" sc="17" el="54" ec="17" bec="0" bev="0" fileid="5" />
                <SequencePoint vc="24" uspid="20721" ordinal="0" offset="168" sl="57" sc="13" el="57" ec="13" bec="0" bev="0" fileid="5" />
                <SequencePoint vc="24" uspid="20722" ordinal="0" offset="177" sl="58" sc="9" el="58" ec="9" bec="0" bev="0" fileid="5" />
                <SequencePoint vc="24" uspid="20723" ordinal="0" offset="178" sl="45" sc="48" el="45" ec="48" bec="0" bev="0" fileid="5" />
                <SequencePoint vc="28" uspid="20724" ordinal="0" offset="184" sl="45" sc="25" el="45" ec="25" bec="0" bev="0" fileid="5" />
                <SequencePoint vc="4" uspid="20725" ordinal="0" offset="200" sl="60" sc="9" el="60" ec="9" bec="0" bev="0" fileid="5" />
                <SequencePoint vc="0" uspid="20726" ordinal="0" offset="215" sl="61" sc="9" el="61" ec="9" bec="0" bev="0" fileid="5" />
                <SequencePoint vc="0" uspid="20727" ordinal="0" offset="216" sl="62" sc="13" el="62" ec="13" bec="0" bev="0" fileid="5" />
                <SequencePoint vc="0" uspid="20728" ordinal="0" offset="228" sl="63" sc="13" el="63" ec="13" bec="0" bev="0" fileid="5" />
                <SequencePoint vc="0" uspid="20729" ordinal="0" offset="235" sl="64" sc="13" el="64" ec="13" bec="0" bev="0" fileid="5" />
                <SequencePoint vc="4" uspid="20730" ordinal="0" offset="240" sl="67" sc="9" el="67" ec="9" bec="0" bev="0" fileid="5" />
                <SequencePoint vc="4" uspid="20731" ordinal="0" offset="252" sl="68" sc="9" el="68" ec="9" bec="0" bev="0" fileid="5" />
                <SequencePoint vc="4" uspid="20732" ordinal="0" offset="271" sl="70" sc="14" el="70" ec="14" bec="0" bev="0" fileid="5" />
                <SequencePoint vc="24" uspid="20733" ordinal="0" offset="276" sl="71" sc="9" el="71" ec="9" bec="0" bev="0" fileid="5" />
                <SequencePoint vc="24" uspid="20734" ordinal="0" offset="277" sl="72" sc="13" el="72" ec="13" bec="0" bev="0" fileid="5" />
                <SequencePoint vc="24" uspid="20735" ordinal="0" offset="309" sl="73" sc="9" el="73" ec="9" bec="0" bev="0" fileid="5" />
                <SequencePoint vc="24" uspid="20736" ordinal="0" offset="310" sl="70" sc="48" el="70" ec="48" bec="0" bev="0" fileid="5" />
                <SequencePoint vc="28" uspid="20737" ordinal="0" offset="316" sl="70" sc="25" el="70" ec="25" bec="0" bev="0" fileid="5" />
                <SequencePoint vc="4" uspid="20738" ordinal="0" offset="334" sl="75" sc="9" el="75" ec="9" bec="0" bev="0" fileid="5" />
                <SequencePoint vc="4" uspid="20739" ordinal="0" offset="361" sl="76" sc="9" el="76" ec="9" bec="0" bev="0" fileid="5" />
                <SequencePoint vc="4" uspid="20740" ordinal="0" offset="382" sl="77" sc="9" el="77" ec="9" bec="0" bev="0" fileid="5" />
                <SequencePoint vc="4" uspid="20741" ordinal="0" offset="395" sl="78" sc="9" el="78" ec="9" bec="0" bev="0" fileid="5" />
                <SequencePoint vc="4" uspid="20742" ordinal="0" offset="413" sl="80" sc="9" el="80" ec="9" bec="0" bev="0" fileid="5" />
                <SequencePoint vc="4" uspid="20743" ordinal="0" offset="431" sl="81" sc="9" el="81" ec="9" bec="0" bev="0" fileid="5" />
                <SequencePoint vc="4" uspid="20744" ordinal="0" offset="432" sl="82" sc="13" el="82" ec="13" bec="0" bev="0" fileid="5" />
                <SequencePoint vc="4" uspid="20745" ordinal="0" offset="461" sl="83" sc="13" el="83" ec="13" bec="0" bev="0" fileid="5" />
                <SequencePoint vc="4" uspid="20746" ordinal="0" offset="481" sl="84" sc="9" el="84" ec="9" bec="0" bev="0" fileid="5" />
                <SequencePoint vc="4" uspid="20747" ordinal="0" offset="482" sl="86" sc="9" el="86" ec="9" bec="0" bev="0" fileid="5" />
                <SequencePoint vc="4" uspid="20748" ordinal="0" offset="511" sl="88" sc="9" el="88" ec="9" bec="0" bev="0" fileid="5" />
                <SequencePoint vc="4" uspid="20749" ordinal="0" offset="512" sl="88" sc="42" el="88" ec="42" bec="0" bev="0" fileid="5" />
                <SequencePoint vc="24" uspid="20750" ordinal="0" offset="525" sl="88" sc="18" el="88" ec="18" bec="0" bev="0" fileid="5" />
                <SequencePoint vc="24" uspid="20751" ordinal="0" offset="532" sl="89" sc="9" el="89" ec="9" bec="0" bev="0" fileid="5" />
                <SequencePoint vc="24" uspid="20752" ordinal="0" offset="533" sl="90" sc="13" el="90" ec="13" bec="0" bev="0" fileid="5" />
                <SequencePoint vc="24" uspid="20753" ordinal="0" offset="542" sl="91" sc="9" el="91" ec="9" bec="0" bev="0" fileid="5" />
                <SequencePoint vc="28" uspid="20754" ordinal="0" offset="549" sl="88" sc="39" el="88" ec="39" bec="0" bev="0" fileid="5" />
                <SequencePoint vc="4" uspid="20755" ordinal="0" offset="557" sl="93" sc="9" el="93" ec="9" bec="0" bev="0" fileid="5" />
                <SequencePoint vc="4" uspid="20756" ordinal="0" offset="564" sl="94" sc="9" el="94" ec="9" bec="0" bev="0" fileid="5" />
                <SequencePoint vc="4" uspid="20757" ordinal="0" offset="571" sl="95" sc="9" el="95" ec="9" bec="0" bev="0" fileid="5" />
                <SequencePoint vc="4" uspid="20758" ordinal="0" offset="578" sl="96" sc="5" el="96" ec="5" bec="0" bev="0" fileid="5" />
              </SequencePoints>
              <BranchPoints />
            </Method>
            <Method visited="true" cyclomaticComplexity="0" nPathComplexity="0" sequenceCoverage="92.86" branchCoverage="0" crapScore="0" isConstructor="false" isStatic="false" isGetter="false" isSetter="false">
              <Summary numSequencePoints="28" visitedSequencePoints="26" numBranchPoints="0" visitedBranchPoints="0" sequenceCoverage="92.86" branchCoverage="0" maxCyclomaticComplexity="0" minCyclomaticComplexity="0" maxCrapScore="0" minCrapScore="0" visitedClasses="0" numClasses="0" visitedMethods="1" numMethods="1" />
              <MetadataToken>100663418</MetadataToken>
              <Name>System.Void CharacterSelection::ApplyLayout()</Name>
              <FileRef uid="5" />
              <SequencePoints>
                <SequencePoint vc="4" uspid="20777" ordinal="0" offset="0" sl="230" sc="5" el="230" ec="5" bec="0" bev="0" fileid="5" />
                <SequencePoint vc="4" uspid="20778" ordinal="0" offset="1" sl="231" sc="9" el="231" ec="9" bec="0" bev="0" fileid="5" />
                <SequencePoint vc="0" uspid="20779" ordinal="0" offset="15" sl="232" sc="9" el="232" ec="9" bec="0" bev="0" fileid="5" />
                <SequencePoint vc="0" uspid="20780" ordinal="0" offset="16" sl="233" sc="13" el="233" ec="13" bec="0" bev="0" fileid="5" />
                <SequencePoint vc="4" uspid="20781" ordinal="0" offset="21" sl="236" sc="14" el="236" ec="14" bec="0" bev="0" fileid="5" />
                <SequencePoint vc="24" uspid="20782" ordinal="0" offset="25" sl="237" sc="9" el="237" ec="9" bec="0" bev="0" fileid="5" />
                <SequencePoint vc="24" uspid="20783" ordinal="0" offset="26" sl="238" sc="13" el="238" ec="13" bec="0" bev="0" fileid="5" />
                <SequencePoint vc="24" uspid="20784" ordinal="0" offset="41" sl="239" sc="13" el="239" ec="13" bec="0" bev="0" fileid="5" />
                <SequencePoint vc="24" uspid="20785" ordinal="0" offset="72" sl="240" sc="9" el="240" ec="9" bec="0" bev="0" fileid="5" />
                <SequencePoint vc="24" uspid="20786" ordinal="0" offset="73" sl="236" sc="48" el="236" ec="48" bec="0" bev="0" fileid="5" />
                <SequencePoint vc="28" uspid="20787" ordinal="0" offset="77" sl="236" sc="25" el="236" ec="25" bec="0" bev="0" fileid="5" />
                <SequencePoint vc="4" uspid="20788" ordinal="0" offset="92" sl="242" sc="9" el="242" ec="9" bec="0" bev="0" fileid="5" />
                <SequencePoint vc="4" uspid="20789" ordinal="0" offset="99" sl="243" sc="9" el="243" ec="9" bec="0" bev="0" fileid="5" />
                <SequencePoint vc="4" uspid="20790" ordinal="0" offset="112" sl="244" sc="9" el="244" ec="9" bec="0" bev="0" fileid="5" />
                <SequencePoint vc="4" uspid="20791" ordinal="0" offset="132" sl="245" sc="9" el="245" ec="9" bec="0" bev="0" fileid="5" />
                <SequencePoint vc="4" uspid="20792" ordinal="0" offset="150" sl="247" sc="9" el="247" ec="9" bec="0" bev="0" fileid="5" />
                <SequencePoint vc="4" uspid="20793" ordinal="0" offset="165" sl="248" sc="9" el="248" ec="9" bec="0" bev="0" fileid="5" />
                <SequencePoint vc="4" uspid="20794" ordinal="0" offset="166" sl="249" sc="13" el="249" ec="13" bec="0" bev="0" fileid="5" />
                <SequencePoint vc="4" uspid="20795" ordinal="0" offset="177" sl="250" sc="13" el="250" ec="13" bec="0" bev="0" fileid="5" />
                <SequencePoint vc="4" uspid="20796" ordinal="0" offset="193" sl="251" sc="13" el="251" ec="13" bec="0" bev="0" fileid="5" />
                <SequencePoint vc="4" uspid="20797" ordinal="0" offset="207" sl="252" sc="9" el="252" ec="9" bec="0" bev="0" fileid="5" />
                <SequencePoint vc="4" uspid="20798" ordinal="0" offset="208" sl="254" sc="9" el="254" ec="9" bec="0" bev="0" fileid="5" />
                <SequencePoint vc="4" uspid="20799" ordinal="0" offset="223" sl="255" sc="9" el="255" ec="9" bec="0" bev="0" fileid="5" />
                <SequencePoint vc="4" uspid="20800" ordinal="0" offset="224" sl="256" sc="13" el="256" ec="13" bec="0" bev="0" fileid="5" />
                <SequencePoint vc="4" uspid="20801" ordinal="0" offset="235" sl="257" sc="13" el="257" ec="13" bec="0" bev="0" fileid="5" />
                <SequencePoint vc="4" uspid="20802" ordinal="0" offset="251" sl="258" sc="13" el="258" ec="13" bec="0" bev="0" fileid="5" />
                <SequencePoint vc="4" uspid="20803" ordinal="0" offset="265" sl="259" sc="9" el="259" ec="9" bec="0" bev="0" fileid="5" />
                <SequencePoint vc="4" uspid="20804" ordinal="0" offset="266" sl="260" sc="5" el="260" ec="5" bec="0" bev="0" fileid="5" />
              </SequencePoints>
              <BranchPoints />
            </Method>
            <Method visited="true" cyclomaticComplexity="0" nPathComplexity="0" sequenceCoverage="100.0" branchCoverage="0" crapScore="0" isConstructor="false" isStatic="false" isGetter="false" isSetter="false">
              <Summary numSequencePoints="9" visitedSequencePoints="9" numBranchPoints="0" visitedBranchPoints="0" sequenceCoverage="100.0" branchCoverage="0" maxCyclomaticComplexity="0" minCyclomaticComplexity="0" maxCrapScore="0" minCrapScore="0" visitedClasses="0" numClasses="0" visitedMethods="1" numMethods="1" />
              <MetadataToken>100663419</MetadataToken>
              <Name>System.Void CharacterSelection::ApplyPose(System.Int32, System.Single)</Name>
              <FileRef uid="5" />
              <SequencePoints>
                <SequencePoint vc="12" uspid="20805" ordinal="0" offset="0" sl="264" sc="5" el="264" ec="5" bec="0" bev="0" fileid="5" />
                <SequencePoint vc="12" uspid="20806" ordinal="0" offset="1" sl="265" sc="9" el="265" ec="9" bec="0" bev="0" fileid="5" />
                <SequencePoint vc="12" uspid="20807" ordinal="0" offset="15" sl="266" sc="9" el="266" ec="9" bec="0" bev="0" fileid="5" />
                <SequencePoint vc="12" uspid="20808" ordinal="0" offset="29" sl="267" sc="9" el="267" ec="9" bec="0" bev="0" fileid="5" />
                <SequencePoint vc="12" uspid="20809" ordinal="0" offset="37" sl="268" sc="9" el="268" ec="9" bec="0" bev="0" fileid="5" />
                <SequencePoint vc="12" uspid="20810" ordinal="0" offset="59" sl="269" sc="9" el="269" ec="9" bec="0" bev="0" fileid="5" />
                <SequencePoint vc="12" uspid="20811" ordinal="0" offset="82" sl="270" sc="9" el="270" ec="9" bec="0" bev="0" fileid="5" />
                <SequencePoint vc="12" uspid="20812" ordinal="0" offset="100" sl="271" sc="9" el="271" ec="9" bec="0" bev="0" fileid="5" />
                <SequencePoint vc="12" uspid="20813" ordinal="0" offset="125" sl="272" sc="5" el="272" ec="5" bec="0" bev="0" fileid="5" />
              </SequencePoints>
              <BranchPoints />
            </Method>
            <Method visited="true" cyclomaticComplexity="0" nPathComplexity="0" sequenceCoverage="100.0" branchCoverage="0" crapScore="0" isConstructor="false" isStatic="false" isGetter="false" isSetter="false">
              <Summary numSequencePoints="6" visitedSequencePoints="6" numBranchPoints="0" visitedBranchPoints="0" sequenceCoverage="100.0" branchCoverage="0" maxCyclomaticComplexity="0" minCyclomaticComplexity="0" maxCrapScore="0" minCrapScore="0" visitedClasses="0" numClasses="0" visitedMethods="1" numMethods="1" />
              <MetadataToken>100663420</MetadataToken>
              <Name>UnityEngine.Vector3 CharacterSelection::AnglePos(System.Single)</Name>
              <FileRef uid="5" />
              <SequencePoints>
                <SequencePoint vc="12" uspid="20814" ordinal="0" offset="0" sl="276" sc="5" el="276" ec="5" bec="0" bev="0" fileid="5" />
                <SequencePoint vc="12" uspid="20815" ordinal="0" offset="1" sl="277" sc="9" el="277" ec="9" bec="0" bev="0" fileid="5" />
                <SequencePoint vc="12" uspid="20816" ordinal="0" offset="9" sl="278" sc="9" el="278" ec="9" bec="0" bev="0" fileid="5" />
                <SequencePoint vc="12" uspid="20817" ordinal="0" offset="37" sl="279" sc="9" el="279" ec="9" bec="0" bev="0" fileid="5" />
                <SequencePoint vc="12" uspid="20818" ordinal="0" offset="71" sl="280" sc="9" el="280" ec="9" bec="0" bev="0" fileid="5" />
                <SequencePoint vc="12" uspid="20819" ordinal="0" offset="81" sl="281" sc="5" el="281" ec="5" bec="0" bev="0" fileid="5" />
              </SequencePoints>
              <BranchPoints />
            </Method>
            <Method visited="true" cyclomaticComplexity="0" nPathComplexity="0" sequenceCoverage="62.50" branchCoverage="0" crapScore="0" isConstructor="false" isStatic="false" isGetter="false" isSetter="false">
              <Summary numSequencePoints="8" visitedSequencePoints="5" numBranchPoints="0" visitedBranchPoints="0" sequenceCoverage="62.50" branchCoverage="0" maxCyclomaticComplexity="0" minCyclomaticComplexity="0" maxCrapScore="0" minCrapScore="0" visitedClasses="0" numClasses="0" visitedMethods="1" numMethods="1" />
              <MetadataToken>100663421</MetadataToken>
              <Name>System.Void CharacterSelection::UpdateName()</Name>
              <FileRef uid="5" />
              <SequencePoints>
                <SequencePoint vc="4" uspid="20820" ordinal="0" offset="0" sl="285" sc="5" el="285" ec="5" bec="0" bev="0" fileid="5" />
                <SequencePoint vc="4" uspid="20821" ordinal="0" offset="1" sl="286" sc="9" el="286" ec="9" bec="0" bev="0" fileid="5" />
                <SequencePoint vc="0" uspid="20822" ordinal="0" offset="15" sl="287" sc="9" el="287" ec="9" bec="0" bev="0" fileid="5" />
                <SequencePoint vc="0" uspid="20823" ordinal="0" offset="16" sl="288" sc="13" el="288" ec="13" bec="0" bev="0" fileid="5" />
                <SequencePoint vc="0" uspid="20824" ordinal="0" offset="33" sl="289" sc="13" el="289" ec="13" bec="0" bev="0" fileid="5" />
                <SequencePoint vc="4" uspid="20825" ordinal="0" offset="35" sl="292" sc="9" el="292" ec="9" bec="0" bev="0" fileid="5" />
                <SequencePoint vc="4" uspid="20826" ordinal="0" offset="74" sl="293" sc="9" el="293" ec="9" bec="0" bev="0" fileid="5" />
                <SequencePoint vc="4" uspid="20827" ordinal="0" offset="87" sl="294" sc="5" el="294" ec="5" bec="0" bev="0" fileid="5" />
              </SequencePoints>
              <BranchPoints />
            </Method>
            <Method visited="true" cyclomaticComplexity="0" nPathComplexity="0" sequenceCoverage="100.0" branchCoverage="0" crapScore="0" isConstructor="false" isStatic="false" isGetter="false" isSetter="false">
              <Summary numSequencePoints="6" visitedSequencePoints="6" numBranchPoints="0" visitedBranchPoints="0" sequenceCoverage="100.0" branchCoverage="0" maxCyclomaticComplexity="0" minCyclomaticComplexity="0" maxCrapScore="0" minCrapScore="0" visitedClasses="0" numClasses="0" visitedMethods="1" numMethods="1" />
              <MetadataToken>100663422</MetadataToken>
              <Name>System.Void CharacterSelection::SaveSelection()</Name>
              <FileRef uid="5" />
              <SequencePoints>
                <SequencePoint vc="4" uspid="20828" ordinal="0" offset="0" sl="298" sc="5" el="298" ec="5" bec="0" bev="0" fileid="5" />
                <SequencePoint vc="4" uspid="20829" ordinal="0" offset="1" sl="299" sc="9" el="299" ec="9" bec="0" bev="0" fileid="5" />
                <SequencePoint vc="4" uspid="20830" ordinal="0" offset="16" sl="300" sc="9" el="300" ec="9" bec="0" bev="0" fileid="5" />
                <SequencePoint vc="4" uspid="20831" ordinal="0" offset="17" sl="301" sc="13" el="301" ec="13" bec="0" bev="0" fileid="5" />
                <SequencePoint vc="4" uspid="20832" ordinal="0" offset="34" sl="302" sc="9" el="302" ec="9" bec="0" bev="0" fileid="5" />
                <SequencePoint vc="4" uspid="20833" ordinal="0" offset="35" sl="303" sc="5" el="303" ec="5" bec="0" bev="0" fileid="5" />
              </SequencePoints>
              <BranchPoints />
            </Method>
            <Method visited="true" cyclomaticComplexity="0" nPathComplexity="0" sequenceCoverage="100.0" branchCoverage="0" crapScore="0" isConstructor="false" isStatic="false" isGetter="false" isSetter="false">
              <Summary numSequencePoints="8" visitedSequencePoints="8" numBranchPoints="0" visitedBranchPoints="0" sequenceCoverage="100.0" branchCoverage="0" maxCyclomaticComplexity="0" minCyclomaticComplexity="0" maxCrapScore="0" minCrapScore="0" visitedClasses="0" numClasses="0" visitedMethods="1" numMethods="1" />
              <MetadataToken>100663424</MetadataToken>
              <Name>System.Void CharacterSelection::InitGroup(System.Int32)</Name>
              <FileRef uid="5" />
              <SequencePoints>
                <SequencePoint vc="4" uspid="20845" ordinal="0" offset="0" sl="323" sc="5" el="323" ec="5" bec="0" bev="0" fileid="5" />
                <SequencePoint vc="4" uspid="20846" ordinal="0" offset="1" sl="324" sc="9" el="324" ec="9" bec="0" bev="0" fileid="5" />
                <SequencePoint vc="4" uspid="20847" ordinal="0" offset="25" sl="325" sc="9" el="325" ec="9" bec="0" bev="0" fileid="5" />
                <SequencePoint vc="4" uspid="20848" ordinal="0" offset="40" sl="326" sc="9" el="326" ec="9" bec="0" bev="0" fileid="5" />
                <SequencePoint vc="4" uspid="20849" ordinal="0" offset="47" sl="327" sc="9" el="327" ec="9" bec="0" bev="0" fileid="5" />
                <SequencePoint vc="4" uspid="20850" ordinal="0" offset="54" sl="328" sc="9" el="328" ec="9" bec="0" bev="0" fileid="5" />
                <SequencePoint vc="4" uspid="20851" ordinal="0" offset="65" sl="329" sc="9" el="329" ec="9" bec="0" bev="0" fileid="5" />
                <SequencePoint vc="4" uspid="20852" ordinal="0" offset="74" sl="330" sc="5" el="330" ec="5" bec="0" bev="0" fileid="5" />
              </SequencePoints>
              <BranchPoints />
            </Method>
            <Method visited="true" cyclomaticComplexity="0" nPathComplexity="0" sequenceCoverage="100.0" branchCoverage="0" crapScore="0" isConstructor="false" isStatic="false" isGetter="false" isSetter="false">
              <Summary numSequencePoints="3" visitedSequencePoints="3" numBranchPoints="0" visitedBranchPoints="0" sequenceCoverage="100.0" branchCoverage="0" maxCyclomaticComplexity="0" minCyclomaticComplexity="0" maxCrapScore="0" minCrapScore="0" visitedClasses="0" numClasses="0" visitedMethods="1" numMethods="1" />
              <MetadataToken>100663425</MetadataToken>
              <Name>System.Int32 CharacterSelection::CurSlot()</Name>
              <FileRef uid="5" />
              <SequencePoints>
                <SequencePoint vc="8" uspid="20853" ordinal="0" offset="0" sl="334" sc="5" el="334" ec="5" bec="0" bev="0" fileid="5" />
                <SequencePoint vc="8" uspid="20854" ordinal="0" offset="1" sl="335" sc="9" el="335" ec="9" bec="0" bev="0" fileid="5" />
                <SequencePoint vc="8" uspid="20855" ordinal="0" offset="12" sl="336" sc="5" el="336" ec="5" bec="0" bev="0" fileid="5" />
              </SequencePoints>
              <BranchPoints />
            </Method>
            <Method visited="true" cyclomaticComplexity="0" nPathComplexity="0" sequenceCoverage="100.0" branchCoverage="0" crapScore="0" isConstructor="false" isStatic="false" isGetter="false" isSetter="false">
              <Summary numSequencePoints="5" visitedSequencePoints="5" numBranchPoints="0" visitedBranchPoints="0" sequenceCoverage="100.0" branchCoverage="0" maxCyclomaticComplexity="0" minCyclomaticComplexity="0" maxCrapScore="0" minCrapScore="0" visitedClasses="0" numClasses="0" visitedMethods="1" numMethods="1" />
              <MetadataToken>100663426</MetadataToken>
              <Name>System.Int32 CharacterSelection::SlotIndex(System.Int32)</Name>
              <FileRef uid="5" />
              <SequencePoints>
                <SequencePoint vc="16" uspid="20856" ordinal="0" offset="0" sl="340" sc="5" el="340" ec="5" bec="0" bev="0" fileid="5" />
                <SequencePoint vc="16" uspid="20857" ordinal="0" offset="1" sl="341" sc="9" el="341" ec="9" bec="0" bev="0" fileid="5" />
                <SequencePoint vc="16" uspid="20858" ordinal="0" offset="8" sl="342" sc="9" el="342" ec="9" bec="0" bev="0" fileid="5" />
                <SequencePoint vc="16" uspid="20859" ordinal="0" offset="15" sl="343" sc="9" el="343" ec="9" bec="0" bev="0" fileid="5" />
                <SequencePoint vc="16" uspid="20860" ordinal="0" offset="44" sl="344" sc="5" el="344" ec="5" bec="0" bev="0" fileid="5" />
              </SequencePoints>
              <BranchPoints />
            </Method>
            <Method visited="true" cyclomaticComplexity="0" nPathComplexity="0" sequenceCoverage="100.0" branchCoverage="0" crapScore="0" isConstructor="false" isStatic="false" isGetter="false" isSetter="false">
              <Summary numSequencePoints="4" visitedSequencePoints="4" numBranchPoints="0" visitedBranchPoints="0" sequenceCoverage="100.0" branchCoverage="0" maxCyclomaticComplexity="0" minCyclomaticComplexity="0" maxCrapScore="0" minCrapScore="0" visitedClasses="0" numClasses="0" visitedMethods="1" numMethods="1" />
              <MetadataToken>100663427</MetadataToken>
              <Name>System.Int32 CharacterSelection::GroupBase()</Name>
              <FileRef uid="5" />
              <SequencePoints>
                <SequencePoint vc="48" uspid="20861" ordinal="0" offset="0" sl="348" sc="5" el="348" ec="5" bec="0" bev="0" fileid="5" />
                <SequencePoint vc="48" uspid="20862" ordinal="0" offset="1" sl="349" sc="9" el="349" ec="9" bec="0" bev="0" fileid="5" />
                <SequencePoint vc="48" uspid="20863" ordinal="0" offset="24" sl="350" sc="9" el="350" ec="9" bec="0" bev="0" fileid="5" />
                <SequencePoint vc="48" uspid="20864" ordinal="0" offset="50" sl="351" sc="5" el="351" ec="5" bec="0" bev="0" fileid="5" />
              </SequencePoints>
              <BranchPoints />
            </Method>
            <Method visited="true" cyclomaticComplexity="0" nPathComplexity="0" sequenceCoverage="100.0" branchCoverage="0" crapScore="0" isConstructor="false" isStatic="false" isGetter="false" isSetter="false">
              <Summary numSequencePoints="5" visitedSequencePoints="5" numBranchPoints="0" visitedBranchPoints="0" sequenceCoverage="100.0" branchCoverage="0" maxCyclomaticComplexity="0" minCyclomaticComplexity="0" maxCrapScore="0" minCrapScore="0" visitedClasses="0" numClasses="0" visitedMethods="1" numMethods="1" />
              <MetadataToken>100663428</MetadataToken>
              <Name>System.Int32 CharacterSelection::GroupCount()</Name>
              <FileRef uid="5" />
              <SequencePoints>
                <SequencePoint vc="28" uspid="20865" ordinal="0" offset="0" sl="355" sc="5" el="355" ec="5" bec="0" bev="0" fileid="5" />
                <SequencePoint vc="28" uspid="20866" ordinal="0" offset="1" sl="356" sc="9" el="356" ec="9" bec="0" bev="0" fileid="5" />
                <SequencePoint vc="28" uspid="20867" ordinal="0" offset="14" sl="357" sc="9" el="357" ec="9" bec="0" bev="0" fileid="5" />
                <SequencePoint vc="28" uspid="20868" ordinal="0" offset="36" sl="358" sc="9" el="358" ec="9" bec="0" bev="0" fileid="5" />
                <SequencePoint vc="28" uspid="20869" ordinal="0" offset="47" sl="359" sc="5" el="359" ec="5" bec="0" bev="0" fileid="5" />
              </SequencePoints>
              <BranchPoints />
            </Method>
            <Method visited="true" cyclomaticComplexity="0" nPathComplexity="0" sequenceCoverage="50.00" branchCoverage="0" crapScore="0" isConstructor="false" isStatic="false" isGetter="false" isSetter="false">
[...]
                <SequencePoint vc="0" uspid="23996" ordinal="0" offset="1" sl="78" sc="0" el="78" ec="0" bec="0" bev="0" fileid="23" />
                <SequencePoint vc="0" uspid="23997" ordinal="0" offset="14" sl="79" sc="0" el="79" ec="0" bec="0" bev="0" fileid="23" />
                <SequencePoint vc="0" uspid="23998" ordinal="0" offset="27" sl="80" sc="0" el="80" ec="0" bec="0" bev="0" fileid="23" />
                <SequencePoint vc="0" uspid="23999" ordinal="0" offset="50" sl="81" sc="0" el="81" ec="0" bec="0" bev="0" fileid="23" />
                <SequencePoint vc="0" uspid="24000" ordinal="0" offset="73" sl="82" sc="0" el="82" ec="0" bec="0" bev="0" fileid="23" />
                <SequencePoint vc="0" uspid="24001" ordinal="0" offset="96" sl="83" sc="0" el="83" ec="0" bec="0" bev="0" fileid="23" />
                <SequencePoint vc="0" uspid="24002" ordinal="0" offset="119" sl="84" sc="0" el="84" ec="0" bec="0" bev="0" fileid="23" />
              </SequencePoints>
              <BranchPoints />
            </Method>
            <Method visited="true" cyclomaticComplexity="0" nPathComplexity="0" sequenceCoverage="100.0" branchCoverage="0" crapScore="0" isConstructor="false" isStatic="false" isGetter="false" isSetter="false">
              <Summary numSequencePoints="3" visitedSequencePoints="3" numBranchPoints="0" visitedBranchPoints="0" sequenceCoverage="100.0" branchCoverage="0" maxCyclomaticComplexity="0" minCyclomaticComplexity="0" maxCrapScore="0" minCrapScore="0" visitedClasses="0" numClasses="0" visitedMethods="1" numMethods="1" />
              <MetadataToken>100663880</MetadataToken>
              <Name>System.Boolean PuzzleController/NetworkPuzzleState::Equals(PuzzleController/NetworkPuzzleState)</Name>
              <FileRef uid="23" />
              <SequencePoints>
                <SequencePoint vc="2" uspid="24003" ordinal="0" offset="0" sl="88" sc="9" el="88" ec="9" bec="0" bev="0" fileid="23" />
                <SequencePoint vc="2" uspid="24004" ordinal="0" offset="1" sl="89" sc="13" el="89" ec="13" bec="0" bev="0" fileid="23" />
                <SequencePoint vc="2" uspid="24005" ordinal="0" offset="101" sl="90" sc="9" el="90" ec="9" bec="0" bev="0" fileid="23" />
              </SequencePoints>
              <BranchPoints />
            </Method>
          </Methods>
        </Class>
        <Class>
          <Summary numSequencePoints="7" visitedSequencePoints="7" numBranchPoints="0" visitedBranchPoints="0" sequenceCoverage="100.0" branchCoverage="0.0" maxCyclomaticComplexity="0" minCyclomaticComplexity="0" maxCrapScore="0" minCrapScore="0" visitedClasses="1" numClasses="1" visitedMethods="2" numMethods="2" />
          <FullName>RelayManager</FullName>
          <Methods>
            <Method visited="true" cyclomaticComplexity="0" nPathComplexity="0" sequenceCoverage="100.0" branchCoverage="0" crapScore="0" isConstructor="false" isStatic="false" isGetter="false" isSetter="false">
              <Summary numSequencePoints="6" visitedSequencePoints="6" numBranchPoints="0" visitedBranchPoints="0" sequenceCoverage="100.0" branchCoverage="0" maxCyclomaticComplexity="0" minCyclomaticComplexity="0" maxCrapScore="0" minCrapScore="0" visitedClasses="0" numClasses="0" visitedMethods="1" numMethods="1" />
              <MetadataToken>100663887</MetadataToken>
              <Name>System.Void RelayManager::OnDestroy()</Name>
              <FileRef uid="24" />
              <SequencePoints>
                <SequencePoint vc="9" uspid="24022" ordinal="0" offset="0" sl="21" sc="5" el="21" ec="5" bec="0" bev="0" fileid="24" />
                <SequencePoint vc="9" uspid="24023" ordinal="0" offset="1" sl="22" sc="9" el="22" ec="9" bec="0" bev="0" fileid="24" />
                <SequencePoint vc="2" uspid="24024" ordinal="0" offset="16" sl="23" sc="9" el="23" ec="9" bec="0" bev="0" fileid="24" />
                <SequencePoint vc="2" uspid="24025" ordinal="0" offset="17" sl="24" sc="13" el="24" ec="13" bec="0" bev="0" fileid="24" />
                <SequencePoint vc="2" uspid="24026" ordinal="0" offset="40" sl="25" sc="9" el="25" ec="9" bec="0" bev="0" fileid="24" />
                <SequencePoint vc="9" uspid="24027" ordinal="0" offset="41" sl="26" sc="5" el="26" ec="5" bec="0" bev="0" fileid="24" />
              </SequencePoints>
              <BranchPoints />
            </Method>
            <Method visited="true" cyclomaticComplexity="0" nPathComplexity="0" sequenceCoverage="100.0" branchCoverage="0" crapScore="0" isConstructor="true" isStatic="false" isGetter="false" isSetter="false">
              <Summary numSequencePoints="1" visitedSequencePoints="1" numBranchPoints="0" visitedBranchPoints="0" sequenceCoverage="100.0" branchCoverage="0" maxCyclomaticComplexity="0" minCyclomaticComplexity="0" maxCrapScore="0" minCrapScore="0" visitedClasses="0" numClasses="0" visitedMethods="1" numMethods="1" />
              <MetadataToken>100663894</MetadataToken>
              <Name>RelayManager::RelayManager()</Name>
              <FileRef uid="24" />
              <SequencePoints>
                <SequencePoint vc="10" uspid="24051" ordinal="0" offset="0" sl="16" sc="5" el="16" ec="5" bec="0" bev="0" fileid="24" />
              </SequencePoints>
              <BranchPoints />
            </Method>
          </Methods>
        </Class>
        <Class>
          <Summary numSequencePoints="42" visitedSequencePoints="7" numBranchPoints="0" visitedBranchPoints="0" sequenceCoverage="16.67" branchCoverage="0.0" maxCyclomaticComplexity="0" minCyclomaticComplexity="0" maxCrapScore="0" minCrapScore="0" visitedClasses="1" numClasses="1" visitedMethods="1" numMethods="1" />
          <FullName>RelayManager/&lt;CreateGame&gt;d__4</FullName>
          <Methods>
            <Method visited="true" cyclomaticComplexity="0" nPathComplexity="0" sequenceCoverage="16.67" branchCoverage="0" crapScore="0" isConstructor="false" isStatic="false" isGetter="false" isSetter="false">
              <Summary numSequencePoints="42" visitedSequencePoints="7" numBranchPoints="0" visitedBranchPoints="0" sequenceCoverage="16.67" branchCoverage="0" maxCyclomaticComplexity="0" minCyclomaticComplexity="0" maxCrapScore="0" minCrapScore="0" visitedClasses="0" numClasses="0" visitedMethods="1" numMethods="1" />
              <MetadataToken>100663896</MetadataToken>
              <Name>System.Void RelayManager/&lt;CreateGame&gt;d__4::MoveNext()</Name>
              <FileRef uid="24" />
              <SequencePoints>
                <SequencePoint vc="2" uspid="24052" ordinal="0" offset="18" sl="44" sc="5" el="44" ec="5" bec="0" bev="0" fileid="24" />
                <SequencePoint vc="2" uspid="24053" ordinal="0" offset="19" sl="45" sc="9" el="45" ec="9" bec="0" bev="0" fileid="24" />
                <SequencePoint vc="1" uspid="24054" ordinal="0" offset="34" sl="46" sc="9" el="46" ec="9" bec="0" bev="0" fileid="24" />
                <SequencePoint vc="1" uspid="24055" ordinal="0" offset="35" sl="47" sc="13" el="47" ec="13" bec="0" bev="0" fileid="24" />
                <SequencePoint vc="1" uspid="24056" ordinal="0" offset="46" sl="50" sc="9" el="50" ec="9" bec="0" bev="0" fileid="24" />
                <SequencePoint vc="1" uspid="24057" ordinal="0" offset="61" sl="51" sc="9" el="51" ec="9" bec="0" bev="0" fileid="24" />
                <SequencePoint vc="1" uspid="24058" ordinal="0" offset="62" sl="52" sc="13" el="52" ec="13" bec="0" bev="0" fileid="24" />
                <SequencePoint vc="0" uspid="24059" ordinal="0" offset="73" sl="55" sc="9" el="55" ec="9" bec="0" bev="0" fileid="24" />
                <SequencePoint vc="0" uspid="24060" ordinal="0" offset="88" sl="56" sc="9" el="56" ec="9" bec="0" bev="0" fileid="24" />
                <SequencePoint vc="0" uspid="24061" ordinal="0" offset="89" sl="57" sc="13" el="57" ec="13" bec="0" bev="0" fileid="24" />
                <SequencePoint vc="0" uspid="24062" ordinal="0" offset="100" sl="60" sc="9" el="60" ec="9" bec="0" bev="0" fileid="24" />
                <SequencePoint vc="0" uspid="24063" ordinal="0" offset="122" sl="61" sc="9" el="61" ec="9" bec="0" bev="0" fileid="24" />
                <SequencePoint vc="0" uspid="24064" ordinal="0" offset="123" sl="62" sc="13" el="62" ec="13" bec="0" bev="0" fileid="24" />
                <SequencePoint vc="0" uspid="24065" ordinal="0" offset="134" sl="65" sc="9" el="65" ec="9" bec="0" bev="0" fileid="24" />
                <SequencePoint vc="0" uspid="24066" ordinal="0" offset="150" sl="67" sc="9" el="67" ec="9" bec="0" bev="0" fileid="24" />
                <SequencePoint vc="0" uspid="24067" ordinal="0" offset="168" sl="68" sc="9" el="68" ec="9" bec="0" bev="0" fileid="24" />
                <SequencePoint vc="0" uspid="24068" ordinal="0" offset="169" sl="69" sc="13" el="69" ec="13" bec="0" bev="0" fileid="24" />
                <SequencePoint vc="0" uspid="24069" ordinal="0" offset="213" sl="73" sc="9" el="73" ec="9" bec="0" bev="0" fileid="24" />
                <SequencePoint vc="0" uspid="24070" ordinal="0" offset="214" sl="74" sc="13" el="74" ec="13" bec="0" bev="0" fileid="24" />
                <SequencePoint vc="0" uspid="24071" ordinal="0" offset="226" sl="75" sc="13" el="75" ec="13" bec="0" bev="0" fileid="24" />
                <SequencePoint vc="0" uspid="24072" ordinal="0" offset="262" sl="75" sc="13" el="75" ec="13" bec="0" bev="0" fileid="24" />
                <SequencePoint vc="0" uspid="24073" ordinal="0" offset="294" sl="75" sc="13" el="75" ec="13" bec="0" bev="0" fileid="24" />
                <SequencePoint vc="0" uspid="24074" ordinal="0" offset="331" sl="76" sc="13" el="76" ec="13" bec="0" bev="0" fileid="24" />
                <SequencePoint vc="0" uspid="24075" ordinal="0" offset="368" sl="76" sc="13" el="76" ec="13" bec="0" bev="0" fileid="24" />
                <SequencePoint vc="0" uspid="24076" ordinal="0" offset="400" sl="76" sc="13" el="76" ec="13" bec="0" bev="0" fileid="24" />
                <SequencePoint vc="0" uspid="24077" ordinal="0" offset="461" sl="77" sc="13" el="77" ec="13" bec="0" bev="0" fileid="24" />
                <SequencePoint vc="0" uspid="24078" ordinal="0" offset="507" sl="77" sc="13" el="77" ec="13" bec="0" bev="0" fileid="24" />
                <SequencePoint vc="0" uspid="24079" ordinal="0" offset="539" sl="77" sc="13" el="77" ec="13" bec="0" bev="0" fileid="24" />
                <SequencePoint vc="0" uspid="24080" ordinal="0" offset="600" sl="78" sc="13" el="78" ec="13" bec="0" bev="0" fileid="24" />
                <SequencePoint vc="0" uspid="24081" ordinal="0" offset="616" sl="80" sc="13" el="80" ec="13" bec="0" bev="0" fileid="24" />
                <SequencePoint vc="0" uspid="24082" ordinal="0" offset="706" sl="81" sc="13" el="81" ec="13" bec="0" bev="0" fileid="24" />
                <SequencePoint vc="0" uspid="24083" ordinal="0" offset="718" sl="83" sc="13" el="83" ec="13" bec="0" bev="0" fileid="24" />
                <SequencePoint vc="0" uspid="24084" ordinal="0" offset="737" sl="84" sc="13" el="84" ec="13" bec="0" bev="0" fileid="24" />
                <SequencePoint vc="0" uspid="24085" ordinal="0" offset="738" sl="85" sc="17" el="85" ec="17" bec="0" bev="0" fileid="24" />
                <SequencePoint vc="0" uspid="24086" ordinal="0" offset="749" sl="88" sc="13" el="88" ec="13" bec="0" bev="0" fileid="24" />
                <SequencePoint vc="0" uspid="24087" ordinal="0" offset="777" sl="89" sc="13" el="89" ec="13" bec="0" bev="0" fileid="24" />
                <SequencePoint vc="0" uspid="24088" ordinal="0" offset="805" sl="91" sc="13" el="91" ec="13" bec="0" bev="0" fileid="24" />
                <SequencePoint vc="0" uspid="24089" ordinal="0" offset="833" sl="92" sc="9" el="92" ec="9" bec="0" bev="0" fileid="24" />
                <SequencePoint vc="0" uspid="24090" ordinal="0" offset="854" sl="94" sc="9" el="94" ec="9" bec="0" bev="0" fileid="24" />
                <SequencePoint vc="0" uspid="24091" ordinal="0" offset="855" sl="95" sc="13" el="95" ec="13" bec="0" bev="0" fileid="24" />
                <SequencePoint vc="0" uspid="24092" ordinal="0" offset="867" sl="96" sc="9" el="96" ec="9" bec="0" bev="0" fileid="24" />
                <SequencePoint vc="0" uspid="24093" ordinal="0" offset="904" sl="97" sc="5" el="97" ec="5" bec="0" bev="0" fileid="24" />
              </SequencePoints>
              <BranchPoints />
            </Method>
          </Methods>
        </Class>
        <Class>
          <Summary numSequencePoints="33" visitedSequencePoints="7" numBranchPoints="0" visitedBranchPoints="0" sequenceCoverage="21.21" branchCoverage="0.0" maxCyclomaticComplexity="0" minCyclomaticComplexity="0" maxCrapScore="0" minCrapScore="0" visitedClasses="1" numClasses="1" visitedMethods="1" numMethods="1" />
          <FullName>RelayManager/&lt;JoinGame&gt;d__5</FullName>
          <Methods>
            <Method visited="true" cyclomaticComplexity="0" nPathComplexity="0" sequenceCoverage="21.21" branchCoverage="0" crapScore="0" isConstructor="false" isStatic="false" isGetter="false" isSetter="false">
              <Summary numSequencePoints="33" visitedSequencePoints="7" numBranchPoints="0" visitedBranchPoints="0" sequenceCoverage="21.21" branchCoverage="0" maxCyclomaticComplexity="0" minCyclomaticComplexity="0" maxCrapScore="0" minCrapScore="0" visitedClasses="0" numClasses="0" visitedMethods="1" numMethods="1" />
              <MetadataToken>100663908</MetadataToken>
              <Name>System.Void RelayManager/&lt;JoinGame&gt;d__5::MoveNext()</Name>
              <FileRef uid="24" />
              <SequencePoints>
                <SequencePoint vc="2" uspid="24125" ordinal="0" offset="18" sl="101" sc="5" el="101" ec="5" bec="0" bev="0" fileid="24" />
                <SequencePoint vc="2" uspid="24126" ordinal="0" offset="19" sl="102" sc="9" el="102" ec="9" bec="0" bev="0" fileid="24" />
                <SequencePoint vc="1" uspid="24127" ordinal="0" offset="34" sl="103" sc="9" el="103" ec="9" bec="0" bev="0" fileid="24" />
                <SequencePoint vc="1" uspid="24128" ordinal="0" offset="35" sl="104" sc="13" el="104" ec="13" bec="0" bev="0" fileid="24" />
                <SequencePoint vc="1" uspid="24129" ordinal="0" offset="46" sl="107" sc="9" el="107" ec="9" bec="0" bev="0" fileid="24" />
                <SequencePoint vc="1" uspid="24130" ordinal="0" offset="61" sl="108" sc="9" el="108" ec="9" bec="0" bev="0" fileid="24" />
                <SequencePoint vc="1" uspid="24131" ordinal="0" offset="62" sl="109" sc="13" el="109" ec="13" bec="0" bev="0" fileid="24" />
                <SequencePoint vc="0" uspid="24132" ordinal="0" offset="78" sl="112" sc="9" el="112" ec="9" bec="0" bev="0" fileid="24" />
                <SequencePoint vc="0" uspid="24133" ordinal="0" offset="93" sl="113" sc="9" el="113" ec="9" bec="0" bev="0" fileid="24" />
                <SequencePoint vc="0" uspid="24134" ordinal="0" offset="94" sl="114" sc="13" el="114" ec="13" bec="0" bev="0" fileid="24" />
                <SequencePoint vc="0" uspid="24135" ordinal="0" offset="105" sl="117" sc="9" el="117" ec="9" bec="0" bev="0" fileid="24" />
                <SequencePoint vc="0" uspid="24136" ordinal="0" offset="121" sl="119" sc="9" el="119" ec="9" bec="0" bev="0" fileid="24" />
                <SequencePoint vc="0" uspid="24137" ordinal="0" offset="139" sl="120" sc="9" el="120" ec="9" bec="0" bev="0" fileid="24" />
                <SequencePoint vc="0" uspid="24138" ordinal="0" offset="140" sl="121" sc="13" el="121" ec="13" bec="0" bev="0" fileid="24" />
                <SequencePoint vc="0" uspid="24139" ordinal="0" offset="151" sl="124" sc="9" el="124" ec="9" bec="0" bev="0" fileid="24" />
                <SequencePoint vc="0" uspid="24140" ordinal="0" offset="192" sl="127" sc="9" el="127" ec="9" bec="0" bev="0" fileid="24" />
                <SequencePoint vc="0" uspid="24141" ordinal="0" offset="193" sl="128" sc="13" el="128" ec="13" bec="0" bev="0" fileid="24" />
                <SequencePoint vc="0" uspid="24142" ordinal="0" offset="205" sl="129" sc="13" el="129" ec="13" bec="0" bev="0" fileid="24" />
                <SequencePoint vc="0" uspid="24143" ordinal="0" offset="241" sl="129" sc="13" el="129" ec="13" bec="0" bev="0" fileid="24" />
                <SequencePoint vc="0" uspid="24144" ordinal="0" offset="273" sl="129" sc="13" el="129" ec="13" bec="0" bev="0" fileid="24" />
                <SequencePoint vc="0" uspid="24145" ordinal="0" offset="310" sl="130" sc="13" el="130" ec="13" bec="0" bev="0" fileid="24" />
                <SequencePoint vc="0" uspid="24146" ordinal="0" offset="351" sl="130" sc="13" el="130" ec="13" bec="0" bev="0" fileid="24" />
                <SequencePoint vc="0" uspid="24147" ordinal="0" offset="383" sl="130" sc="13" el="130" ec="13" bec="0" bev="0" fileid="24" />
                <SequencePoint vc="0" uspid="24148" ordinal="0" offset="444" sl="132" sc="13" el="132" ec="13" bec="0" bev="0" fileid="24" />
                <SequencePoint vc="0" uspid="24149" ordinal="0" offset="534" sl="133" sc="13" el="133" ec="13" bec="0" bev="0" fileid="24" />
                <SequencePoint vc="0" uspid="24150" ordinal="0" offset="546" sl="135" sc="13" el="135" ec="13" bec="0" bev="0" fileid="24" />
                <SequencePoint vc="0" uspid="24151" ordinal="0" offset="565" sl="136" sc="13" el="136" ec="13" bec="0" bev="0" fileid="24" />
                <SequencePoint vc="0" uspid="24152" ordinal="0" offset="566" sl="137" sc="17" el="137" ec="17" bec="0" bev="0" fileid="24" />
                <SequencePoint vc="0" uspid="24153" ordinal="0" offset="577" sl="139" sc="9" el="139" ec="9" bec="0" bev="0" fileid="24" />
                <SequencePoint vc="0" uspid="24154" ordinal="0" offset="591" sl="141" sc="9" el="141" ec="9" bec="0" bev="0" fileid="24" />
                <SequencePoint vc="0" uspid="24155" ordinal="0" offset="592" sl="142" sc="13" el="142" ec="13" bec="0" bev="0" fileid="24" />
                <SequencePoint vc="0" uspid="24156" ordinal="0" offset="604" sl="143" sc="9" el="143" ec="9" bec="0" bev="0" fileid="24" />
                <SequencePoint vc="0" uspid="24157" ordinal="0" offset="648" sl="144" sc="5" el="144" ec="5" bec="0" bev="0" fileid="24" />
              </SequencePoints>
              <BranchPoints />
            </Method>
          </Methods>
        </Class>
        <Class>
          <Summary numSequencePoints="2" visitedSequencePoints="2" numBranchPoints="0" visitedBranchPoints="0" sequenceCoverage="100.0" branchCoverage="0.0" maxCyclomaticComplexity="0" minCyclomaticComplexity="0" maxCrapScore="0" minCrapScore="0" visitedClasses="1" numClasses="1" visitedMethods="1" numMethods="1" />
          <FullName>SliderHelper</FullName>
          <Methods>
            <Method visited="true" cyclomaticComplexity="0" nPathComplexity="0" sequenceCoverage="100.0" branchCoverage="0" crapScore="0" isConstructor="true" isStatic="false" isGetter="false" isSetter="false">
              <Summary numSequencePoints="2" visitedSequencePoints="2" numBranchPoints="0" visitedBranchPoints="0" sequenceCoverage="100.0" branchCoverage="0" maxCyclomaticComplexity="0" minCyclomaticComplexity="0" maxCrapScore="0" minCrapScore="0" visitedClasses="0" numClasses="0" visitedMethods="1" numMethods="1" />
              <MetadataToken>100663930</MetadataToken>
              <Name>SliderHelper::SliderHelper()</Name>
              <FileRef uid="25" />
              <SequencePoints>
                <SequencePoint vc="68" uspid="24292" ordinal="0" offset="0" sl="15" sc="22" el="15" ec="22" bec="0" bev="0" fileid="25" />
                <SequencePoint vc="68" uspid="24293" ordinal="0" offset="11" sl="16" sc="22" el="16" ec="22" bec="0" bev="0" fileid="25" />
              </SequencePoints>
              <BranchPoints />
            </Method>
          </Methods>
        </Class>
      </Classes>
    </Module>
  </Modules>
</CoverageSession>