<?xml version="1.0" encoding="utf-8"?>
<CoverageSession xmlns:xsd="http://www.w3.org/2001/XMLSchema" xmlns:xsi="http://www.w3.org/2001/XMLSchema-instance" Version="0.0.0.0">
  <Summary numSequencePoints="4055" visitedSequencePoints="0" numBranchPoints="0" visitedBranchPoints="0" sequenceCoverage="0.0" branchCoverage="0.0" maxCyclomaticComplexity="0" minCyclomaticComplexity="0" maxCrapScore="0" minCrapScore="0" visitedClasses="0" numClasses="48" visitedMethods="0" numMethods="497" />
  <Modules>
    <Module>
      <Summary numSequencePoints="4055" visitedSequencePoints="0" numBranchPoints="0" visitedBranchPoints="0" sequenceCoverage="0.0" branchCoverage="0.0" maxCyclomaticComplexity="0" minCyclomaticComplexity="0" maxCrapScore="0" minCrapScore="0" visitedClasses="0" numClasses="48" visitedMethods="0" numMethods="497" />
      <ModuleTime>0001-01-01T00:00:00</ModuleTime>
      <ModuleName>ATaskForTwo</ModuleName>
      <Files>
        <File uid="1" fullPath="C:/workstation/Unity/A_Task_For_Two/Assets/InputActions.cs" />
        <File uid="2" fullPath="C:/workstation/Unity/A_Task_For_Two/Assets/Scripts/AnimatedToggle.cs" />
        <File uid="3" fullPath="C:/workstation/Unity/A_Task_For_Two/Assets/Scripts/AudioManager.cs" />
        <File uid="4" fullPath="C:/workstation/Unity/A_Task_For_Two/Assets/Scripts/CharacterAnimation.cs" />
        <File uid="5" fullPath="C:/workstation/Unity/A_Task_For_Two/Assets/Scripts/CharacterSelection.cs" />
        <File uid="6" fullPath="C:/workstation/Unity/A_Task_For_Two/Assets/Scripts/ConnectionLost.cs" />
        <File uid="7" fullPath="C:/workstation/Unity/A_Task_For_Two/Assets/Scripts/DieClickAnimate.cs" />
        <File uid="8" fullPath="C:/workstation/Unity/A_Task_For_Two/Assets/Scripts/DropdownHelper.cs" />
        <File uid="9" fullPath="C:/workstation/Unity/A_Task_For_Two/Assets/Scripts/EndScreen.cs" />
        <File uid="10" fullPath="C:/workstation/Unity/A_Task_For_Two/Assets/Scripts/GameSession.cs" />
        <File uid="11" fullPath="C:/workstation/Unity/A_Task_For_Two/Assets/Scripts/GenderToggle.cs" />
        <File uid="12" fullPath="C:/workstation/Unity/A_Task_For_Two/Assets/Scripts/HudStats.cs" />
        <File uid="13" fullPath="C:/workstation/Unity/A_Task_For_Two/Assets/Scripts/MainMenu.cs" />
        <File uid="14" fullPath="C:/workstation/Unity/A_Task_For_Two/Assets/Scripts/MenuActions.cs" />
        <File uid="15" fullPath="C:/workstation/Unity/A_Task_For_Two/Assets/Scripts/MenuSfx.cs" />
        <File uid="16" fullPath="C:/workstation/Unity/A_Task_For_Two/Assets/Scripts/OptionsMenu.cs" />
        <File uid="17" fullPath="C:/workstation/Unity/A_Task_For_Two/Assets/Scripts/PauseMenu.cs" />
        <File uid="18" fullPath="C:/workstation/Unity/A_Task_For_Two/Assets/Scripts/PlayerAudio.cs" />
        <File uid="19" fullPath="C:/workstation/Unity/A_Task_For_Two/Assets/Scripts/PlayerInputHandler.cs" />
        <File uid="20" fullPath="C:/workstation/Unity/A_Task_For_Two/Assets/Scripts/PlayerInteractor.cs" />
        <File uid="21" fullPath="C:/workstation/Unity/A_Task_For_Two/Assets/Scripts/PlayerMovement.cs" />
        <File uid="22" fullPath="C:/workstation/Unity/A_Task_For_Two/Assets/Scripts/PlayerVisuals.cs" />
        <File uid="23" fullPath="C:/workstation/Unity/A_Task_For_Two/Assets/Scripts/PuzzleController.cs" />
        <File uid="24" fullPath="C:/workstation/Unity/A_Task_For_Two/Assets/Scripts/RelayManager.cs" />
        <File uid="25" fullPath="C:/workstation/Unity/A_Task_For_Two/Assets/Scripts/SliderHelper.cs" />
      </Files>
      <Classes>
        <Class>
          <Summary numSequencePoints="100" visitedSequencePoints="0" numBranchPoints="0" visitedBranchPoints="0" sequenceCoverage="0.0" branchCoverage="0.0" maxCyclomaticComplexity="0" minCyclomaticComplexity="0" maxCrapScore="0" minCrapScore="0" visitedClasses="0" numClasses="1" visitedMethods="0" numMethods="25" />
          <FullName>InputActions</FullName>
          <Methods>
            <Method visited="false" cyclomaticComplexity="0" nPathComplexity="0" sequenceCoverage="0.0" branchCoverage="0" crapScore="0" isConstructor="false" isStatic="false" isGetter="true" isSetter="false">
              <Summary numSequencePoints="1" visitedSequencePoints="0" numBranchPoints="0" visitedBranchPoints="0" sequenceCoverage="0.0" branchCoverage="0" maxCyclomaticComplexity="0" minCyclomaticComplexity="0" maxCrapScore="0" minCrapScore="0" visitedClasses="0" numClasses="0" visitedMethods="0" numMethods="1" />
              <MetadataToken>100663297</MetadataToken>
              <Name>UnityEngine.InputSystem.InputActionAsset InputActions::get_asset()</Name>
              <FileRef uid="1" />
              <SequencePoints>
                <SequencePoint vc="0" uspid="16199" ordinal="0" offset="0" sl="80" sc="37" el="80" ec="37" bec="0" bev="0" fileid="1" />
              </SequencePoints>
              <BranchPoints />
            </Method>
            <Method visited="false" cyclomaticComplexity="0" nPathComplexity="0" sequenceCoverage="0.0" branchCoverage="0" crapScore="0" isConstructor="false" isStatic="false" isGetter="false" isSetter="false">
              <Summary numSequencePoints="7" visitedSequencePoints="0" numBranchPoints="0" visitedBranchPoints="0" sequenceCoverage="0.0" branchCoverage="0" maxCyclomaticComplexity="0" minCyclomaticComplexity="0" maxCrapScore="0" minCrapScore="0" visitedClasses="0" numClasses="0" visitedMethods="0" numMethods="1" />
              <MetadataToken>100663299</MetadataToken>
              <Name>System.Void InputActions::Finalize()</Name>
              <FileRef uid="1" />
              <SequencePoints>
                <SequencePoint vc="0" uspid="16200" ordinal="0" offset="0" sl="1214" sc="5" el="1214" ec="5" bec="0" bev="0" fileid="1" />
                <SequencePoint vc="0" uspid="16201" ordinal="0" offset="1" sl="1214" sc="5" el="1214" ec="5" bec="0" bev="0" fileid="1" />
                <SequencePoint vc="0" uspid="16202" ordinal="0" offset="2" sl="1215" sc="9" el="1215" ec="9" bec="0" bev="0" fileid="1" />
                <SequencePoint vc="0" uspid="16203" ordinal="0" offset="27" sl="1216" sc="9" el="1216" ec="9" bec="0" bev="0" fileid="1" />
                <SequencePoint vc="0" uspid="16204" ordinal="0" offset="52" sl="1217" sc="9" el="1217" ec="9" bec="0" bev="0" fileid="1" />
                <SequencePoint vc="0" uspid="16205" ordinal="0" offset="79" sl="1218" sc="5" el="1218" ec="5" bec="0" bev="0" fileid="1" />
                <SequencePoint vc="0" uspid="16206" ordinal="0" offset="87" sl="1218" sc="5" el="1218" ec="5" bec="0" bev="0" fileid="1" />
              </SequencePoints>
              <BranchPoints />
            </Method>
            <Method visited="false" cyclomaticComplexity="0" nPathComplexity="0" sequenceCoverage="0.0" branchCoverage="0" crapScore="0" isConstructor="false" isStatic="false" isGetter="false" isSetter="false">
              <Summary numSequencePoints="3" visitedSequencePoints="0" numBranchPoints="0" visitedBranchPoints="0" sequenceCoverage="0.0" branchCoverage="0" maxCyclomaticComplexity="0" minCyclomaticComplexity="0" maxCrapScore="0" minCrapScore="0" visitedClasses="0" numClasses="0" visitedMethods="0" numMethods="1" />
              <MetadataToken>100663300</MetadataToken>
              <Name>System.Void InputActions::Dispose()</Name>
              <FileRef uid="1" />
              <SequencePoints>
                <SequencePoint vc="0" uspid="16207" ordinal="0" offset="0" sl="1224" sc="5" el="1224" ec="5" bec="0" bev="0" fileid="1" />
                <SequencePoint vc="0" uspid="16208" ordinal="0" offset="1" sl="1225" sc="9" el="1225" ec="9" bec="0" bev="0" fileid="1" />
                <SequencePoint vc="0" uspid="16209" ordinal="0" offset="13" sl="1226" sc="5" el="1226" ec="5" bec="0" bev="0" fileid="1" />
              </SequencePoints>
              <BranchPoints />
            </Method>
            <Method visited="false" cyclomaticComplexity="0" nPathComplexity="0" sequenceCoverage="0.0" branchCoverage="0" crapScore="0" isConstructor="false" isStatic="false" isGetter="true" isSetter="false">
              <Summary numSequencePoints="1" visitedSequencePoints="0" numBranchPoints="0" visitedBranchPoints="0" sequenceCoverage="0.0" branchCoverage="0" maxCyclomaticComplexity="0" minCyclomaticComplexity="0" maxCrapScore="0" minCrapScore="0" visitedClasses="0" numClasses="0" visitedMethods="0" numMethods="1" />
              <MetadataToken>100663301</MetadataToken>
              <Name>System.Nullable[InputBinding] InputActions::get_bindingMask()</Name>
              <FileRef uid="1" />
              <SequencePoints>
                <SequencePoint vc="0" uspid="16210" ordinal="0" offset="0" sl="1231" sc="0" el="1231" ec="0" bec="0" bev="0" fileid="1" />
              </SequencePoints>
              <BranchPoints />
            </Method>
            <Method visited="false" cyclomaticComplexity="0" nPathComplexity="0" sequenceCoverage="0.0" branchCoverage="0" crapScore="0" isConstructor="false" isStatic="false" isGetter="false" isSetter="true">
              <Summary numSequencePoints="1" visitedSequencePoints="0" numBranchPoints="0" visitedBranchPoints="0" sequenceCoverage="0.0" branchCoverage="0" maxCyclomaticComplexity="0" minCyclomaticComplexity="0" maxCrapScore="0" minCrapScore="0" visitedClasses="0" numClasses="0" visitedMethods="0" numMethods="1" />
              <MetadataToken>100663302</MetadataToken>
              <Name>System.Void InputActions::set_bindingMask(System.Nullable[InputBinding])</Name>
              <FileRef uid="1" />
              <SequencePoints>
                <SequencePoint vc="0" uspid="16211" ordinal="0" offset="0" sl="1232" sc="0" el="1232" ec="0" bec="0" bev="0" fileid="1" />
              </SequencePoints>
              <BranchPoints />
            </Method>
            <Method visited="false" cyclomaticComplexity="0" nPathComplexity="0" sequenceCoverage="0.0" branchCoverage="0" crapScore="0" isConstructor="false" isStatic="false" isGetter="true" isSetter="false">
              <Summary numSequencePoints="1" visitedSequencePoints="0" numBranchPoints="0" visitedBranchPoints="0" sequenceCoverage="0.0" branchCoverage="0" maxCyclomaticComplexity="0" minCyclomaticComplexity="0" maxCrapScore="0" minCrapScore="0" visitedClasses="0" numClasses="0" visitedMethods="0" numMethods="1" />
              <MetadataToken>100663303</MetadataToken>
              <Name>System.Nullable[ReadOnlyArray`1] InputActions::get_devices()</Name>
              <FileRef uid="1" />
              <SequencePoints>
                <SequencePoint vc="0" uspid="16212" ordinal="0" offset="0" sl="1238" sc="0" el="1238" ec="0" bec="0" bev="0" fileid="1" />
              </SequencePoints>
              <BranchPoints />
            </Method>
            <Method visited="false" cyclomaticComplexity="0" nPathComplexity="0" sequenceCoverage="0.0" branchCoverage="0" crapScore="0" isConstructor="false" isStatic="false" isGetter="false" isSetter="true">
              <Summary numSequencePoints="1" visitedSequencePoints="0" numBranchPoints="0" visitedBranchPoints="0" sequenceCoverage="0.0" branchCoverage="0" maxCyclomaticComplexity="0" minCyclomaticComplexity="0" maxCrapScore="0" minCrapScore="0" visitedClasses="0" numClasses="0" visitedMethods="0" numMethods="1" />
              <MetadataToken>100663304</MetadataToken>
              <Name>System.Void InputActions::set_devices(System.Nullable[ReadOnlyArray`1])</Name>
              <FileRef uid="1" />
              <SequencePoints>
                <SequencePoint vc="0" uspid="16213" ordinal="0" offset="0" sl="1239" sc="0" el="1239" ec="0" bec="0" bev="0" fileid="1" />
              </SequencePoints>
              <BranchPoints />
            </Method>
            <Method visited="false" cyclomaticComplexity="0" nPathComplexity="0" sequenceCoverage="0.0" branchCoverage="0" crapScore="0" isConstructor="false" isStatic="false" isGetter="true" isSetter="false">
              <Summary numSequencePoints="1" visitedSequencePoints="0" numBranchPoints="0" visitedBranchPoints="0" sequenceCoverage="0.0" branchCoverage="0" maxCyclomaticComplexity="0" minCyclomaticComplexity="0" maxCrapScore="0" minCrapScore="0" visitedClasses="0" numClasses="0" visitedMethods="0" numMethods="1" />
              <MetadataToken>100663305</MetadataToken>
              <Name>UnityEngine.InputSystem.Utilities.ReadOnlyArray[InputControlScheme] InputActions::get_controlSchemes()</Name>
              <FileRef uid="1" />
              <SequencePoints>
                <SequencePoint vc="0" uspid="16214" ordinal="0" offset="0" sl="1243" sc="0" el="1243" ec="0" bec="0" bev="0" fileid="1" />
              </SequencePoints>
              <BranchPoints />
            </Method>
            <Method visited="false" cyclomaticComplexity="0" nPathComplexity="0" sequenceCoverage="0.0" branchCoverage="0" crapScore="0" isConstructor="false" isStatic="false" isGetter="false" isSetter="false">
              <Summary numSequencePoints="3" visitedSequencePoints="0" numBranchPoints="0" visitedBranchPoints="0" sequenceCoverage="0.0" branchCoverage="0" maxCyclomaticComplexity="0" minCyclomaticComplexity="0" maxCrapScore="0" minCrapScore="0" visitedClasses="0" numClasses="0" visitedMethods="0" numMethods="1" />
              <MetadataToken>100663306</MetadataToken>
              <Name>System.Boolean InputActions::Contains(UnityEngine.InputSystem.InputAction)</Name>
              <FileRef uid="1" />
              <SequencePoints>
                <SequencePoint vc="0" uspid="16215" ordinal="0" offset="0" sl="1247" sc="0" el="1247" ec="0" bec="0" bev="0" fileid="1" />
                <SequencePoint vc="0" uspid="16216" ordinal="0" offset="1" sl="1248" sc="0" el="1248" ec="0" bec="0" bev="0" fileid="1" />
                <SequencePoint vc="0" uspid="16217" ordinal="0" offset="16" sl="1249" sc="0" el="1249" ec="0" bec="0" bev="0" fileid="1" />
              </SequencePoints>
              <BranchPoints />
            </Method>
            <Method visited="false" cyclomaticComplexity="0" nPathComplexity="0" sequenceCoverage="0.0" branchCoverage="0" crapScore="0" isConstructor="false" isStatic="false" isGetter="false" isSetter="false">
              <Summary numSequencePoints="3" visitedSequencePoints="0" numBranchPoints="0" visitedBranchPoints="0" sequenceCoverage="0.0" branchCoverage="0" maxCyclomaticComplexity="0" minCyclomaticComplexity="0" maxCrapScore="0" minCrapScore="0" visitedClasses="0" numClasses="0" visitedMethods="0" numMethods="1" />
              <MetadataToken>100663307</MetadataToken>
              <Name>System.Collections.Generic.IEnumerator[InputAction] InputActions::GetEnumerator()</Name>
              <FileRef uid="1" />
              <SequencePoints>
                <SequencePoint vc="0" uspid="16218" ordinal="0" offset="0" sl="1253" sc="0" el="1253" ec="0" bec="0" bev="0" fileid="1" />
                <SequencePoint vc="0" uspid="16219" ordinal="0" offset="1" sl="1254" sc="0" el="1254" ec="0" bec="0" bev="0" fileid="1" />
                <SequencePoint vc="0" uspid="16220" ordinal="0" offset="15" sl="1255" sc="0" el="1255" ec="0" bec="0" bev="0" fileid="1" />
              </SequencePoints>
              <BranchPoints />
            </Method>
            <Method visited="false" cyclomaticComplexity="0" nPathComplexity="0" sequenceCoverage="0.0" branchCoverage="0" crapScore="0" isConstructor="false" isStatic="false" isGetter="false" isSetter="false">
              <Summary numSequencePoints="3" visitedSequencePoints="0" numBranchPoints="0" visitedBranchPoints="0" sequenceCoverage="0.0" branchCoverage="0" maxCyclomaticComplexity="0" minCyclomaticComplexity="0" maxCrapScore="0" minCrapScore="0" visitedClasses="0" numClasses="0" visitedMethods="0" numMethods="1" />
              <MetadataToken>100663308</MetadataToken>
              <Name>System.Collections.IEnumerator InputActions.System.Collections.IEnumerable::GetEnumerator()</Name>
              <FileRef uid="1" />
              <SequencePoints>
                <SequencePoint vc="0" uspid="16221" ordinal="0" offset="0" sl="1259" sc="0" el="1259" ec="0" bec="0" bev="0" fileid="1" />
                <SequencePoint vc="0" uspid="16222" ordinal="0" offset="1" sl="1260" sc="0" el="1260" ec="0" bec="0" bev="0" fileid="1" />
                <SequencePoint vc="0" uspid="16223" ordinal="0" offset="10" sl="1261" sc="0" el="1261" ec="0" bec="0" bev="0" fileid="1" />
              </SequencePoints>
              <BranchPoints />
            </Method>
            <Method visited="false" cyclomaticComplexity="0" nPathComplexity="0" sequenceCoverage="0.0" branchCoverage="0" crapScore="0" isConstructor="false" isStatic="false" isGetter="false" isSetter="false">
              <Summary numSequencePoints="3" visitedSequencePoints="0" numBranchPoints="0" visitedBranchPoints="0" sequenceCoverage="0.0" branchCoverage="0" maxCyclomaticComplexity="0" minCyclomaticComplexity="0" maxCrapScore="0" minCrapScore="0" visitedClasses="0" numClasses="0" visitedMethods="0" numMethods="1" />
              <MetadataToken>100663309</MetadataToken>
              <Name>System.Void InputActions::Enable()</Name>
              <FileRef uid="1" />
              <SequencePoints>
                <SequencePoint vc="0" uspid="16224" ordinal="0" offset="0" sl="1265" sc="0" el="1265" ec="0" bec="0" bev="0" fileid="1" />
                <SequencePoint vc="0" uspid="16225" ordinal="0" offset="1" sl="1266" sc="0" el="1266" ec="0" bec="0" bev="0" fileid="1" />
                <SequencePoint vc="0" uspid="16226" ordinal="0" offset="13" sl="1267" sc="0" el="1267" ec="0" bec="0" bev="0" fileid="1" />
              </SequencePoints>
              <BranchPoints />
            </Method>
            <Method visited="false" cyclomaticComplexity="0" nPathComplexity="0" sequenceCoverage="0.0" branchCoverage="0" crapScore="0" isConstructor="false" isStatic="false" isGetter="false" isSetter="false">
              <Summary numSequencePoints="3" visitedSequencePoints="0" numBranchPoints="0" visitedBranchPoints="0" sequenceCoverage="0.0" branchCoverage="0" maxCyclomaticComplexity="0" minCyclomaticComplexity="0" maxCrapScore="0" minCrapScore="0" visitedClasses="0" numClasses="0" visitedMethods="0" numMethods="1" />
              <MetadataToken>100663310</MetadataToken>
              <Name>System.Void InputActions::Disable()</Name>
              <FileRef uid="1" />
              <SequencePoints>
                <SequencePoint vc="0" uspid="16227" ordinal="0" offset="0" sl="1271" sc="0" el="1271" ec="0" bec="0" bev="0" fileid="1" />
                <SequencePoint vc="0" uspid="16228" ordinal="0" offset="1" sl="1272" sc="0" el="1272" ec="0" bec="0" bev="0" fileid="1" />
                <SequencePoint vc="0" uspid="16229" ordinal="0" offset="13" sl="1273" sc="0" el="1273" ec="0" bec="0" bev="0" fileid="1" />
              </SequencePoints>
              <BranchPoints />
            </Method>
            <Method visited="false" cyclomaticComplexity="0" nPathComplexity="0" sequenceCoverage="0.0" branchCoverage="0" crapScore="0" isConstructor="false" isStatic="false" isGetter="true" isSetter="false">
              <Summary numSequencePoints="1" visitedSequencePoints="0" numBranchPoints="0" visitedBranchPoints="0" sequenceCoverage="0.0" branchCoverage="0" maxCyclomaticComplexity="0" minCyclomaticComplexity="0" maxCrapScore="0" minCrapScore="0" visitedClasses="0" numClasses="0" visitedMethods="0" numMethods="1" />
              <MetadataToken>100663311</MetadataToken>
              <Name>System.Collections.Generic.IEnumerable[InputBinding] InputActions::get_bindings()</Name>
              <FileRef uid="1" />
              <SequencePoints>
                <SequencePoint vc="0" uspid="16230" ordinal="0" offset="0" sl="1276" sc="0" el="1276" ec="0" bec="0" bev="0" fileid="1" />
              </SequencePoints>
              <BranchPoints />
            </Method>
            <Method visited="false" cyclomaticComplexity="0" nPathComplexity="0" sequenceCoverage="0.0" branchCoverage="0" crapScore="0" isConstructor="false" isStatic="false" isGetter="false" isSetter="false">
              <Summary numSequencePoints="3" visitedSequencePoints="0" numBranchPoints="0" visitedBranchPoints="0" sequenceCoverage="0.0" branchCoverage="0" maxCyclomaticComplexity="0" minCyclomaticComplexity="0" maxCrapScore="0" minCrapScore="0" visitedClasses="0" numClasses="0" visitedMethods="0" numMethods="1" />
              <MetadataToken>100663312</MetadataToken>
              <Name>UnityEngine.InputSystem.InputAction InputActions::FindAction(System.String, System.Boolean)</Name>
              <FileRef uid="1" />
              <SequencePoints>
                <SequencePoint vc="0" uspid="16231" ordinal="0" offset="0" sl="1280" sc="0" el="1280" ec="0" bec="0" bev="0" fileid="1" />
                <SequencePoint vc="0" uspid="16232" ordinal="0" offset="1" sl="1281" sc="0" el="1281" ec="0" bec="0" bev="0" fileid="1" />
                <SequencePoint vc="0" uspid="16233" ordinal="0" offset="17" sl="1282" sc="0" el="1282" ec="0" bec="0" bev="0" fileid="1" />
              </SequencePoints>
              <BranchPoints />
            </Method>
            <Method visited="false" cyclomaticComplexity="0" nPathComplexity="0" sequenceCoverage="0.0" branchCoverage="0" crapScore="0" isConstructor="false" isStatic="false" isGetter="false" isSetter="false">
              <Summary numSequencePoints="3" visitedSequencePoints="0" numBranchPoints="0" visitedBranchPoints="0" sequenceCoverage="0.0" branchCoverage="0" maxCyclomaticComplexity="0" minCyclomaticComplexity="0" maxCrapScore="0" minCrapScore="0" visitedClasses="0" numClasses="0" visitedMethods="0" numMethods="1" />
              <MetadataToken>100663313</MetadataToken>
              <Name>System.Int32 InputActions::FindBinding(UnityEngine.InputSystem.InputBinding, UnityEngine.InputSystem.InputAction&amp;)</Name>
              <FileRef uid="1" />
              <SequencePoints>
                <SequencePoint vc="0" uspid="16234" ordinal="0" offset="0" sl="1286" sc="0" el="1286" ec="0" bec="0" bev="0" fileid="1" />
                <SequencePoint vc="0" uspid="16235" ordinal="0" offset="1" sl="1287" sc="0" el="1287" ec="0" bec="0" bev="0" fileid="1" />
                <SequencePoint vc="0" uspid="16236" ordinal="0" offset="17" sl="1288" sc="0" el="1288" ec="0" bec="0" bev="0" fileid="1" />
              </SequencePoints>
              <BranchPoints />
            </Method>
            <Method visited="false" cyclomaticComplexity="0" nPathComplexity="0" sequenceCoverage="0.0" branchCoverage="0" crapScore="0" isConstructor="false" isStatic="false" isGetter="true" isSetter="false">
              <Summary numSequencePoints="1" visitedSequencePoints="0" numBranchPoints="0" visitedBranchPoints="0" sequenceCoverage="0.0" branchCoverage="0" maxCyclomaticComplexity="0" minCyclomaticComplexity="0" maxCrapScore="0" minCrapScore="0" visitedClasses="0" numClasses="0" visitedMethods="0" numMethods="1" />
              <MetadataToken>100663314</MetadataToken>
              <Name>InputActions/PlayerActions InputActions::get_Player()</Name>
              <FileRef uid="1" />
              <SequencePoints>
                <SequencePoint vc="0" uspid="16237" ordinal="0" offset="0" sl="1461" sc="37" el="1461" ec="37" bec="0" bev="0" fileid="1" />
              </SequencePoints>
              <BranchPoints />
            </Method>
            <Method visited="false" cyclomaticComplexity="0" nPathComplexity="0" sequenceCoverage="0.0" branchCoverage="0" crapScore="0" isConstructor="false" isStatic="false" isGetter="true" isSetter="false">
              <Summary numSequencePoints="1" visitedSequencePoints="0" numBranchPoints="0" visitedBranchPoints="0" sequenceCoverage="0.0" branchCoverage="0" maxCyclomaticComplexity="0" minCyclomaticComplexity="0" maxCrapScore="0" minCrapScore="0" visitedClasses="0" numClasses="0" visitedMethods="0" numMethods="1" />
              <MetadataToken>100663315</MetadataToken>
              <Name>InputActions/UIActions InputActions::get_UI()</Name>
              <FileRef uid="1" />
              <SequencePoints>
                <SequencePoint vc="0" uspid="16238" ordinal="0" offset="0" sl="1656" sc="29" el="1656" ec="29" bec="0" bev="0" fileid="1" />
              </SequencePoints>
              <BranchPoints />
            </Method>
            <Method visited="false" cyclomaticComplexity="0" nPathComplexity="0" sequenceCoverage="0.0" branchCoverage="0" crapScore="0" isConstructor="false" isStatic="false" isGetter="true" isSetter="false">
              <Summary numSequencePoints="1" visitedSequencePoints="0" numBranchPoints="0" visitedBranchPoints="0" sequenceCoverage="0.0" branchCoverage="0" maxCyclomaticComplexity="0" minCyclomaticComplexity="0" maxCrapScore="0" minCrapScore="0" visitedClasses="0" numClasses="0" visitedMethods="0" numMethods="1" />
              <MetadataToken>100663316</MetadataToken>
              <Name>InputActions/SystemActions InputActions::get_System()</Name>
              <FileRef uid="1" />
              <SequencePoints>
                <SequencePoint vc="0" uspid="16239" ordinal="0" offset="0" sl="1752" sc="37" el="1752" ec="37" bec="0" bev="0" fileid="1" />
              </SequencePoints>
              <BranchPoints />
            </Method>
            <Method visited="false" cyclomaticComplexity="0" nPathComplexity="0" sequenceCoverage="0.0" branchCoverage="0" crapScore="0" isConstructor="false" isStatic="false" isGetter="true" isSetter="false">
              <Summary numSequencePoints="5" visitedSequencePoints="0" numBranchPoints="0" visitedBranchPoints="0" sequenceCoverage="0.0" branchCoverage="0" maxCyclomaticComplexity="0" minCyclomaticComplexity="0" maxCrapScore="0" minCrapScore="0" visitedClasses="0" numClasses="0" visitedMethods="0" numMethods="1" />
              <MetadataToken>100663317</MetadataToken>
              <Name>UnityEngine.InputSystem.InputControlScheme InputActions::get_KeyboardMouseScheme()</Name>
              <FileRef uid="1" />
              <SequencePoints>
                <SequencePoint vc="0" uspid="16240" ordinal="0" offset="0" sl="1761" sc="0" el="1761" ec="0" bec="0" bev="0" fileid="1" />
                <SequencePoint vc="0" uspid="16241" ordinal="0" offset="1" sl="1762" sc="0" el="1762" ec="0" bec="0" bev="0" fileid="1" />
                <SequencePoint vc="0" uspid="16242" ordinal="0" offset="14" sl="1762" sc="0" el="1762" ec="0" bec="0" bev="0" fileid="1" />
                <SequencePoint vc="0" uspid="16243" ordinal="0" offset="36" sl="1763" sc="0" el="1763" ec="0" bec="0" bev="0" fileid="1" />
                <SequencePoint vc="0" uspid="16244" ordinal="0" offset="64" sl="1764" sc="0" el="1764" ec="0" bec="0" bev="0" fileid="1" />
              </SequencePoints>
              <BranchPoints />
            </Method>
            <Method visited="false" cyclomaticComplexity="0" nPathComplexity="0" sequenceCoverage="0.0" branchCoverage="0" crapScore="0" isConstructor="false" isStatic="false" isGetter="true" isSetter="false">
              <Summary numSequencePoints="5" visitedSequencePoints="0" numBranchPoints="0" visitedBranchPoints="0" sequenceCoverage="0.0" branchCoverage="0" maxCyclomaticComplexity="0" minCyclomaticComplexity="0" maxCrapScore="0" minCrapScore="0" visitedClasses="0" numClasses="0" visitedMethods="0" numMethods="1" />
              <MetadataToken>100663318</MetadataToken>
              <Name>UnityEngine.InputSystem.InputControlScheme InputActions::get_GamepadScheme()</Name>
              <FileRef uid="1" />
              <SequencePoints>
                <SequencePoint vc="0" uspid="16245" ordinal="0" offset="0" sl="1774" sc="0" el="1774" ec="0" bec="0" bev="0" fileid="1" />
                <SequencePoint vc="0" uspid="16246" ordinal="0" offset="1" sl="1775" sc="0" el="1775" ec="0" bec="0" bev="0" fileid="1" />
                <SequencePoint vc="0" uspid="16247" ordinal="0" offset="14" sl="1775" sc="0" el="1775" ec="0" bec="0" bev="0" fileid="1" />
                <SequencePoint vc="0" uspid="16248" ordinal="0" offset="36" sl="1776" sc="0" el="1776" ec="0" bec="0" bev="0" fileid="1" />
                <SequencePoint vc="0" uspid="16249" ordinal="0" offset="64" sl="1777" sc="0" el="1777" ec="0" bec="0" bev="0" fileid="1" />
              </SequencePoints>
              <BranchPoints />
            </Method>
            <Method visited="false" cyclomaticComplexity="0" nPathComplexity="0" sequenceCoverage="0.0" branchCoverage="0" crapScore="0" isConstructor="false" isStatic="false" isGetter="true" isSetter="false">
              <Summary numSequencePoints="5" visitedSequencePoints="0" numBranchPoints="0" visitedBranchPoints="0" sequenceCoverage="0.0" branchCoverage="0" maxCyclomaticComplexity="0" minCyclomaticComplexity="0" maxCrapScore="0" minCrapScore="0" visitedClasses="0" numClasses="0" visitedMethods="0" numMethods="1" />
              <MetadataToken>100663319</MetadataToken>
              <Name>UnityEngine.InputSystem.InputControlScheme InputActions::get_TouchScheme()</Name>
              <FileRef uid="1" />
              <SequencePoints>
                <SequencePoint vc="0" uspid="16250" ordinal="0" offset="0" sl="1787" sc="0" el="1787" ec="0" bec="0" bev="0" fileid="1" />
                <SequencePoint vc="0" uspid="16251" ordinal="0" offset="1" sl="1788" sc="0" el="1788" ec="0" bec="0" bev="0" fileid="1" />
                <SequencePoint vc="0" uspid="16252" ordinal="0" offset="14" sl="1788" sc="0" el="1788" ec="0" bec="0" bev="0" fileid="1" />
                <SequencePoint vc="0" uspid="16253" ordinal="0" offset="36" sl="1789" sc="0" el="1789" ec="0" bec="0" bev="0" fileid="1" />
                <SequencePoint vc="0" uspid="16254" ordinal="0" offset="64" sl="1790" sc="0" el="1790" ec="0" bec="0" bev="0" fileid="1" />
              </SequencePoints>
              <BranchPoints />
            </Method>
            <Method visited="false" cyclomaticComplexity="0" nPathComplexity="0" sequenceCoverage="0.0" branchCoverage="0" crapScore="0" isConstructor="false" isStatic="false" isGetter="true" isSetter="false">
              <Summary numSequencePoints="5" visitedSequencePoints="0" numBranchPoints="0" visitedBranchPoints="0" sequenceCoverage="0.0" branchCoverage="0" maxCyclomaticComplexity="0" minCyclomaticComplexity="0" maxCrapScore="0" minCrapScore="0" visitedClasses="0" numClasses="0" visitedMethods="0" numMethods="1" />
              <MetadataToken>100663320</MetadataToken>
              <Name>UnityEngine.InputSystem.InputControlScheme InputActions::get_JoystickScheme()</Name>
              <FileRef uid="1" />
              <SequencePoints>
                <SequencePoint vc="0" uspid="16255" ordinal="0" offset="0" sl="1800" sc="0" el="1800" ec="0" bec="0" bev="0" fileid="1" />
                <SequencePoint vc="0" uspid="16256" ordinal="0" offset="1" sl="1801" sc="0" el="1801" ec="0" bec="0" bev="0" fileid="1" />
                <SequencePoint vc="0" uspid="16257" ordinal="0" offset="14" sl="1801" sc="0" el="1801" ec="0" bec="0" bev="0" fileid="1" />
                <SequencePoint vc="0" uspid="16258" ordinal="0" offset="36" sl="1802" sc="0" el="1802" ec="0" bec="0" bev="0" fileid="1" />
                <SequencePoint vc="0" uspid="16259" ordinal="0" offset="64" sl="1803" sc="0" el="1803" ec="0" bec="0" bev="0" fileid="1" />
              </SequencePoints>
              <BranchPoints />
            </Method>
            <Method visited="false" cyclomaticComplexity="0" nPathComplexity="0" sequenceCoverage="0.0" branchCoverage="0" crapScore="0" isConstructor="false" isStatic="false" isGetter="true" isSetter="false">
              <Summary numSequencePoints="5" visitedSequencePoints="0" numBranchPoints="0" visitedBranchPoints="0" sequenceCoverage="0.0" branchCoverage="0" maxCyclomaticComplexity="0" minCyclomaticComplexity="0" maxCrapScore="0" minCrapScore="0" visitedClasses="0" numClasses="0" visitedMethods="0" numMethods="1" />
              <MetadataToken>100663321</MetadataToken>
              <Name>UnityEngine.InputSystem.InputControlScheme InputActions::get_XRScheme()</Name>
              <FileRef uid="1" />
              <SequencePoints>
                <SequencePoint vc="0" uspid="16260" ordinal="0" offset="0" sl="1813" sc="0" el="1813" ec="0" bec="0" bev="0" fileid="1" />
                <SequencePoint vc="0" uspid="16261" ordinal="0" offset="1" sl="1814" sc="0" el="1814" ec="0" bec="0" bev="0" fileid="1" />
                <SequencePoint vc="0" uspid="16262" ordinal="0" offset="14" sl="1814" sc="0" el="1814" ec="0" bec="0" bev="0" fileid="1" />
                <SequencePoint vc="0" uspid="16263" ordinal="0" offset="36" sl="1815" sc="0" el="1815" ec="0" bec="0" bev="0" fileid="1" />
                <SequencePoint vc="0" uspid="16264" ordinal="0" offset="64" sl="1816" sc="0" el="1816" ec="0" bec="0" bev="0" fileid="1" />
              </SequencePoints>
              <BranchPoints />
            </Method>
            <Method visited="false" cyclomaticComplexity="0" nPathComplexity="0" sequenceCoverage="0.0" branchCoverage="0" crapScore="0" isConstructor="true" isStatic="false" isGetter="false" isSetter="false">
              <Summary numSequencePoints="34" visitedSequencePoints="0" numBranchPoints="0" visitedBranchPoints="0" sequenceCoverage="0.0" branchCoverage="0" maxCyclomaticComplexity="0" minCyclomaticComplexity="0" maxCrapScore="0" minCrapScore="0" visitedClasses="0" numClasses="0" visitedMethods="0" numMethods="1" />
              <MetadataToken>100663298</MetadataToken>
              <Name>InputActions::InputActions()</Name>
              <FileRef uid="1" />
              <SequencePoints>
                <SequencePoint vc="0" uspid="16265" ordinal="0" offset="0" sl="1292" sc="5" el="1292" ec="5" bec="0" bev="0" fileid="1" />
                <SequencePoint vc="0" uspid="16266" ordinal="0" offset="11" sl="1465" sc="5" el="1465" ec="5" bec="0" bev="0" fileid="1" />
                <SequencePoint vc="0" uspid="16267" ordinal="0" offset="22" sl="1660" sc="5" el="1660" ec="5" bec="0" bev="0" fileid="1" />
                <SequencePoint vc="0" uspid="16268" ordinal="0" offset="33" sl="1753" sc="5" el="1753" ec="5" bec="0" bev="0" fileid="1" />
                <SequencePoint vc="0" uspid="16269" ordinal="0" offset="40" sl="1766" sc="5" el="1766" ec="5" bec="0" bev="0" fileid="1" />
                <SequencePoint vc="0" uspid="16270" ordinal="0" offset="47" sl="1779" sc="5" el="1779" ec="5" bec="0" bev="0" fileid="1" />
                <SequencePoint vc="0" uspid="16271" ordinal="0" offset="54" sl="1792" sc="5" el="1792" ec="5" bec="0" bev="0" fileid="1" />
                <SequencePoint vc="0" uspid="16272" ordinal="0" offset="61" sl="1805" sc="5" el="1805" ec="5" bec="0" bev="0" fileid="1" />
                <SequencePoint vc="0" uspid="16273" ordinal="0" offset="68" sl="85" sc="5" el="85" ec="5" bec="0" bev="0" fileid="1" />
                <SequencePoint vc="0" uspid="16274" ordinal="0" offset="75" sl="86" sc="5" el="86" ec="5" bec="0" bev="0" fileid="1" />
                <SequencePoint vc="0" uspid="16275" ordinal="0" offset="76" sl="87" sc="9" el="87" ec="9" bec="0" bev="0" fileid="1" />
                <SequencePoint vc="0" uspid="16276" ordinal="0" offset="92" sl="1187" sc="9" el="1187" ec="9" bec="0" bev="0" fileid="1" />
                <SequencePoint vc="0" uspid="16277" ordinal="0" offset="115" sl="1188" sc="9" el="1188" ec="9" bec="0" bev="0" fileid="1" />
                <SequencePoint vc="0" uspid="16278" ordinal="0" offset="138" sl="1189" sc="9" el="1189" ec="9" bec="0" bev="0" fileid="1" />
                <SequencePoint vc="0" uspid="16279" ordinal="0" offset="161" sl="1190" sc="9" el="1190" ec="9" bec="0" bev="0" fileid="1" />
                <SequencePoint vc="0" uspid="16280" ordinal="0" offset="184" sl="1191" sc="9" el="1191" ec="9" bec="0" bev="0" fileid="1" />
                <SequencePoint vc="0" uspid="16281" ordinal="0" offset="207" sl="1192" sc="9" el="1192" ec="9" bec="0" bev="0" fileid="1" />
                <SequencePoint vc="0" uspid="16282" ordinal="0" offset="230" sl="1193" sc="9" el="1193" ec="9" bec="0" bev="0" fileid="1" />
                <SequencePoint vc="0" uspid="16283" ordinal="0" offset="253" sl="1194" sc="9" el="1194" ec="9" bec="0" bev="0" fileid="1" />
                <SequencePoint vc="0" uspid="16284" ordinal="0" offset="276" sl="1195" sc="9" el="1195" ec="9" bec="0" bev="0" fileid="1" />
                <SequencePoint vc="0" uspid="16285" ordinal="0" offset="299" sl="1197" sc="9" el="1197" ec="9" bec="0" bev="0" fileid="1" />
                <SequencePoint vc="0" uspid="16286" ordinal="0" offset="322" sl="1198" sc="9" el="1198" ec="9" bec="0" bev="0" fileid="1" />
                <SequencePoint vc="0" uspid="16287" ordinal="0" offset="345" sl="1199" sc="9" el="1199" ec="9" bec="0" bev="0" fileid="1" />
                <SequencePoint vc="0" uspid="16288" ordinal="0" offset="368" sl="1200" sc="9" el="1200" ec="9" bec="0" bev="0" fileid="1" />
                <SequencePoint vc="0" uspid="16289" ordinal="0" offset="391" sl="1201" sc="9" el="1201" ec="9" bec="0" bev="0" fileid="1" />
                <SequencePoint vc="0" uspid="16290" ordinal="0" offset="414" sl="1202" sc="9" el="1202" ec="9" bec="0" bev="0" fileid="1" />
                <SequencePoint vc="0" uspid="16291" ordinal="0" offset="437" sl="1203" sc="9" el="1203" ec="9" bec="0" bev="0" fileid="1" />
                <SequencePoint vc="0" uspid="16292" ordinal="0" offset="460" sl="1204" sc="9" el="1204" ec="9" bec="0" bev="0" fileid="1" />
                <SequencePoint vc="0" uspid="16293" ordinal="0" offset="483" sl="1205" sc="9" el="1205" ec="9" bec="0" bev="0" fileid="1" />
                <SequencePoint vc="0" uspid="16294" ordinal="0" offset="506" sl="1206" sc="9" el="1206" ec="9" bec="0" bev="0" fileid="1" />
                <SequencePoint vc="0" uspid="16295" ordinal="0" offset="529" sl="1207" sc="9" el="1207" ec="9" bec="0" bev="0" fileid="1" />
                <SequencePoint vc="0" uspid="16296" ordinal="0" offset="552" sl="1209" sc="9" el="1209" ec="9" bec="0" bev="0" fileid="1" />
                <SequencePoint vc="0" uspid="16297" ordinal="0" offset="575" sl="1210" sc="9" el="1210" ec="9" bec="0" bev="0" fileid="1" />
                <SequencePoint vc="0" uspid="16298" ordinal="0" offset="598" sl="1211" sc="5" el="1211" ec="5" bec="0" bev="0" fileid="1" />
              </SequencePoints>
              <BranchPoints />
            </Method>
          </Methods>
        </Class>
        <Class>
          <Summary numSequencePoints="92" visitedSequencePoints="0" numBranchPoints="0" visitedBranchPoints="0" sequenceCoverage="0.0" branchCoverage="0.0" maxCyclomaticComplexity="0" minCyclomaticComplexity="0" maxCrapScore="0" minCrapScore="0" visitedClasses="0" numClasses="1" visitedMethods="0" numMethods="18" />
          <FullName>InputActions/PlayerActions</FullName>
          <Methods>
            <Method visited="false" cyclomaticComplexity="0" nPathComplexity="0" sequenceCoverage="0.0" branchCoverage="0" crapScore="0" isConstructor="false" isStatic="false" isGetter="true" isSetter="false">
              <Summary numSequencePoints="1" visitedSequencePoints="0" numBranchPoints="0" visitedBranchPoints="0" sequenceCoverage="0.0" branchCoverage="0" maxCyclomaticComplexity="0" minCyclomaticComplexity="0" maxCrapScore="0" minCrapScore="0" visitedClasses="0" numClasses="0" visitedMethods="0" numMethods="1" />
              <MetadataToken>100663323</MetadataToken>
              <Name>UnityEngine.InputSystem.InputAction InputActions/PlayerActions::get_Move()</Name>
              <FileRef uid="1" />
              <SequencePoints>
                <SequencePoint vc="0" uspid="16299" ordinal="0" offset="0" sl="1315" sc="0" el="1315" ec="0" bec="0" bev="0" fileid="1" />
              </SequencePoints>
              <BranchPoints />
            </Method>
            <Method visited="false" cyclomaticComplexity="0" nPathComplexity="0" sequenceCoverage="0.0" branchCoverage="0" crapScore="0" isConstructor="false" isStatic="false" isGetter="true" isSetter="false">
              <Summary numSequencePoints="1" visitedSequencePoints="0" numBranchPoints="0" visitedBranchPoints="0" sequenceCoverage="0.0" branchCoverage="0" maxCyclomaticComplexity="0" minCyclomaticComplexity="0" maxCrapScore="0" minCrapScore="0" visitedClasses="0" numClasses="0" visitedMethods="0" numMethods="1" />
              <MetadataToken>100663324</MetadataToken>
              <Name>UnityEngine.InputSystem.InputAction InputActions/PlayerActions::get_Look()</Name>
              <FileRef uid="1" />
              <SequencePoints>
                <SequencePoint vc="0" uspid="16300" ordinal="0" offset="0" sl="1319" sc="0" el="1319" ec="0" bec="0" bev="0" fileid="1" />
              </SequencePoints>
              <BranchPoints />
            </Method>
            <Method visited="false" cyclomaticComplexity="0" nPathComplexity="0" sequenceCoverage="0.0" branchCoverage="0" crapScore="0" isConstructor="false" isStatic="false" isGetter="true" isSetter="false">
              <Summary numSequencePoints="1" visitedSequencePoints="0" numBranchPoints="0" visitedBranchPoints="0" sequenceCoverage="0.0" branchCoverage="0" maxCyclomaticComplexity="0" minCyclomaticComplexity="0" maxCrapScore="0" minCrapScore="0" visitedClasses="0" numClasses="0" visitedMethods="0" numMethods="1" />
              <MetadataToken>100663325</MetadataToken>
              <Name>UnityEngine.InputSystem.InputAction InputActions/PlayerActions::get_Interact()</Name>
              <FileRef uid="1" />
              <SequencePoints>
                <SequencePoint vc="0" uspid="16301" ordinal="0" offset="0" sl="1323" sc="41" el="1323" ec="41" bec="0" bev="0" fileid="1" />
              </SequencePoints>
              <BranchPoints />
            </Method>
            <Method visited="false" cyclomaticComplexity="0" nPathComplexity="0" sequenceCoverage="0.0" branchCoverage="0" crapScore="0" isConstructor="false" isStatic="false" isGetter="true" isSetter="false">
              <Summary numSequencePoints="1" visitedSequencePoints="0" numBranchPoints="0" visitedBranchPoints="0" sequenceCoverage="0.0" branchCoverage="0" maxCyclomaticComplexity="0" minCyclomaticComplexity="0" maxCrapScore="0" minCrapScore="0" visitedClasses="0" numClasses="0" visitedMethods="0" numMethods="1" />
              <MetadataToken>100663326</MetadataToken>
              <Name>UnityEngine.InputSystem.InputAction InputActions/PlayerActions::get_Crouch()</Name>
              <FileRef uid="1" />
              <SequencePoints>
                <SequencePoint vc="0" uspid="16302" ordinal="0" offset="0" sl="1327" sc="39" el="1327" ec="39" bec="0" bev="0" fileid="1" />
              </SequencePoints>
              <BranchPoints />
            </Method>
            <Method visited="false" cyclomaticComplexity="0" nPathComplexity="0" sequenceCoverage="0.0" branchCoverage="0" crapScore="0" isConstructor="false" isStatic="false" isGetter="true" isSetter="false">
              <Summary numSequencePoints="1" visitedSequencePoints="0" numBranchPoints="0" visitedBranchPoints="0" sequenceCoverage="0.0" branchCoverage="0" maxCyclomaticComplexity="0" minCyclomaticComplexity="0" maxCrapScore="0" minCrapScore="0" visitedClasses="0" numClasses="0" visitedMethods="0" numMethods="1" />
              <MetadataToken>100663327</MetadataToken>
              <Name>UnityEngine.InputSystem.InputAction InputActions/PlayerActions::get_Jump()</Name>
              <FileRef uid="1" />
              <SequencePoints>
                <SequencePoint vc="0" uspid="16303" ordinal="0" offset="0" sl="1331" sc="37" el="1331" ec="37" bec="0" bev="0" fileid="1" />
              </SequencePoints>
              <BranchPoints />
            </Method>
            <Method visited="false" cyclomaticComplexity="0" nPathComplexity="0" sequenceCoverage="0.0" branchCoverage="0" crapScore="0" isConstructor="false" isStatic="false" isGetter="true" isSetter="false">
              <Summary numSequencePoints="1" visitedSequencePoints="0" numBranchPoints="0" visitedBranchPoints="0" sequenceCoverage="0.0" branchCoverage="0" maxCyclomaticComplexity="0" minCyclomaticComplexity="0" maxCrapScore="0" minCrapScore="0" visitedClasses="0" numClasses="0" visitedMethods="0" numMethods="1" />
              <MetadataToken>100663328</MetadataToken>
              <Name>UnityEngine.InputSystem.InputAction InputActions/PlayerActions::get_Previous()</Name>
              <FileRef uid="1" />
              <SequencePoints>
                <SequencePoint vc="0" uspid="16304" ordinal="0" offset="0" sl="1335" sc="0" el="1335" ec="0" bec="0" bev="0" fileid="1" />
              </SequencePoints>
              <BranchPoints />
            </Method>
            <Method visited="false" cyclomaticComplexity="0" nPathComplexity="0" sequenceCoverage="0.0" branchCoverage="0" crapScore="0" isConstructor="false" isStatic="false" isGetter="true" isSetter="false">
              <Summary numSequencePoints="1" visitedSequencePoints="0" numBranchPoints="0" visitedBranchPoints="0" sequenceCoverage="0.0" branchCoverage="0" maxCyclomaticComplexity="0" minCyclomaticComplexity="0" maxCrapScore="0" minCrapScore="0" visitedClasses="0" numClasses="0" visitedMethods="0" numMethods="1" />
              <MetadataToken>100663329</MetadataToken>
              <Name>UnityEngine.InputSystem.InputAction InputActions/PlayerActions::get_Next()</Name>
              <FileRef uid="1" />
              <SequencePoints>
                <SequencePoint vc="0" uspid="16305" ordinal="0" offset="0" sl="1339" sc="0" el="1339" ec="0" bec="0" bev="0" fileid="1" />
              </SequencePoints>
              <BranchPoints />
            </Method>
            <Method visited="false" cyclomaticComplexity="0" nPathComplexity="0" sequenceCoverage="0.0" branchCoverage="0" crapScore="0" isConstructor="false" isStatic="false" isGetter="true" isSetter="false">
              <Summary numSequencePoints="1" visitedSequencePoints="0" numBranchPoints="0" visitedBranchPoints="0" sequenceCoverage="0.0" branchCoverage="0" maxCyclomaticComplexity="0" minCyclomaticComplexity="0" maxCrapScore="0" minCrapScore="0" visitedClasses="0" numClasses="0" visitedMethods="0" numMethods="1" />
              <MetadataToken>100663330</MetadataToken>
              <Name>UnityEngine.InputSystem.InputAction InputActions/PlayerActions::get_Sprint()</Name>
              <FileRef uid="1" />
              <SequencePoints>
                <SequencePoint vc="0" uspid="16306" ordinal="0" offset="0" sl="1343" sc="39" el="1343" ec="39" bec="0" bev="0" fileid="1" />
              </SequencePoints>
              <BranchPoints />
            </Method>
            <Method visited="false" cyclomaticComplexity="0" nPathComplexity="0" sequenceCoverage="0.0" branchCoverage="0" crapScore="0" isConstructor="false" isStatic="false" isGetter="false" isSetter="false">
              <Summary numSequencePoints="3" visitedSequencePoints="0" numBranchPoints="0" visitedBranchPoints="0" sequenceCoverage="0.0" branchCoverage="0" maxCyclomaticComplexity="0" minCyclomaticComplexity="0" maxCrapScore="0" minCrapScore="0" visitedClasses="0" numClasses="0" visitedMethods="0" numMethods="1" />
              <MetadataToken>100663331</MetadataToken>
              <Name>UnityEngine.InputSystem.InputActionMap InputActions/PlayerActions::Get()</Name>
              <FileRef uid="1" />
              <SequencePoints>
                <SequencePoint vc="0" uspid="16307" ordinal="0" offset="0" sl="1347" sc="37" el="1347" ec="37" bec="0" bev="0" fileid="1" />
                <SequencePoint vc="0" uspid="16308" ordinal="0" offset="1" sl="1347" sc="39" el="1347" ec="39" bec="0" bev="0" fileid="1" />
                <SequencePoint vc="0" uspid="16309" ordinal="0" offset="15" sl="1347" sc="66" el="1347" ec="66" bec="0" bev="0" fileid="1" />
              </SequencePoints>
              <BranchPoints />
            </Method>
            <Method visited="false" cyclomaticComplexity="0" nPathComplexity="0" sequenceCoverage="0.0" branchCoverage="0" crapScore="0" isConstructor="false" isStatic="false" isGetter="false" isSetter="false">
              <Summary numSequencePoints="3" visitedSequencePoints="0" numBranchPoints="0" visitedBranchPoints="0" sequenceCoverage="0.0" branchCoverage="0" maxCyclomaticComplexity="0" minCyclomaticComplexity="0" maxCrapScore="0" minCrapScore="0" visitedClasses="0" numClasses="0" visitedMethods="0" numMethods="1" />
              <MetadataToken>100663332</MetadataToken>
              <Name>System.Void InputActions/PlayerActions::Enable()</Name>
              <FileRef uid="1" />
              <SequencePoints>
                <SequencePoint vc="0" uspid="16310" ordinal="0" offset="0" sl="1349" sc="0" el="1349" ec="0" bec="0" bev="0" fileid="1" />
                <SequencePoint vc="0" uspid="16311" ordinal="0" offset="1" sl="1349" sc="0" el="1349" ec="0" bec="0" bev="0" fileid="1" />
                <SequencePoint vc="0" uspid="16312" ordinal="0" offset="13" sl="1349" sc="0" el="1349" ec="0" bec="0" bev="0" fileid="1" />
              </SequencePoints>
              <BranchPoints />
            </Method>
            <Method visited="false" cyclomaticComplexity="0" nPathComplexity="0" sequenceCoverage="0.0" branchCoverage="0" crapScore="0" isConstructor="false" isStatic="false" isGetter="false" isSetter="false">
              <Summary numSequencePoints="3" visitedSequencePoints="0" numBranchPoints="0" visitedBranchPoints="0" sequenceCoverage="0.0" branchCoverage="0" maxCyclomaticComplexity="0" minCyclomaticComplexity="0" maxCrapScore="0" minCrapScore="0" visitedClasses="0" numClasses="0" visitedMethods="0" numMethods="1" />
              <MetadataToken>100663333</MetadataToken>
              <Name>System.Void InputActions/PlayerActions::Disable()</Name>
              <FileRef uid="1" />
              <SequencePoints>
                <SequencePoint vc="0" uspid="16313" ordinal="0" offset="0" sl="1351" sc="31" el="1351" ec="31" bec="0" bev="0" fileid="1" />
                <SequencePoint vc="0" uspid="16314" ordinal="0" offset="1" sl="1351" sc="33" el="1351" ec="33" bec="0" bev="0" fileid="1" />
                <SequencePoint vc="0" uspid="16315" ordinal="0" offset="13" sl="1351" sc="50" el="1351" ec="50" bec="0" bev="0" fileid="1" />
              </SequencePoints>
              <BranchPoints />
            </Method>
            <Method visited="false" cyclomaticComplexity="0" nPathComplexity="0" sequenceCoverage="0.0" branchCoverage="0" crapScore="0" isConstructor="false" isStatic="false" isGetter="true" isSetter="false">
              <Summary numSequencePoints="1" visitedSequencePoints="0" numBranchPoints="0" visitedBranchPoints="0" sequenceCoverage="0.0" branchCoverage="0" maxCyclomaticComplexity="0" minCyclomaticComplexity="0" maxCrapScore="0" minCrapScore="0" visitedClasses="0" numClasses="0" visitedMethods="0" numMethods="1" />
              <MetadataToken>100663334</MetadataToken>
              <Name>System.Boolean InputActions/PlayerActions::get_enabled()</Name>
              <FileRef uid="1" />
              <SequencePoints>
                <SequencePoint vc="0" uspid="16316" ordinal="0" offset="0" sl="1353" sc="0" el="1353" ec="0" bec="0" bev="0" fileid="1" />
              </SequencePoints>
              <BranchPoints />
            </Method>
            <Method visited="false" cyclomaticComplexity="0" nPathComplexity="0" sequenceCoverage="0.0" branchCoverage="0" crapScore="0" isConstructor="false" isStatic="true" isGetter="false" isSetter="false">
              <Summary numSequencePoints="3" visitedSequencePoints="0" numBranchPoints="0" visitedBranchPoints="0" sequenceCoverage="0.0" branchCoverage="0" maxCyclomaticComplexity="0" minCyclomaticComplexity="0" maxCrapScore="0" minCrapScore="0" visitedClasses="0" numClasses="0" visitedMethods="0" numMethods="1" />
              <MetadataToken>100663335</MetadataToken>
              <Name>static UnityEngine.InputSystem.InputActionMap InputActions/PlayerActions::implicit operator UnityEngine.InputSystem.InputActionMap(InputActions/PlayerActions)</Name>
              <FileRef uid="1" />
              <SequencePoints>
                <SequencePoint vc="0" uspid="16317" ordinal="0" offset="0" sl="1357" sc="0" el="1357" ec="0" bec="0" bev="0" fileid="1" />
                <SequencePoint vc="0" uspid="16318" ordinal="0" offset="1" sl="1357" sc="0" el="1357" ec="0" bec="0" bev="0" fileid="1" />
                <SequencePoint vc="0" uspid="16319" ordinal="0" offset="11" sl="1357" sc="0" el="1357" ec="0" bec="0" bev="0" fileid="1" />
              </SequencePoints>
              <BranchPoints />
            </Method>
            <Method visited="false" cyclomaticComplexity="0" nPathComplexity="0" sequenceCoverage="0.0" branchCoverage="0" crapScore="0" isConstructor="false" isStatic="false" isGetter="false" isSetter="false">
              <Summary numSequencePoints="29" visitedSequencePoints="0" numBranchPoints="0" visitedBranchPoints="0" sequenceCoverage="0.0" branchCoverage="0" maxCyclomaticComplexity="0" minCyclomaticComplexity="0" maxCrapScore="0" minCrapScore="0" visitedClasses="0" numClasses="0" visitedMethods="0" numMethods="1" />
              <MetadataToken>100663336</MetadataToken>
              <Name>System.Void InputActions/PlayerActions::AddCallbacks(InputActions/IPlayerActions)</Name>
              <FileRef uid="1" />
              <SequencePoints>
                <SequencePoint vc="0" uspid="16320" ordinal="0" offset="0" sl="1367" sc="0" el="1367" ec="0" bec="0" bev="0" fileid="1" />
                <SequencePoint vc="0" uspid="16321" ordinal="0" offset="1" sl="1368" sc="0" el="1368" ec="0" bec="0" bev="0" fileid="1" />
                <SequencePoint vc="0" uspid="16322" ordinal="0" offset="28" sl="1368" sc="0" el="1368" ec="0" bec="0" bev="0" fileid="1" />
                <SequencePoint vc="0" uspid="16323" ordinal="0" offset="33" sl="1369" sc="0" el="1369" ec="0" bec="0" bev="0" fileid="1" />
                <SequencePoint vc="0" uspid="16324" ordinal="0" offset="51" sl="1370" sc="0" el="1370" ec="0" bec="0" bev="0" fileid="1" />
                <SequencePoint vc="0" uspid="16325" ordinal="0" offset="76" sl="1371" sc="0" el="1371" ec="0" bec="0" bev="0" fileid="1" />
                <SequencePoint vc="0" uspid="16326" ordinal="0" offset="101" sl="1372" sc="0" el="1372" ec="0" bec="0" bev="0" fileid="1" />
                <SequencePoint vc="0" uspid="16327" ordinal="0" offset="126" sl="1373" sc="0" el="1373" ec="0" bec="0" bev="0" fileid="1" />
                <SequencePoint vc="0" uspid="16328" ordinal="0" offset="151" sl="1374" sc="0" el="1374" ec="0" bec="0" bev="0" fileid="1" />
                <SequencePoint vc="0" uspid="16329" ordinal="0" offset="176" sl="1375" sc="0" el="1375" ec="0" bec="0" bev="0" fileid="1" />
                <SequencePoint vc="0" uspid="16330" ordinal="0" offset="201" sl="1376" sc="0" el="1376" ec="0" bec="0" bev="0" fileid="1" />
                <SequencePoint vc="0" uspid="16331" ordinal="0" offset="226" sl="1377" sc="0" el="1377" ec="0" bec="0" bev="0" fileid="1" />
                <SequencePoint vc="0" uspid="16332" ordinal="0" offset="251" sl="1378" sc="0" el="1378" ec="0" bec="0" bev="0" fileid="1" />
                <SequencePoint vc="0" uspid="16333" ordinal="0" offset="276" sl="1379" sc="0" el="1379" ec="0" bec="0" bev="0" fileid="1" />
                <SequencePoint vc="0" uspid="16334" ordinal="0" offset="301" sl="1380" sc="0" el="1380" ec="0" bec="0" bev="0" fileid="1" />
                <SequencePoint vc="0" uspid="16335" ordinal="0" offset="326" sl="1381" sc="0" el="1381" ec="0" bec="0" bev="0" fileid="1" />
                <SequencePoint vc="0" uspid="16336" ordinal="0" offset="351" sl="1382" sc="0" el="1382" ec="0" bec="0" bev="0" fileid="1" />
                <SequencePoint vc="0" uspid="16337" ordinal="0" offset="376" sl="1383" sc="0" el="1383" ec="0" bec="0" bev="0" fileid="1" />
                <SequencePoint vc="0" uspid="16338" ordinal="0" offset="401" sl="1384" sc="0" el="1384" ec="0" bec="0" bev="0" fileid="1" />
                <SequencePoint vc="0" uspid="16339" ordinal="0" offset="426" sl="1385" sc="0" el="1385" ec="0" bec="0" bev="0" fileid="1" />
                <SequencePoint vc="0" uspid="16340" ordinal="0" offset="451" sl="1386" sc="0" el="1386" ec="0" bec="0" bev="0" fileid="1" />
                <SequencePoint vc="0" uspid="16341" ordinal="0" offset="476" sl="1387" sc="0" el="1387" ec="0" bec="0" bev="0" fileid="1" />
                <SequencePoint vc="0" uspid="16342" ordinal="0" offset="501" sl="1388" sc="0" el="1388" ec="0" bec="0" bev="0" fileid="1" />
                <SequencePoint vc="0" uspid="16343" ordinal="0" offset="526" sl="1389" sc="0" el="1389" ec="0" bec="0" bev="0" fileid="1" />
                <SequencePoint vc="0" uspid="16344" ordinal="0" offset="551" sl="1390" sc="0" el="1390" ec="0" bec="0" bev="0" fileid="1" />
                <SequencePoint vc="0" uspid="16345" ordinal="0" offset="576" sl="1391" sc="0" el="1391" ec="0" bec="0" bev="0" fileid="1" />
                <SequencePoint vc="0" uspid="16346" ordinal="0" offset="601" sl="1392" sc="0" el="1392" ec="0" bec="0" bev="0" fileid="1" />
                <SequencePoint vc="0" uspid="16347" ordinal="0" offset="626" sl="1393" sc="0" el="1393" ec="0" bec="0" bev="0" fileid="1" />
                <SequencePoint vc="0" uspid="16348" ordinal="0" offset="651" sl="1394" sc="0" el="1394" ec="0" bec="0" bev="0" fileid="1" />
              </SequencePoints>
              <BranchPoints />
            </Method>
            <Method visited="false" cyclomaticComplexity="0" nPathComplexity="0" sequenceCoverage="0.0" branchCoverage="0" crapScore="0" isConstructor="false" isStatic="false" isGetter="false" isSetter="false">
              <Summary numSequencePoints="26" visitedSequencePoints="0" numBranchPoints="0" visitedBranchPoints="0" sequenceCoverage="0.0" branchCoverage="0" maxCyclomaticComplexity="0" minCyclomaticComplexity="0" maxCrapScore="0" minCrapScore="0" visitedClasses="0" numClasses="0" visitedMethods="0" numMethods="1" />
              <MetadataToken>100663337</MetadataToken>
              <Name>System.Void InputActions/PlayerActions::UnregisterCallbacks(InputActions/IPlayerActions)</Name>
              <FileRef uid="1" />
              <SequencePoints>
                <SequencePoint vc="0" uspid="16349" ordinal="0" offset="0" sl="1404" sc="0" el="1404" ec="0" bec="0" bev="0" fileid="1" />
                <SequencePoint vc="0" uspid="16350" ordinal="0" offset="1" sl="1405" sc="0" el="1405" ec="0" bec="0" bev="0" fileid="1" />
                <SequencePoint vc="0" uspid="16351" ordinal="0" offset="26" sl="1406" sc="0" el="1406" ec="0" bec="0" bev="0" fileid="1" />
                <SequencePoint vc="0" uspid="16352" ordinal="0" offset="51" sl="1407" sc="0" el="1407" ec="0" bec="0" bev="0" fileid="1" />
                <SequencePoint vc="0" uspid="16353" ordinal="0" offset="76" sl="1408" sc="0" el="1408" ec="0" bec="0" bev="0" fileid="1" />
                <SequencePoint vc="0" uspid="16354" ordinal="0" offset="101" sl="1409" sc="0" el="1409" ec="0" bec="0" bev="0" fileid="1" />
                <SequencePoint vc="0" uspid="16355" ordinal="0" offset="126" sl="1410" sc="0" el="1410" ec="0" bec="0" bev="0" fileid="1" />
                <SequencePoint vc="0" uspid="16356" ordinal="0" offset="151" sl="1411" sc="0" el="1411" ec="0" bec="0" bev="0" fileid="1" />
                <SequencePoint vc="0" uspid="16357" ordinal="0" offset="176" sl="1412" sc="0" el="1412" ec="0" bec="0" bev="0" fileid="1" />
                <SequencePoint vc="0" uspid="16358" ordinal="0" offset="201" sl="1413" sc="0" el="1413" ec="0" bec="0" bev="0" fileid="1" />
                <SequencePoint vc="0" uspid="16359" ordinal="0" offset="226" sl="1414" sc="0" el="1414" ec="0" bec="0" bev="0" fileid="1" />
                <SequencePoint vc="0" uspid="16360" ordinal="0" offset="251" sl="1415" sc="0" el="1415" ec="0" bec="0" bev="0" fileid="1" />
                <SequencePoint vc="0" uspid="16361" ordinal="0" offset="276" sl="1416" sc="0" el="1416" ec="0" bec="0" bev="0" fileid="1" />
                <SequencePoint vc="0" uspid="16362" ordinal="0" offset="301" sl="1417" sc="0" el="1417" ec="0" bec="0" bev="0" fileid="1" />
                <SequencePoint vc="0" uspid="16363" ordinal="0" offset="326" sl="1418" sc="0" el="1418" ec="0" bec="0" bev="0" fileid="1" />
                <SequencePoint vc="0" uspid="16364" ordinal="0" offset="351" sl="1419" sc="0" el="1419" ec="0" bec="0" bev="0" fileid="1" />
                <SequencePoint vc="0" uspid="16365" ordinal="0" offset="376" sl="1420" sc="0" el="1420" ec="0" bec="0" bev="0" fileid="1" />
                <SequencePoint vc="0" uspid="16366" ordinal="0" offset="401" sl="1421" sc="0" el="1421" ec="0" bec="0" bev="0" fileid="1" />
                <SequencePoint vc="0" uspid="16367" ordinal="0" offset="426" sl="1422" sc="0" el="1422" ec="0" bec="0" bev="0" fileid="1" />
                <SequencePoint vc="0" uspid="16368" ordinal="0" offset="451" sl="1423" sc="0" el="1423" ec="0" bec="0" bev="0" fileid="1" />
                <SequencePoint vc="0" uspid="16369" ordinal="0" offset="476" sl="1424" sc="0" el="1424" ec="0" bec="0" bev="0" fileid="1" />
                <SequencePoint vc="0" uspid="16370" ordinal="0" offset="501" sl="1425" sc="0" el="1425" ec="0" bec="0" bev="0" fileid="1" />
                <SequencePoint vc="0" uspid="16371" ordinal="0" offset="526" sl="1426" sc="0" el="1426" ec="0" bec="0" bev="0" fileid="1" />
                <SequencePoint vc="0" uspid="16372" ordinal="0" offset="551" sl="1427" sc="0" el="1427" ec="0" bec="0" bev="0" fileid="1" />
                <SequencePoint vc="0" uspid="16373" ordinal="0" offset="576" sl="1428" sc="0" el="1428" ec="0" bec="0" bev="0" fileid="1" />
                <SequencePoint vc="0" uspid="16374" ordinal="0" offset="601" sl="1429" sc="0" el="1429" ec="0" bec="0" bev="0" fileid="1" />
              </SequencePoints>
              <BranchPoints />
            </Method>
            <Method visited="false" cyclomaticComplexity="0" nPathComplexity="0" sequenceCoverage="0.0" branchCoverage="0" crapScore="0" isConstructor="false" isStatic="false" isGetter="false" isSetter="false">
              <Summary numSequencePoints="4" visitedSequencePoints="0" numBranchPoints="0" visitedBranchPoints="0" sequenceCoverage="0.0" branchCoverage="0" maxCyclomaticComplexity="0" minCyclomaticComplexity="0" maxCrapScore="0" minCrapScore="0" visitedClasses="0" numClasses="0" visitedMethods="0" numMethods="1" />
              <MetadataToken>100663338</MetadataToken>
              <Name>System.Void InputActions/PlayerActions::RemoveCallbacks(InputActions/IPlayerActions)</Name>
              <FileRef uid="1" />
              <SequencePoints>
                <SequencePoint vc="0" uspid="16375" ordinal="0" offset="0" sl="1436" sc="0" el="1436" ec="0" bec="0" bev="0" fileid="1" />
                <SequencePoint vc="0" uspid="16376" ordinal="0" offset="1" sl="1437" sc="0" el="1437" ec="0" bec="0" bev="0" fileid="1" />
                <SequencePoint vc="0" uspid="16377" ordinal="0" offset="22" sl="1438" sc="0" el="1438" ec="0" bec="0" bev="0" fileid="1" />
                <SequencePoint vc="0" uspid="16378" ordinal="0" offset="30" sl="1439" sc="0" el="1439" ec="0" bec="0" bev="0" fileid="1" />
              </SequencePoints>
              <BranchPoints />
            </Method>
            <Method visited="false" cyclomaticComplexity="0" nPathComplexity="0" sequenceCoverage="0.0" branchCoverage="0" crapScore="0" isConstructor="false" isStatic="false" isGetter="false" isSetter="false">
              <Summary numSequencePoints="9" visitedSequencePoints="0" numBranchPoints="0" visitedBranchPoints="0" sequenceCoverage="0.0" branchCoverage="0" maxCyclomaticComplexity="0" minCyclomaticComplexity="0" maxCrapScore="0" minCrapScore="0" visitedClasses="0" numClasses="0" visitedMethods="0" numMethods="1" />
              <MetadataToken>100663339</MetadataToken>
              <Name>System.Void InputActions/PlayerActions::SetCallbacks(InputActions/IPlayerActions)</Name>
              <FileRef uid="1" />
              <SequencePoints>
                <SequencePoint vc="0" uspid="16379" ordinal="0" offset="0" sl="1451" sc="0" el="1451" ec="0" bec="0" bev="0" fileid="1" />
                <SequencePoint vc="0" uspid="16380" ordinal="0" offset="1" sl="1452" sc="0" el="1452" ec="0" bec="0" bev="0" fileid="1" />
                <SequencePoint vc="0" uspid="16381" ordinal="0" offset="2" sl="1452" sc="0" el="1452" ec="0" bec="0" bev="0" fileid="1" />
                <SequencePoint vc="0" uspid="16382" ordinal="0" offset="21" sl="1452" sc="0" el="1452" ec="0" bec="0" bev="0" fileid="1" />
                <SequencePoint vc="0" uspid="16383" ordinal="0" offset="29" sl="1453" sc="0" el="1453" ec="0" bec="0" bev="0" fileid="1" />
                <SequencePoint vc="0" uspid="16384" ordinal="0" offset="37" sl="1452" sc="0" el="1452" ec="0" bec="0" bev="0" fileid="1" />
                <SequencePoint vc="0" uspid="16385" ordinal="0" offset="63" sl="1454" sc="0" el="1454" ec="0" bec="0" bev="0" fileid="1" />
                <SequencePoint vc="0" uspid="16386" ordinal="0" offset="80" sl="1455" sc="0" el="1455" ec="0" bec="0" bev="0" fileid="1" />
                <SequencePoint vc="0" uspid="16387" ordinal="0" offset="88" sl="1456" sc="0" el="1456" ec="0" bec="0" bev="0" fileid="1" />
              </SequencePoints>
              <BranchPoints />
            </Method>
            <Method visited="false" cyclomaticComplexity="0" nPathComplexity="0" sequenceCoverage="0.0" branchCoverage="0" crapScore="0" isConstructor="true" isStatic="false" isGetter="false" isSetter="false">
              <Summary numSequencePoints="3" visitedSequencePoints="0" numBranchPoints="0" visitedBranchPoints="0" sequenceCoverage="0.0" branchCoverage="0" maxCyclomaticComplexity="0" minCyclomaticComplexity="0" maxCrapScore="0" minCrapScore="0" visitedClasses="0" numClasses="0" visitedMethods="0" numMethods="1" />
              <MetadataToken>100663322</MetadataToken>
              <Name>InputActions/PlayerActions::PlayerActions(InputActions)</Name>
              <FileRef uid="1" />
              <SequencePoints>
                <SequencePoint vc="0" uspid="16388" ordinal="0" offset="0" sl="1311" sc="53" el="1311" ec="53" bec="0" bev="0" fileid="1" />
                <SequencePoint vc="0" uspid="16389" ordinal="0" offset="1" sl="1311" sc="55" el="1311" ec="55" bec="0" bev="0" fileid="1" />
                <SequencePoint vc="0" uspid="16390" ordinal="0" offset="8" sl="1311" sc="76" el="1311" ec="76" bec="0" bev="0" fileid="1" />
              </SequencePoints>
              <BranchPoints />
            </Method>
          </Methods>
        </Class>
        <Class>
          <Summary numSequencePoints="106" visitedSequencePoints="0" numBranchPoints="0" visitedBranchPoints="0" sequenceCoverage="0.0" branchCoverage="0.0" maxCyclomaticComplexity="0" minCyclomaticComplexity="0" maxCrapScore="0" minCrapScore="0" visitedClasses="0" numClasses="1" visitedMethods="0" numMethods="20" />
          <FullName>InputActions/UIActions</FullName>
          <Methods>
            <Method visited="false" cyclomaticComplexity="0" nPathComplexity="0" sequenceCoverage="0.0" branchCoverage="0" crapScore="0" isConstructor="false" isStatic="false" isGetter="true" isSetter="false">
              <Summary numSequencePoints="1" visitedSequencePoints="0" numBranchPoints="0" visitedBranchPoints="0" sequenceCoverage="0.0" branchCoverage="0" maxCyclomaticComplexity="0" minCyclomaticComplexity="0" maxCrapScore="0" minCrapScore="0" visitedClasses="0" numClasses="0" visitedMethods="0" numMethods="1" />
              <MetadataToken>100663341</MetadataToken>
              <Name>UnityEngine.InputSystem.InputAction InputActions/UIActions::get_Navigate()</Name>
              <FileRef uid="1" />
              <SequencePoints>
                <SequencePoint vc="0" uspid="16391" ordinal="0" offset="0" sl="1490" sc="0" el="1490" ec="0" bec="0" bev="0" fileid="1" />
              </SequencePoints>
              <BranchPoints />
            </Method>
            <Method visited="false" cyclomaticComplexity="0" nPathComplexity="0" sequenceCoverage="0.0" branchCoverage="0" crapScore="0" isConstructor="false" isStatic="false" isGetter="true" isSetter="false">
              <Summary numSequencePoints="1" visitedSequencePoints="0" numBranchPoints="0" visitedBranchPoints="0" sequenceCoverage="0.0" branchCoverage="0" maxCyclomaticComplexity="0" minCyclomaticComplexity="0" maxCrapScore="0" minCrapScore="0" visitedClasses="0" numClasses="0" visitedMethods="0" numMethods="1" />
              <MetadataToken>100663342</MetadataToken>
              <Name>UnityEngine.InputSystem.InputAction InputActions/UIActions::get_Submit()</Name>
              <FileRef uid="1" />
              <SequencePoints>
                <SequencePoint vc="0" uspid="16392" ordinal="0" offset="0" sl="1494" sc="0" el="1494" ec="0" bec="0" bev="0" fileid="1" />
              </SequencePoints>
              <BranchPoints />
            </Method>
            <Method visited="false" cyclomaticComplexity="0" nPathComplexity="0" sequenceCoverage="0.0" branchCoverage="0" crapScore="0" isConstructor="false" isStatic="false" isGetter="true" isSetter="false">
              <Summary numSequencePoints="1" visitedSequencePoints="0" numBranchPoints="0" visitedBranchPoints="0" sequenceCoverage="0.0" branchCoverage="0" maxCyclomaticComplexity="0" minCyclomaticComplexity="0" maxCrapScore="0" minCrapScore="0" visitedClasses="0" numClasses="0" visitedMethods="0" numMethods="1" />
              <MetadataToken>100663343</MetadataToken>
              <Name>UnityEngine.InputSystem.InputAction InputActions/UIActions::get_Cancel()</Name>
              <FileRef uid="1" />
              <SequencePoints>
                <SequencePoint vc="0" uspid="16393" ordinal="0" offset="0" sl="1498" sc="0" el="1498" ec="0" bec="0" bev="0" fileid="1" />
              </SequencePoints>
              <BranchPoints />
            </Method>
            <Method visited="false" cyclomaticComplexity="0" nPathComplexity="0" sequenceCoverage="0.0" branchCoverage="0" crapScore="0" isConstructor="false" isStatic="false" isGetter="true" isSetter="false">
              <Summary numSequencePoints="1" visitedSequencePoints="0" numBranchPoints="0" visitedBranchPoints="0" sequenceCoverage="0.0" branchCoverage="0" maxCyclomaticComplexity="0" minCyclomaticComplexity="0" maxCrapScore="0" minCrapScore="0" visitedClasses="0" numClasses="0" visitedMethods="0" numMethods="1" />
              <MetadataToken>100663344</MetadataToken>
              <Name>UnityEngine.InputSystem.InputAction InputActions/UIActions::get_Point()</Name>
              <FileRef uid="1" />
              <SequencePoints>
                <SequencePoint vc="0" uspid="16394" ordinal="0" offset="0" sl="1502" sc="0" el="1502" ec="0" bec="0" bev="0" fileid="1" />
              </SequencePoints>
              <BranchPoints />
            </Method>
            <Method visited="false" cyclomaticComplexity="0" nPathComplexity="0" sequenceCoverage="0.0" branchCoverage="0" crapScore="0" isConstructor="false" isStatic="false" isGetter="true" isSetter="false">
              <Summary numSequencePoints="1" visitedSequencePoints="0" numBranchPoints="0" visitedBranchPoints="0" sequenceCoverage="0.0" branchCoverage="0" maxCyclomaticComplexity="0" minCyclomaticComplexity="0" maxCrapScore="0" minCrapScore="0" visitedClasses="0" numClasses="0" visitedMethods="0" numMethods="1" />
              <MetadataToken>100663345</MetadataToken>
              <Name>UnityEngine.InputSystem.InputAction InputActions/UIActions::get_Click()</Name>
              <FileRef uid="1" />
              <SequencePoints>
                <SequencePoint vc="0" uspid="16395" ordinal="0" offset="0" sl="1506" sc="0" el="1506" ec="0" bec="0" bev="0" fileid="1" />
              </SequencePoints>
              <BranchPoints />
            </Method>
            <Method visited="false" cyclomaticComplexity="0" nPathComplexity="0" sequenceCoverage="0.0" branchCoverage="0" crapScore="0" isConstructor="false" isStatic="false" isGetter="true" isSetter="false">
              <Summary numSequencePoints="1" visitedSequencePoints="0" numBranchPoints="0" visitedBranchPoints="0" sequenceCoverage="0.0" branchCoverage="0" maxCyclomaticComplexity="0" minCyclomaticComplexity="0" maxCrapScore="0" minCrapScore="0" visitedClasses="0" numClasses="0" visitedMethods="0" numMethods="1" />
              <MetadataToken>100663346</MetadataToken>
              <Name>UnityEngine.InputSystem.InputAction InputActions/UIActions::get_RightClick()</Name>
              <FileRef uid="1" />
              <SequencePoints>
                <SequencePoint vc="0" uspid="16396" ordinal="0" offset="0" sl="1510" sc="0" el="1510" ec="0" bec="0" bev="0" fileid="1" />
              </SequencePoints>
              <BranchPoints />
            </Method>
            <Method visited="false" cyclomaticComplexity="0" nPathComplexity="0" sequenceCoverage="0.0" branchCoverage="0" crapScore="0" isConstructor="false" isStatic="false" isGetter="true" isSetter="false">
              <Summary numSequencePoints="1" visitedSequencePoints="0" numBranchPoints="0" visitedBranchPoints="0" sequenceCoverage="0.0" branchCoverage="0" maxCyclomaticComplexity="0" minCyclomaticComplexity="0" maxCrapScore="0" minCrapScore="0" visitedClasses="0" numClasses="0" visitedMethods="0" numMethods="1" />
              <MetadataToken>100663347</MetadataToken>
              <Name>UnityEngine.InputSystem.InputAction InputActions/UIActions::get_MiddleClick()</Name>
              <FileRef uid="1" />
              <SequencePoints>
                <SequencePoint vc="0" uspid="16397" ordinal="0" offset="0" sl="1514" sc="0" el="1514" ec="0" bec="0" bev="0" fileid="1" />
              </SequencePoints>
              <BranchPoints />
            </Method>
            <Method visited="false" cyclomaticComplexity="0" nPathComplexity="0" sequenceCoverage="0.0" branchCoverage="0" crapScore="0" isConstructor="false" isStatic="false" isGetter="true" isSetter="false">
              <Summary numSequencePoints="1" visitedSequencePoints="0" numBranchPoints="0" visitedBranchPoints="0" sequenceCoverage="0.0" branchCoverage="0" maxCyclomaticComplexity="0" minCyclomaticComplexity="0" maxCrapScore="0" minCrapScore="0" visitedClasses="0" numClasses="0" visitedMethods="0" numMethods="1" />
              <MetadataToken>100663348</MetadataToken>
              <Name>UnityEngine.InputSystem.InputAction InputActions/UIActions::get_ScrollWheel()</Name>
              <FileRef uid="1" />
              <SequencePoints>
                <SequencePoint vc="0" uspid="16398" ordinal="0" offset="0" sl="1518" sc="0" el="1518" ec="0" bec="0" bev="0" fileid="1" />
              </SequencePoints>
              <BranchPoints />
            </Method>
            <Method visited="false" cyclomaticComplexity="0" nPathComplexity="0" sequenceCoverage="0.0" branchCoverage="0" crapScore="0" isConstructor="false" isStatic="false" isGetter="true" isSetter="false">
              <Summary numSequencePoints="1" visitedSequencePoints="0" numBranchPoints="0" visitedBranchPoints="0" sequenceCoverage="0.0" branchCoverage="0" maxCyclomaticComplexity="0" minCyclomaticComplexity="0" maxCrapScore="0" minCrapScore="0" visitedClasses="0" numClasses="0" visitedMethods="0" numMethods="1" />
              <MetadataToken>100663349</MetadataToken>
              <Name>UnityEngine.InputSystem.InputAction InputActions/UIActions::get_TrackedDevicePosition()</Name>
              <FileRef uid="1" />
              <SequencePoints>
                <SequencePoint vc="0" uspid="16399" ordinal="0" offset="0" sl="1522" sc="0" el="1522" ec="0" bec="0" bev="0" fileid="1" />
              </SequencePoints>
              <BranchPoints />
            </Method>
            <Method visited="false" cyclomaticComplexity="0" nPathComplexity="0" sequenceCoverage="0.0" branchCoverage="0" crapScore="0" isConstructor="false" isStatic="false" isGetter="true" isSetter="false">
              <Summary numSequencePoints="1" visitedSequencePoints="0" numBranchPoints="0" visitedBranchPoints="0" sequenceCoverage="0.0" branchCoverage="0" maxCyclomaticComplexity="0" minCyclomaticComplexity="0" maxCrapScore="0" minCrapScore="0" visitedClasses="0" numClasses="0" visitedMethods="0" numMethods="1" />
              <MetadataToken>100663350</MetadataToken>
              <Name>UnityEngine.InputSystem.InputAction InputActions/UIActions::get_TrackedDeviceOrientation()</Name>
              <FileRef uid="1" />
              <SequencePoints>
                <SequencePoint vc="0" uspid="16400" ordinal="0" offset="0" sl="1526" sc="0" el="1526" ec="0" bec="0" bev="0" fileid="1" />
              </SequencePoints>
              <BranchPoints />
            </Method>
            <Method visited="false" cyclomaticComplexity="0" nPathComplexity="0" sequenceCoverage="0.0" branchCoverage="0" crapScore="0" isConstructor="false" isStatic="false" isGetter="false" isSetter="false">
              <Summary numSequencePoints="3" visitedSequencePoints="0" numBranchPoints="0" visitedBranchPoints="0" sequenceCoverage="0.0" branchCoverage="0" maxCyclomaticComplexity="0" minCyclomaticComplexity="0" maxCrapScore="0" minCrapScore="0" visitedClasses="0" numClasses="0" visitedMethods="0" numMethods="1" />
              <MetadataToken>100663351</MetadataToken>
              <Name>UnityEngine.InputSystem.InputActionMap InputActions/UIActions::Get()</Name>
              <FileRef uid="1" />
              <SequencePoints>
                <SequencePoint vc="0" uspid="16401" ordinal="0" offset="0" sl="1530" sc="37" el="1530" ec="37" bec="0" bev="0" fileid="1" />
                <SequencePoint vc="0" uspid="16402" ordinal="0" offset="1" sl="1530" sc="39" el="1530" ec="39" bec="0" bev="0" fileid="1" />
                <SequencePoint vc="0" uspid="16403" ordinal="0" offset="15" sl="1530" sc="62" el="1530" ec="62" bec="0" bev="0" fileid="1" />
              </SequencePoints>
              <BranchPoints />
            </Method>
            <Method visited="false" cyclomaticComplexity="0" nPathComplexity="0" sequenceCoverage="0.0" branchCoverage="0" crapScore="0" isConstructor="false" isStatic="false" isGetter="false" isSetter="false">
              <Summary numSequencePoints="3" visitedSequencePoints="0" numBranchPoints="0" visitedBranchPoints="0" sequenceCoverage="0.0" branchCoverage="0" maxCyclomaticComplexity="0" minCyclomaticComplexity="0" maxCrapScore="0" minCrapScore="0" visitedClasses="0" numClasses="0" visitedMethods="0" numMethods="1" />
              <MetadataToken>100663352</MetadataToken>
              <Name>System.Void InputActions/UIActions::Enable()</Name>
              <FileRef uid="1" />
              <SequencePoints>
                <SequencePoint vc="0" uspid="16404" ordinal="0" offset="0" sl="1532" sc="0" el="1532" ec="0" bec="0" bev="0" fileid="1" />
                <SequencePoint vc="0" uspid="16405" ordinal="0" offset="1" sl="1532" sc="0" el="1532" ec="0" bec="0" bev="0" fileid="1" />
                <SequencePoint vc="0" uspid="16406" ordinal="0" offset="13" sl="1532" sc="0" el="1532" ec="0" bec="0" bev="0" fileid="1" />
              </SequencePoints>
              <BranchPoints />
            </Method>
            <Method visited="false" cyclomaticComplexity="0" nPathComplexity="0" sequenceCoverage="0.0" branchCoverage="0" crapScore="0" isConstructor="false" isStatic="false" isGetter="false" isSetter="false">
[...]
              <FileRef uid="25" />
              <SequencePoints>
                <SequencePoint vc="0" uspid="20168" ordinal="0" offset="0" sl="130" sc="5" el="130" ec="5" bec="0" bev="0" fileid="25" />
                <SequencePoint vc="0" uspid="20169" ordinal="0" offset="1" sl="131" sc="9" el="131" ec="9" bec="0" bev="0" fileid="25" />
                <SequencePoint vc="0" uspid="20170" ordinal="0" offset="14" sl="132" sc="9" el="132" ec="9" bec="0" bev="0" fileid="25" />
                <SequencePoint vc="0" uspid="20171" ordinal="0" offset="15" sl="133" sc="13" el="133" ec="13" bec="0" bev="0" fileid="25" />
                <SequencePoint vc="0" uspid="20172" ordinal="0" offset="17" sl="136" sc="9" el="136" ec="9" bec="0" bev="0" fileid="25" />
                <SequencePoint vc="0" uspid="20173" ordinal="0" offset="30" sl="137" sc="9" el="137" ec="9" bec="0" bev="0" fileid="25" />
                <SequencePoint vc="0" uspid="20174" ordinal="0" offset="37" sl="138" sc="5" el="138" ec="5" bec="0" bev="0" fileid="25" />
              </SequencePoints>
              <BranchPoints />
            </Method>
            <Method visited="false" cyclomaticComplexity="0" nPathComplexity="0" sequenceCoverage="0.0" branchCoverage="0" crapScore="0" isConstructor="false" isStatic="false" isGetter="false" isSetter="false">
              <Summary numSequencePoints="18" visitedSequencePoints="0" numBranchPoints="0" visitedBranchPoints="0" sequenceCoverage="0.0" branchCoverage="0" maxCyclomaticComplexity="0" minCyclomaticComplexity="0" maxCrapScore="0" minCrapScore="0" visitedClasses="0" numClasses="0" visitedMethods="0" numMethods="1" />
              <MetadataToken>100663922</MetadataToken>
              <Name>System.Boolean SliderHelper::ChangeBy(System.Single)</Name>
              <FileRef uid="25" />
              <SequencePoints>
                <SequencePoint vc="0" uspid="20175" ordinal="0" offset="0" sl="142" sc="5" el="142" ec="5" bec="0" bev="0" fileid="25" />
                <SequencePoint vc="0" uspid="20176" ordinal="0" offset="1" sl="143" sc="9" el="143" ec="9" bec="0" bev="0" fileid="25" />
                <SequencePoint vc="0" uspid="20177" ordinal="0" offset="11" sl="144" sc="9" el="144" ec="9" bec="0" bev="0" fileid="25" />
                <SequencePoint vc="0" uspid="20178" ordinal="0" offset="12" sl="145" sc="13" el="145" ec="13" bec="0" bev="0" fileid="25" />
                <SequencePoint vc="0" uspid="20179" ordinal="0" offset="19" sl="148" sc="9" el="148" ec="9" bec="0" bev="0" fileid="25" />
                <SequencePoint vc="0" uspid="20180" ordinal="0" offset="60" sl="149" sc="9" el="149" ec="9" bec="0" bev="0" fileid="25" />
                <SequencePoint vc="0" uspid="20181" ordinal="0" offset="67" sl="151" sc="9" el="151" ec="9" bec="0" bev="0" fileid="25" />
                <SequencePoint vc="0" uspid="20182" ordinal="0" offset="88" sl="152" sc="9" el="152" ec="9" bec="0" bev="0" fileid="25" />
                <SequencePoint vc="0" uspid="20183" ordinal="0" offset="89" sl="153" sc="13" el="153" ec="13" bec="0" bev="0" fileid="25" />
                <SequencePoint vc="0" uspid="20184" ordinal="0" offset="96" sl="154" sc="13" el="154" ec="13" bec="0" bev="0" fileid="25" />
                <SequencePoint vc="0" uspid="20185" ordinal="0" offset="100" sl="157" sc="9" el="157" ec="9" bec="0" bev="0" fileid="25" />
                <SequencePoint vc="0" uspid="20186" ordinal="0" offset="107" sl="158" sc="9" el="158" ec="9" bec="0" bev="0" fileid="25" />
                <SequencePoint vc="0" uspid="20187" ordinal="0" offset="120" sl="159" sc="9" el="159" ec="9" bec="0" bev="0" fileid="25" />
                <SequencePoint vc="0" uspid="20188" ordinal="0" offset="139" sl="160" sc="9" el="160" ec="9" bec="0" bev="0" fileid="25" />
                <SequencePoint vc="0" uspid="20189" ordinal="0" offset="146" sl="161" sc="9" el="161" ec="9" bec="0" bev="0" fileid="25" />
                <SequencePoint vc="0" uspid="20190" ordinal="0" offset="153" sl="162" sc="9" el="162" ec="9" bec="0" bev="0" fileid="25" />
                <SequencePoint vc="0" uspid="20191" ordinal="0" offset="160" sl="163" sc="9" el="163" ec="9" bec="0" bev="0" fileid="25" />
                <SequencePoint vc="0" uspid="20192" ordinal="0" offset="164" sl="164" sc="5" el="164" ec="5" bec="0" bev="0" fileid="25" />
              </SequencePoints>
              <BranchPoints />
            </Method>
            <Method visited="false" cyclomaticComplexity="0" nPathComplexity="0" sequenceCoverage="0.0" branchCoverage="0" crapScore="0" isConstructor="false" isStatic="false" isGetter="false" isSetter="false">
              <Summary numSequencePoints="8" visitedSequencePoints="0" numBranchPoints="0" visitedBranchPoints="0" sequenceCoverage="0.0" branchCoverage="0" maxCyclomaticComplexity="0" minCyclomaticComplexity="0" maxCrapScore="0" minCrapScore="0" visitedClasses="0" numClasses="0" visitedMethods="0" numMethods="1" />
              <MetadataToken>100663923</MetadataToken>
              <Name>System.Void SliderHelper::BeginHold(System.Single)</Name>
              <FileRef uid="25" />
              <SequencePoints>
                <SequencePoint vc="0" uspid="20193" ordinal="0" offset="0" sl="168" sc="5" el="168" ec="5" bec="0" bev="0" fileid="25" />
                <SequencePoint vc="0" uspid="20194" ordinal="0" offset="1" sl="169" sc="9" el="169" ec="9" bec="0" bev="0" fileid="25" />
                <SequencePoint vc="0" uspid="20195" ordinal="0" offset="8" sl="170" sc="9" el="170" ec="9" bec="0" bev="0" fileid="25" />
                <SequencePoint vc="0" uspid="20196" ordinal="0" offset="15" sl="172" sc="9" el="172" ec="9" bec="0" bev="0" fileid="25" />
                <SequencePoint vc="0" uspid="20197" ordinal="0" offset="29" sl="173" sc="9" el="173" ec="9" bec="0" bev="0" fileid="25" />
                <SequencePoint vc="0" uspid="20198" ordinal="0" offset="30" sl="174" sc="13" el="174" ec="13" bec="0" bev="0" fileid="25" />
                <SequencePoint vc="0" uspid="20199" ordinal="0" offset="32" sl="177" sc="9" el="177" ec="9" bec="0" bev="0" fileid="25" />
                <SequencePoint vc="0" uspid="20200" ordinal="0" offset="50" sl="178" sc="5" el="178" ec="5" bec="0" bev="0" fileid="25" />
              </SequencePoints>
              <BranchPoints />
            </Method>
            <Method visited="false" cyclomaticComplexity="0" nPathComplexity="0" sequenceCoverage="0.0" branchCoverage="0" crapScore="0" isConstructor="false" isStatic="false" isGetter="false" isSetter="false">
              <Summary numSequencePoints="10" visitedSequencePoints="0" numBranchPoints="0" visitedBranchPoints="0" sequenceCoverage="0.0" branchCoverage="0" maxCyclomaticComplexity="0" minCyclomaticComplexity="0" maxCrapScore="0" minCrapScore="0" visitedClasses="0" numClasses="0" visitedMethods="0" numMethods="1" />
              <MetadataToken>100663925</MetadataToken>
              <Name>System.Void SliderHelper::UpdateButtons()</Name>
              <FileRef uid="25" />
              <SequencePoints>
                <SequencePoint vc="0" uspid="20201" ordinal="0" offset="0" sl="206" sc="5" el="206" ec="5" bec="0" bev="0" fileid="25" />
                <SequencePoint vc="0" uspid="20202" ordinal="0" offset="1" sl="207" sc="9" el="207" ec="9" bec="0" bev="0" fileid="25" />
                <SequencePoint vc="0" uspid="20203" ordinal="0" offset="17" sl="208" sc="9" el="208" ec="9" bec="0" bev="0" fileid="25" />
                <SequencePoint vc="0" uspid="20204" ordinal="0" offset="18" sl="209" sc="13" el="209" ec="13" bec="0" bev="0" fileid="25" />
                <SequencePoint vc="0" uspid="20205" ordinal="0" offset="54" sl="210" sc="9" el="210" ec="9" bec="0" bev="0" fileid="25" />
                <SequencePoint vc="0" uspid="20206" ordinal="0" offset="55" sl="212" sc="9" el="212" ec="9" bec="0" bev="0" fileid="25" />
                <SequencePoint vc="0" uspid="20207" ordinal="0" offset="71" sl="213" sc="9" el="213" ec="9" bec="0" bev="0" fileid="25" />
                <SequencePoint vc="0" uspid="20208" ordinal="0" offset="72" sl="214" sc="13" el="214" ec="13" bec="0" bev="0" fileid="25" />
                <SequencePoint vc="0" uspid="20209" ordinal="0" offset="108" sl="215" sc="9" el="215" ec="9" bec="0" bev="0" fileid="25" />
                <SequencePoint vc="0" uspid="20210" ordinal="0" offset="109" sl="216" sc="5" el="216" ec="5" bec="0" bev="0" fileid="25" />
              </SequencePoints>
              <BranchPoints />
            </Method>
            <Method visited="false" cyclomaticComplexity="0" nPathComplexity="0" sequenceCoverage="0.0" branchCoverage="0" crapScore="0" isConstructor="false" isStatic="false" isGetter="false" isSetter="false">
              <Summary numSequencePoints="6" visitedSequencePoints="0" numBranchPoints="0" visitedBranchPoints="0" sequenceCoverage="0.0" branchCoverage="0" maxCyclomaticComplexity="0" minCyclomaticComplexity="0" maxCrapScore="0" minCrapScore="0" visitedClasses="0" numClasses="0" visitedMethods="0" numMethods="1" />
              <MetadataToken>100663926</MetadataToken>
              <Name>System.Void SliderHelper::PlayTick()</Name>
              <FileRef uid="25" />
              <SequencePoints>
                <SequencePoint vc="0" uspid="20211" ordinal="0" offset="0" sl="220" sc="5" el="220" ec="5" bec="0" bev="0" fileid="25" />
                <SequencePoint vc="0" uspid="20212" ordinal="0" offset="1" sl="221" sc="9" el="221" ec="9" bec="0" bev="0" fileid="25" />
                <SequencePoint vc="0" uspid="20213" ordinal="0" offset="16" sl="222" sc="9" el="222" ec="9" bec="0" bev="0" fileid="25" />
                <SequencePoint vc="0" uspid="20214" ordinal="0" offset="17" sl="223" sc="13" el="223" ec="13" bec="0" bev="0" fileid="25" />
                <SequencePoint vc="0" uspid="20215" ordinal="0" offset="19" sl="226" sc="9" el="226" ec="9" bec="0" bev="0" fileid="25" />
                <SequencePoint vc="0" uspid="20216" ordinal="0" offset="25" sl="227" sc="5" el="227" ec="5" bec="0" bev="0" fileid="25" />
              </SequencePoints>
              <BranchPoints />
            </Method>
            <Method visited="false" cyclomaticComplexity="0" nPathComplexity="0" sequenceCoverage="0.0" branchCoverage="0" crapScore="0" isConstructor="false" isStatic="false" isGetter="false" isSetter="false">
              <Summary numSequencePoints="3" visitedSequencePoints="0" numBranchPoints="0" visitedBranchPoints="0" sequenceCoverage="0.0" branchCoverage="0" maxCyclomaticComplexity="0" minCyclomaticComplexity="0" maxCrapScore="0" minCrapScore="0" visitedClasses="0" numClasses="0" visitedMethods="0" numMethods="1" />
              <MetadataToken>100663927</MetadataToken>
              <Name>System.Void SliderHelper::SyncInput()</Name>
              <FileRef uid="25" />
              <SequencePoints>
                <SequencePoint vc="0" uspid="20217" ordinal="0" offset="0" sl="231" sc="0" el="231" ec="0" bec="0" bev="0" fileid="25" />
                <SequencePoint vc="0" uspid="20218" ordinal="0" offset="1" sl="232" sc="0" el="232" ec="0" bec="0" bev="0" fileid="25" />
                <SequencePoint vc="0" uspid="20219" ordinal="0" offset="30" sl="233" sc="0" el="233" ec="0" bec="0" bev="0" fileid="25" />
              </SequencePoints>
              <BranchPoints />
            </Method>
            <Method visited="false" cyclomaticComplexity="0" nPathComplexity="0" sequenceCoverage="0.0" branchCoverage="0" crapScore="0" isConstructor="false" isStatic="false" isGetter="false" isSetter="false">
              <Summary numSequencePoints="3" visitedSequencePoints="0" numBranchPoints="0" visitedBranchPoints="0" sequenceCoverage="0.0" branchCoverage="0" maxCyclomaticComplexity="0" minCyclomaticComplexity="0" maxCrapScore="0" minCrapScore="0" visitedClasses="0" numClasses="0" visitedMethods="0" numMethods="1" />
              <MetadataToken>100663928</MetadataToken>
              <Name>System.String SliderHelper::FormatValue(System.Single)</Name>
              <FileRef uid="25" />
              <SequencePoints>
                <SequencePoint vc="0" uspid="20220" ordinal="0" offset="0" sl="237" sc="5" el="237" ec="5" bec="0" bev="0" fileid="25" />
                <SequencePoint vc="0" uspid="20221" ordinal="0" offset="1" sl="238" sc="9" el="238" ec="9" bec="0" bev="0" fileid="25" />
                <SequencePoint vc="0" uspid="20222" ordinal="0" offset="18" sl="239" sc="5" el="239" ec="5" bec="0" bev="0" fileid="25" />
              </SequencePoints>
              <BranchPoints />
            </Method>
            <Method visited="false" cyclomaticComplexity="0" nPathComplexity="0" sequenceCoverage="0.0" branchCoverage="0" crapScore="0" isConstructor="false" isStatic="false" isGetter="false" isSetter="false">
              <Summary numSequencePoints="14" visitedSequencePoints="0" numBranchPoints="0" visitedBranchPoints="0" sequenceCoverage="0.0" branchCoverage="0" maxCyclomaticComplexity="0" minCyclomaticComplexity="0" maxCrapScore="0" minCrapScore="0" visitedClasses="0" numClasses="0" visitedMethods="0" numMethods="1" />
              <MetadataToken>100663929</MetadataToken>
              <Name>System.Void SliderHelper::EnsureSetup()</Name>
              <FileRef uid="25" />
              <SequencePoints>
                <SequencePoint vc="0" uspid="20223" ordinal="0" offset="0" sl="243" sc="0" el="243" ec="0" bec="0" bev="0" fileid="25" />
                <SequencePoint vc="0" uspid="20224" ordinal="0" offset="1" sl="244" sc="0" el="244" ec="0" bec="0" bev="0" fileid="25" />
                <SequencePoint vc="0" uspid="20225" ordinal="0" offset="17" sl="245" sc="0" el="245" ec="0" bec="0" bev="0" fileid="25" />
                <SequencePoint vc="0" uspid="20226" ordinal="0" offset="18" sl="246" sc="0" el="246" ec="0" bec="0" bev="0" fileid="25" />
                <SequencePoint vc="0" uspid="20227" ordinal="0" offset="29" sl="249" sc="0" el="249" ec="0" bec="0" bev="0" fileid="25" />
                <SequencePoint vc="0" uspid="20228" ordinal="0" offset="45" sl="250" sc="0" el="250" ec="0" bec="0" bev="0" fileid="25" />
                <SequencePoint vc="0" uspid="20229" ordinal="0" offset="46" sl="251" sc="0" el="251" ec="0" bec="0" bev="0" fileid="25" />
                <SequencePoint vc="0" uspid="20230" ordinal="0" offset="57" sl="254" sc="0" el="254" ec="0" bec="0" bev="0" fileid="25" />
                <SequencePoint vc="0" uspid="20231" ordinal="0" offset="73" sl="255" sc="0" el="255" ec="0" bec="0" bev="0" fileid="25" />
                <SequencePoint vc="0" uspid="20232" ordinal="0" offset="74" sl="256" sc="0" el="256" ec="0" bec="0" bev="0" fileid="25" />
                <SequencePoint vc="0" uspid="20233" ordinal="0" offset="85" sl="259" sc="0" el="259" ec="0" bec="0" bev="0" fileid="25" />
                <SequencePoint vc="0" uspid="20234" ordinal="0" offset="101" sl="260" sc="0" el="260" ec="0" bec="0" bev="0" fileid="25" />
                <SequencePoint vc="0" uspid="20235" ordinal="0" offset="102" sl="261" sc="0" el="261" ec="0" bec="0" bev="0" fileid="25" />
                <SequencePoint vc="0" uspid="20236" ordinal="0" offset="113" sl="263" sc="0" el="263" ec="0" bec="0" bev="0" fileid="25" />
              </SequencePoints>
              <BranchPoints />
            </Method>
            <Method visited="false" cyclomaticComplexity="0" nPathComplexity="0" sequenceCoverage="0.0" branchCoverage="0" crapScore="0" isConstructor="true" isStatic="false" isGetter="false" isSetter="false">
              <Summary numSequencePoints="2" visitedSequencePoints="0" numBranchPoints="0" visitedBranchPoints="0" sequenceCoverage="0.0" branchCoverage="0" maxCyclomaticComplexity="0" minCyclomaticComplexity="0" maxCrapScore="0" minCrapScore="0" visitedClasses="0" numClasses="0" visitedMethods="0" numMethods="1" />
              <MetadataToken>100663930</MetadataToken>
              <Name>SliderHelper::SliderHelper()</Name>
              <FileRef uid="25" />
              <SequencePoints>
                <SequencePoint vc="0" uspid="20237" ordinal="0" offset="0" sl="15" sc="22" el="15" ec="22" bec="0" bev="0" fileid="25" />
                <SequencePoint vc="0" uspid="20238" ordinal="0" offset="11" sl="16" sc="22" el="16" ec="22" bec="0" bev="0" fileid="25" />
              </SequencePoints>
              <BranchPoints />
            </Method>
          </Methods>
        </Class>
        <Class>
          <Summary numSequencePoints="15" visitedSequencePoints="0" numBranchPoints="0" visitedBranchPoints="0" sequenceCoverage="0.0" branchCoverage="0.0" maxCyclomaticComplexity="0" minCyclomaticComplexity="0" maxCrapScore="0" minCrapScore="0" visitedClasses="0" numClasses="1" visitedMethods="0" numMethods="1" />
          <FullName>SliderHelper/&lt;HoldLoop&gt;d__23</FullName>
          <Methods>
            <Method visited="false" cyclomaticComplexity="0" nPathComplexity="0" sequenceCoverage="0.0" branchCoverage="0" crapScore="0" isConstructor="false" isStatic="false" isGetter="false" isSetter="false">
              <Summary numSequencePoints="15" visitedSequencePoints="0" numBranchPoints="0" visitedBranchPoints="0" sequenceCoverage="0.0" branchCoverage="0" maxCyclomaticComplexity="0" minCyclomaticComplexity="0" maxCrapScore="0" minCrapScore="0" visitedClasses="0" numClasses="0" visitedMethods="0" numMethods="1" />
              <MetadataToken>100663933</MetadataToken>
              <Name>System.Boolean SliderHelper/&lt;HoldLoop&gt;d__23::MoveNext()</Name>
              <FileRef uid="25" />
              <SequencePoints>
                <SequencePoint vc="0" uspid="20239" ordinal="0" offset="45" sl="182" sc="5" el="182" ec="5" bec="0" bev="0" fileid="25" />
                <SequencePoint vc="0" uspid="20240" ordinal="0" offset="46" sl="183" sc="9" el="183" ec="9" bec="0" bev="0" fileid="25" />
                <SequencePoint vc="0" uspid="20241" ordinal="0" offset="73" sl="185" sc="9" el="185" ec="9" bec="0" bev="0" fileid="25" />
                <SequencePoint vc="0" uspid="20242" ordinal="0" offset="90" sl="186" sc="9" el="186" ec="9" bec="0" bev="0" fileid="25" />
                <SequencePoint vc="0" uspid="20243" ordinal="0" offset="91" sl="187" sc="13" el="187" ec="13" bec="0" bev="0" fileid="25" />
                <SequencePoint vc="0" uspid="20244" ordinal="0" offset="124" sl="188" sc="9" el="188" ec="9" bec="0" bev="0" fileid="25" />
                <SequencePoint vc="0" uspid="20245" ordinal="0" offset="125" sl="190" sc="9" el="190" ec="9" bec="0" bev="0" fileid="25" />
                <SequencePoint vc="0" uspid="20246" ordinal="0" offset="154" sl="193" sc="9" el="193" ec="9" bec="0" bev="0" fileid="25" />
                <SequencePoint vc="0" uspid="20247" ordinal="0" offset="155" sl="194" sc="13" el="194" ec="13" bec="0" bev="0" fileid="25" />
                <SequencePoint vc="0" uspid="20248" ordinal="0" offset="184" sl="195" sc="13" el="195" ec="13" bec="0" bev="0" fileid="25" />
                <SequencePoint vc="0" uspid="20249" ordinal="0" offset="185" sl="196" sc="17" el="196" ec="17" bec="0" bev="0" fileid="25" />
                <SequencePoint vc="0" uspid="20250" ordinal="0" offset="197" sl="197" sc="17" el="197" ec="17" bec="0" bev="0" fileid="25" />
                <SequencePoint vc="0" uspid="20251" ordinal="0" offset="199" sl="200" sc="13" el="200" ec="13" bec="0" bev="0" fileid="25" />
                <SequencePoint vc="0" uspid="20252" ordinal="0" offset="232" sl="201" sc="9" el="201" ec="9" bec="0" bev="0" fileid="25" />
                <SequencePoint vc="0" uspid="20253" ordinal="0" offset="233" sl="192" sc="9" el="192" ec="9" bec="0" bev="0" fileid="25" />
              </SequencePoints>
              <BranchPoints />
            </Method>
          </Methods>
        </Class>
      </Classes>
    </Module>
  </Modules>
</CoverageSession>