TN:
SF:C:/workstation/Unity/A_Task_For_Two/Assets/Scripts/AnimatedToggle.cs
FN:27,IsOn()
FN:31,Awake()
FN:40,OnDestroy()
FN:46,Toggle()
FN:52,SetValue(System.Boolean)
FN:58,SetValue(System.Boolean, System.Boolean)
FN:71,ApplyPos()
FN:79,EnsureSetup()
FN:19,AnimatedToggle()
FNDA:0,IsOn()
FNDA:0,Awake()
FNDA:0,OnDestroy()
FNDA:0,Toggle()
FNDA:0,SetValue(System.Boolean)
FNDA:12,SetValue(System.Boolean, System.Boolean)
FNDA:12,ApplyPos()
FNDA:0,EnsureSetup()
FNDA:28,AnimatedToggle()
FNF:9
FNH:3
BRF:0
BRH:0
DA:19,28
DA:20,28
DA:23,28
DA:24,28
DA:27,0
DA:31,0
DA:32,0
DA:33,0
DA:34,0
DA:35,0
DA:36,0
DA:40,0
DA:41,0
DA:42,0
DA:46,0
DA:47,0
DA:48,0
DA:52,0
DA:53,0
DA:54,0
DA:58,12
DA:59,12
DA:60,12
DA:61,12
DA:63,12
DA:64,0
DA:65,0
DA:66,0
DA:67,12
DA:71,12
DA:72,12
DA:73,12
DA:74,12
DA:75,12
DA:79,0
DA:80,0
DA:82,0
DA:83,0
DA:84,0
DA:86,0
LH:15
LF:40
end_of_record
SF:C:/workstation/Unity/A_Task_For_Two/Assets/Scripts/AudioManager.cs
FN:9,Instance()
FN:9,Instance(AudioManager)
FN:16,Awake()
FN:30,OnDestroy()
FN:39,PlayHover()
FN:50,PlayClick()
FN:61,PlayOneShot(UnityEngine.AudioClip, System.Single)
FNDA:58,Instance()
FNDA:58,Instance(AudioManager)
FNDA:12,Awake()
FNDA:7,OnDestroy()
FNDA:6,PlayHover()
FNDA:2,PlayClick()
FNDA:4,PlayOneShot(UnityEngine.AudioClip, System.Single)
FNF:7
FNH:7
BRF:0
BRH:0
DA:9,58
DA:16,12
DA:17,12
DA:18,0
DA:19,0
DA:20,0
DA:23,12
DA:24,12
DA:25,12
DA:26,12
DA:30,7
DA:31,7
DA:32,7
DA:33,7
DA:34,7
DA:35,7
DA:39,6
DA:40,6
DA:41,3
DA:42,3
DA:45,3
DA:46,3
DA:50,2
DA:51,2
DA:52,1
DA:53,1
DA:56,1
DA:57,1
DA:61,4
DA:62,4
DA:63,0
DA:64,0
DA:67,4
DA:68,4
LH:29
LF:34
end_of_record
SF:C:/workstation/Unity/A_Task_For_Two/Assets/Scripts/CharacterAnimation.cs
FN:29,Awake()
FN:41,Update()
FN:59,FloatName(CharacterAnimation/FloatParam)
FN:70,BoolName(CharacterAnimation/BoolParam)
FN:80,TriggerName(CharacterAnimation/TriggerParam)
FNDA:0,Awake()
FNDA:0,Update()
FNDA:0,FloatName(CharacterAnimation/FloatParam)
FNDA:0,BoolName(CharacterAnimation/BoolParam)
FNDA:0,TriggerName(CharacterAnimation/TriggerParam)
FNF:5
FNH:0
BRF:0
BRH:0
DA:29,0
DA:30,0
DA:31,0
DA:33,0
DA:34,0
DA:35,0
DA:37,0
DA:41,0
DA:42,0
DA:43,0
DA:44,0
DA:47,0
DA:48,0
DA:49,0
DA:51,0
DA:52,0
DA:53,0
DA:54,0
DA:55,0
DA:59,0
DA:60,0
DA:62,0
DA:63,0
DA:64,0
DA:66,0
DA:70,0
DA:71,0
DA:73,0
DA:74,0
DA:76,0
DA:80,0
DA:81,0
DA:83,0
DA:84,0
DA:86,0
LH:0
LF:35
end_of_record
SF:C:/workstation/Unity/A_Task_For_Two/Assets/Scripts/CharacterSelection.cs
FN:32,Start()
FN:100,PrevChar()
FN:116,NextChar()
FN:230,ApplyLayout()
FN:264,ApplyPose(System.Int32, System.Single)
FN:276,AnglePos(System.Single)
FN:285,UpdateName()
FN:298,SaveSelection()
FN:307,OnGenderChanged(System.Boolean)
FN:323,InitGroup(System.Int32)
FN:334,CurSlot()
FN:340,SlotIndex(System.Int32)
FN:348,GroupBase()
FN:355,GroupCount()
FN:363,OnDestroy()
FN:372,WrapIndex(System.Int32, System.Int32)
FN:390,EnsureSetup()
FN:15,CharacterSelection()
FN:132,RotateCarousel()
FNDA:4,Start()
FNDA:0,PrevChar()
FNDA:0,NextChar()
FNDA:4,ApplyLayout()
FNDA:12,ApplyPose(System.Int32, System.Single)
FNDA:12,AnglePos(System.Single)
FNDA:4,UpdateName()
FNDA:4,SaveSelection()
FNDA:0,OnGenderChanged(System.Boolean)
FNDA:4,InitGroup(System.Int32)
FNDA:8,CurSlot()
FNDA:16,SlotIndex(System.Int32)
FNDA:48,GroupBase()
FNDA:28,GroupCount()
FNDA:3,OnDestroy()
FNDA:24,WrapIndex(System.Int32, System.Int32)
FNDA:4,EnsureSetup()
FNDA:4,CharacterSelection()
FNDA:0,RotateCarousel()
FNF:19
FNH:15
BRF:0
BRH:0
DA:15,4
DA:16,4
DA:17,4
DA:18,4
DA:19,4
DA:20,4
DA:21,4
DA:22,4
DA:23,4
DA:26,4
DA:27,4
DA:32,4
DA:33,4
DA:36,4
DA:37,0
DA:38,0
DA:39,0
DA:42,4
DA:43,4
DA:45,56
DA:46,24
DA:47,24
DA:48,24
DA:49,24
DA:52,24
DA:53,0
DA:54,0
DA:57,24
DA:58,24
DA:60,4
DA:61,0
DA:62,0
DA:63,0
DA:64,0
DA:67,4
DA:68,4
DA:70,56
DA:71,24
DA:72,24
DA:73,24
DA:75,4
DA:76,4
DA:77,4
DA:78,4
DA:80,4
DA:81,4
DA:82,4
DA:83,4
DA:84,4
DA:86,4
DA:88,60
DA:89,24
DA:90,24
DA:91,24
DA:93,4
DA:94,4
DA:95,4
DA:96,4
DA:100,0
DA:101,0
DA:102,0
DA:103,0
DA:106,0
DA:107,0
DA:108,0
DA:111,0
DA:112,0
DA:116,0
DA:117,0
DA:118,0
DA:119,0
DA:122,0
DA:123,0
DA:124,0
DA:127,0
DA:128,0
DA:132,0
DA:133,0
DA:135,0
DA:136,0
DA:137,0
DA:140,0
DA:141,0
DA:142,0
DA:143,0
DA:144,0
DA:145,0
DA:147,0
DA:148,0
DA:150,0
DA:151,0
DA:152,0
DA:153,0
DA:154,0
DA:155,0
DA:156,0
DA:159,0
DA:160,0
DA:161,0
DA:162,0
DA:164,0
DA:165,0
DA:166,0
DA:167,0
DA:168,0
DA:169,0
DA:170,0
DA:172,0
DA:173,0
DA:175,0
DA:176,0
DA:178,0
DA:179,0
DA:180,0
DA:181,0
DA:182,0
DA:183,0
DA:184,0
DA:186,0
DA:188,0
DA:189,0
DA:190,0
DA:191,0
DA:192,0
DA:193,0
DA:194,0
DA:196,0
DA:197,0
DA:199,0
DA:200,0
DA:201,0
DA:202,0
DA:204,0
DA:206,0
DA:207,0
DA:208,0
DA:209,0
DA:210,0
DA:213,0
DA:214,0
DA:215,0
DA:217,0
DA:218,0
DA:220,0
DA:221,0
DA:222,0
DA:223,0
DA:224,0
DA:225,0
DA:226,0
DA:230,4
DA:231,4
DA:232,0
DA:233,0
DA:236,56
DA:237,24
DA:238,24
DA:239,24
DA:240,24
DA:242,4
DA:243,4
DA:244,4
DA:245,4
DA:247,4
DA:248,4
DA:249,4
DA:250,4
DA:251,4
DA:252,4
DA:254,4
DA:255,4
DA:256,4
DA:257,4
DA:258,4
DA:259,4
DA:260,4
DA:264,12
DA:265,12
DA:266,12
DA:267,12
DA:268,12
DA:269,12
DA:270,12
DA:271,12
DA:272,12
DA:276,12
DA:277,12
DA:278,12
DA:279,12
DA:280,12
DA:281,12
DA:285,4
DA:286,4
DA:287,0
DA:288,0
DA:289,0
DA:292,4
DA:293,4
DA:294,4
DA:298,4
DA:299,4
DA:300,4
DA:301,4
DA:302,4
DA:303,4
DA:307,0
DA:308,0
DA:309,0
DA:310,0
DA:313,0
DA:314,0
DA:315,0
DA:316,0
DA:317,0
DA:318,0
DA:319,0
DA:323,4
DA:324,4
DA:325,4
DA:326,4
DA:327,4
DA:328,4
DA:329,4
DA:330,4
DA:334,8
DA:335,8
DA:336,8
DA:340,16
DA:341,16
DA:342,16
DA:343,16
DA:344,16
DA:348,48
DA:349,48
DA:350,48
DA:351,48
DA:355,28
DA:356,28
DA:357,28
DA:358,28
DA:359,28
DA:363,3
DA:364,3
DA:365,0
DA:366,0
DA:367,0
DA:368,3
DA:372,24
DA:373,24
DA:374,0
DA:375,0
DA:378,24
DA:380,24
DA:381,4
DA:382,4
DA:383,4
DA:385,24
DA:386,24
DA:390,4
DA:391,4
DA:392,0
DA:393,0
DA:396,4
DA:397,0
DA:398,0
DA:400,4
LH:140
LF:266
end_of_record
SF:C:/workstation/Unity/A_Task_For_Two/Assets/Scripts/ConnectionLost.cs
FN:16,Awake()
FN:23,OnEnable()
FN:30,OnDisable()
FN:37,OnDestroy()
FN:44,ReturnToMainMenu()
FN:51,ExitGame()
FN:58,Subscribe()
FN:70,Unsubscribe()
FN:81,OnClientLeft(System.UInt64)
FN:112,Show()
FN:142,HideNow()
FN:150,SetHud(System.Boolean)
FN:156,EnsureSetup()
FNDA:0,Awake()
FNDA:0,OnEnable()
FNDA:0,OnDisable()
FNDA:0,OnDestroy()
FNDA:1,ReturnToMainMenu()
FNDA:0,ExitGame()
FNDA:0,Subscribe()
FNDA:0,Unsubscribe()
FNDA:0,OnClientLeft(System.UInt64)
FNDA:0,Show()
FNDA:1,HideNow()
FNDA:1,SetHud(System.Boolean)
FNDA:0,EnsureSetup()
FNF:13
FNH:3
BRF:0
BRH:0
DA:16,0
DA:17,0
DA:18,0
DA:19,0
DA:23,0
DA:24,0
DA:25,0
DA:26,0
DA:30,0
DA:31,0
DA:32,0
DA:33,0
DA:37,0
DA:38,0
DA:39,0
DA:40,0
DA:44,1
DA:45,1
DA:46,1
DA:47,1
DA:51,0
DA:52,0
DA:53,0
DA:54,0
DA:58,0
DA:59,0
DA:60,0
DA:61,0
DA:64,0
DA:65,0
DA:66,0
DA:70,0
DA:71,0
DA:72,0
DA:73,0
DA:76,0
DA:77,0
DA:81,0
DA:82,0
DA:83,0
DA:84,0
DA:87,0
DA:88,0
DA:89,0
DA:92,0
DA:93,0
DA:94,0
DA:97,0
DA:98,0
DA:99,0
DA:102,0
DA:103,0
DA:104,0
DA:107,0
DA:108,0
DA:112,0
DA:113,0
DA:114,0
DA:115,0
DA:118,0
DA:119,0
DA:120,0
DA:123,0
DA:125,0
DA:126,0
DA:127,0
DA:128,0
DA:129,0
DA:131,0
DA:132,0
DA:133,0
DA:134,0
DA:135,0
DA:136,0
DA:137,0
DA:138,0
DA:142,1
DA:143,1
DA:144,1
DA:145,1
DA:146,1
DA:150,1
DA:151,1
DA:152,1
DA:156,0
DA:157,0
DA:158,0
DA:159,0
DA:162,0
DA:163,0
DA:164,0
DA:166,0
LH:12
LF:92
end_of_record
SF:C:/workstation/Unity/A_Task_For_Two/Assets/Scripts/DieClickAnimate.cs
FN:50,CurrentFace()
FN:53,Locked()
FN:56,IsRolling()
FN:60,Awake()
FN:71,OnNetworkSpawn()
FN:79,OnNetworkDespawn()
FN:86,RollDie()
FN:103,SetLocked(System.Boolean)
FN:122,EnsureSetup()
FN:199,FaceRotation(System.Int32)
FN:205,QueueFace(System.Int32)
FN:221,ApplyLocked(System.Boolean)
FN:234,OnLockedChanged(System.Boolean, System.Boolean)
FN:240,SyncFromNetworkState()
FN:258,RequestRollServerRpc()
FN:273,RollClientRpc(System.Int32)
FN:280,SetLockedServerRpc(System.Boolean)
FN:286,PlayRollSfx()
FN:41,DieClickAnimate()
FN:27,DieClickAnimate()
FN:161,MoveLocalPosition()
FN:141,ProcessQueue()
FN:180,RotateLocalTo()
FNDA:5,CurrentFace()
FNDA:4,Locked()
FNDA:197,IsRolling()
FNDA:20,Awake()
FNDA:1,OnNetworkSpawn()
FNDA:1,OnNetworkDespawn()
FNDA:5,RollDie()
FNDA:8,SetLocked(System.Boolean)
FNDA:20,EnsureSetup()
FNDA:24,FaceRotation(System.Int32)
FNDA:4,QueueFace(System.Int32)
FNDA:9,ApplyLocked(System.Boolean)
FNDA:0,OnLockedChanged(System.Boolean, System.Boolean)
FNDA:1,SyncFromNetworkState()
FNDA:0,RequestRollServerRpc()
FNDA:0,RollClientRpc(System.Int32)
FNDA:0,SetLockedServerRpc(System.Boolean)
FNDA:4,PlayRollSfx()
FNDA:10,DieClickAnimate()
FNDA:0,DieClickAnimate()
FNDA:7,MoveLocalPosition()
FNDA:4,ProcessQueue()
FNDA:3,RotateLocalTo()
FNF:23
FNH:18
BRF:0
BRH:0
DA:27,0
DA:41,10
DA:42,10
DA:45,10
DA:50,5
DA:53,4
DA:56,197
DA:60,20
DA:61,20
DA:62,20
DA:63,20
DA:64,20
DA:65,20
DA:66,20
DA:67,20
DA:71,1
DA:72,1
DA:73,1
DA:74,1
DA:75,1
DA:79,1
DA:80,1
DA:81,1
DA:82,1
DA:86,5
DA:87,5
DA:88,1
DA:89,1
DA:92,4
DA:93,4
DA:94,4
DA:95,4
DA:98,0
DA:99,5
DA:103,8
DA:104,8
DA:105,8
DA:106,8
DA:107,8
DA:110,0
DA:111,0
DA:112,0
DA:113,0
DA:114,0
DA:117,0
DA:118,8
DA:122,20
DA:123,20
DA:124,0
DA:125,0
DA:128,20
DA:129,0
DA:130,0
DA:133,20
DA:134,0
DA:135,0
DA:137,20
DA:141,4
DA:142,4
DA:145,7
DA:146,4
DA:147,4
DA:148,4
DA:149,3
DA:150,3
DA:151,3
DA:152,3
DA:153,3
DA:154,3
DA:156,3
DA:157,3
DA:161,7
DA:162,7
DA:163,7
DA:165,135
DA:166,129
DA:167,129
DA:168,129
DA:170,129
DA:171,129
DA:172,129
DA:173,128
DA:175,6
DA:176,6
DA:180,3
DA:181,3
DA:182,3
DA:184,63
DA:185,60
DA:186,60
DA:187,60
DA:189,60
DA:190,60
DA:191,60
DA:192,60
DA:194,3
DA:195,3
DA:199,24
DA:200,24
DA:201,24
DA:205,4
DA:206,4
DA:207,0
DA:208,0
DA:211,4
DA:213,4
DA:214,4
DA:215,4
DA:216,4
DA:217,4
DA:221,9
DA:222,9
DA:224,9
DA:225,6
DA:226,6
DA:229,3
DA:230,9
DA:234,0
DA:235,0
DA:236,0
DA:240,1
DA:241,1
DA:242,1
DA:243,1
DA:245,1
DA:246,0
DA:247,0
DA:248,0
DA:249,0
DA:251,1
DA:252,1
DA:253,1
DA:258,0
DA:259,0
DA:260,0
DA:261,0
DA:265,0
DA:266,0
DA:267,0
DA:268,0
DA:273,0
DA:274,0
DA:275,0
DA:280,0
DA:281,0
DA:282,0
DA:286,4
DA:287,4
DA:288,4
LH:112
LF:149
end_of_record
SF:C:/workstation/Unity/A_Task_For_Two/Assets/Scripts/DropdownHelper.cs
FN:20,Awake()
FN:33,OnEnable()
FN:44,LateUpdate()
FN:63,UpdateArrow(System.Boolean)
FN:113,GetItemHeight(UnityEngine.RectTransform, System.Int32)
FN:135,FindOpenList()
FN:78,CenterOnOpen()
FNDA:0,Awake()
FNDA:0,OnEnable()
FNDA:0,LateUpdate()
FNDA:0,UpdateArrow(System.Boolean)
FNDA:0,GetItemHeight(UnityEngine.RectTransform, System.Int32)
FNDA:0,FindOpenList()
FNDA:0,CenterOnOpen()
FNF:7
FNH:0
BRF:0
BRH:0
DA:20,0
DA:21,0
DA:23,0
DA:24,0
DA:25,0
DA:28,0
DA:29,0
DA:33,0
DA:34,0
DA:35,0
DA:36,0
DA:39,0
DA:40,0
DA:44,0
DA:45,0
DA:46,0
DA:48,0
DA:49,0
DA:50,0
DA:51,0
DA:52,0
DA:53,0
DA:55,0
DA:56,0
DA:58,0
DA:59,0
DA:63,0
DA:64,0
DA:66,0
DA:67,0
DA:68,0
DA:71,0
DA:72,0
DA:73,0
DA:74,0
DA:78,0
DA:79,0
DA:80,0
DA:81,0
DA:83,0
DA:84,0
DA:85,0
DA:86,0
DA:89,0
DA:90,0
DA:91,0
DA:92,0
DA:93,0
DA:95,0
DA:96,0
DA:97,0
DA:98,0
DA:99,0
DA:102,0
DA:103,0
DA:104,0
DA:105,0
DA:106,0
DA:107,0
DA:108,0
DA:109,0
DA:113,0
DA:114,0
DA:115,0
DA:116,0
DA:118,0
DA:119,0
DA:120,0
DA:122,0
DA:123,0
DA:124,0
DA:126,0
DA:127,0
DA:129,0
DA:130,0
DA:131,0
DA:135,0
DA:136,0
DA:138,0
DA:139,0
DA:140,0
DA:143,0
DA:144,0
DA:145,0
DA:147,0
DA:148,0
DA:149,0
DA:151,0
DA:152,0
DA:153,0
DA:156,0
DA:158,0
DA:159,0
DA:160,0
DA:161,0
DA:162,0
DA:163,0
DA:165,0
DA:166,0
LH:0
LF:99
end_of_record
SF:C:/workstation/Unity/A_Task_For_Two/Assets/Scripts/MenuSfx.cs
FN:266,OnPointerEnter(UnityEngine.EventSystems.PointerEventData)
FNDA:2,OnPointerEnter(UnityEngine.EventSystems.PointerEventData)
FNF:1
FNH:1
BRF:0
BRH:0
DA:266,2
DA:267,2
DA:268,1
LH:3
LF:3
end_of_record
SF:C:/workstation/Unity/A_Task_For_Two/Assets/Scripts/EndScreen.cs
FN:24,IsShown()
FN:24,IsShown(System.Boolean)
FN:28,Awake()
FN:36,OnDestroy()
FN:42,Update()
FN:73,ShowEndRpc()
FN:79,ReturnToMainMenu()
FN:85,ExitGame()
FN:91,ShowLocal()
FN:118,DisableLocalPlayerControls()
FN:155,IsPlayer(UnityEngine.Collider)
FN:162,IsPlayerInTriggerZone()
FN:211,EnsureFadeOverlay()
FN:238,SetFadeAlpha(System.Single)
FN:246,PlayEndScreenStartSfx()
FN:252,EnsureSetup()
FN:17,EndScreen()
FN:179,FadeToEndScreen()
FNDA:0,IsShown()
FNDA:0,IsShown(System.Boolean)
FNDA:0,Awake()
FNDA:1,OnDestroy()
FNDA:0,Update()
FNDA:0,ShowEndRpc()
FNDA:1,ReturnToMainMenu()
FNDA:0,ExitGame()
FNDA:0,ShowLocal()
FNDA:0,DisableLocalPlayerControls()
FNDA:0,IsPlayer(UnityEngine.Collider)
FNDA:0,IsPlayerInTriggerZone()
FNDA:0,EnsureFadeOverlay()
FNDA:0,SetFadeAlpha(System.Single)
FNDA:0,PlayEndScreenStartSfx()
FNDA:0,EnsureSetup()
FNDA:2,EndScreen()
FNDA:0,FadeToEndScreen()
FNF:18
FNH:3
BRF:0
BRH:0
DA:17,2
DA:24,0
DA:28,0
DA:29,0
DA:30,0
DA:31,0
DA:32,0
DA:36,1
DA:37,1
DA:38,1
DA:42,0
DA:43,0
DA:44,0
DA:45,0
DA:48,0
DA:49,0
DA:51,0
DA:54,0
DA:55,0
DA:56,0
DA:59,0
DA:61,0
DA:62,0
DA:64,0
DA:65,0
DA:68,0
DA:69,0
DA:73,0
DA:74,0
DA:75,0
DA:79,1
DA:80,1
DA:81,1
DA:85,0
DA:86,0
DA:87,0
DA:91,0
DA:92,0
DA:93,0
DA:94,0
DA:97,0
DA:98,0
DA:99,0
DA:100,0
DA:101,0
DA:102,0
DA:103,0
DA:104,0
DA:105,0
DA:107,0
DA:108,0
DA:109,0
DA:110,0
DA:112,0
DA:113,0
DA:114,0
DA:118,0
DA:120,0
DA:122,0
DA:123,0
DA:124,0
DA:125,0
DA:126,0
DA:127,0
DA:128,0
DA:130,0
DA:132,0
DA:133,0
DA:134,0
DA:135,0
DA:136,0
DA:137,0
DA:138,0
DA:140,0
DA:142,0
DA:143,0
DA:144,0
DA:146,0
DA:147,0
DA:148,0
DA:149,0
DA:150,0
DA:151,0
DA:155,0
DA:156,0
DA:157,0
DA:158,0
DA:162,0
DA:164,0
DA:166,0
DA:167,0
DA:168,0
DA:169,0
DA:170,0
DA:172,0
DA:174,0
DA:175,0
DA:179,0
DA:180,0
DA:181,0
DA:182,0
DA:185,0
DA:186,0
DA:187,0
DA:188,0
DA:189,0
DA:190,0
DA:192,0
DA:193,0
DA:194,0
DA:195,0
DA:198,0
DA:199,0
DA:200,0
DA:201,0
DA:202,0
DA:203,0
DA:205,0
DA:206,0
DA:207,0
DA:211,0
DA:212,0
DA:213,0
DA:214,0
DA:217,0
DA:218,0
DA:219,0
DA:220,0
DA:221,0
DA:222,0
DA:223,0
DA:224,0
DA:225,0
DA:226,0
DA:227,0
DA:228,0
DA:229,0
DA:230,0
DA:231,0
DA:232,0
DA:233,0
DA:234,0
DA:238,0
DA:239,0
DA:240,0
DA:241,0
DA:242,0
DA:246,0
DA:247,0
DA:248,0
DA:252,0
DA:253,0
DA:254,0
DA:255,0
DA:258,0
DA:259,0
DA:260,0
DA:263,0
DA:264,0
DA:265,0
DA:268,0
DA:269,0
DA:270,0
DA:273,0
DA:274,0
DA:275,0
DA:278,0
DA:279,0
DA:280,0
DA:282,0
LH:7
LF:170
end_of_record
SF:C:/workstation/Unity/A_Task_For_Two/Assets/Scripts/GameSession.cs
FN:22,Pref(GameSession/PrefKey)
FN:28,PrefSetString(GameSession/PrefKey, System.String)
FN:34,PrefGetString(GameSession/PrefKey, System.String)
FN:40,PrefSetInt(GameSession/PrefKey, System.Int32)
FN:46,PrefGetInt(GameSession/PrefKey, System.Int32)
FN:51,Instance()
FN:51,Instance(GameSession)
FN:64,SetName(System.String)
FN:71,SetChar(System.Int32)
FN:78,Awake()
FN:105,LoadSaved()
FN:60,GameSession()
FN:14,GameSession()
FNDA:14,Pref(GameSession/PrefKey)
FNDA:0,PrefSetString(GameSession/PrefKey, System.String)
FNDA:5,PrefGetString(GameSession/PrefKey, System.String)
FNDA:4,PrefSetInt(GameSession/PrefKey, System.Int32)
FNDA:5,PrefGetInt(GameSession/PrefKey, System.Int32)
FNDA:48,Instance()
FNDA:48,Instance(GameSession)
FNDA:0,SetName(System.String)
FNDA:4,SetChar(System.Int32)
FNDA:9,Awake()
FNDA:5,LoadSaved()
FNDA:9,GameSession()
FNDA:0,GameSession()
FNF:13
FNH:10
BRF:0
BRH:0
DA:14,0
DA:22,14
DA:23,14
DA:24,14
DA:28,0
DA:29,0
DA:30,0
DA:34,5
DA:35,5
DA:36,5
DA:40,4
DA:41,4
DA:42,4
DA:46,5
DA:47,5
DA:48,5
DA:51,48
DA:60,9
DA:64,0
DA:65,0
DA:66,0
DA:67,0
DA:71,4
DA:72,4
DA:73,4
DA:74,4
DA:78,9
DA:79,9
DA:80,5
DA:81,5
DA:83,5
DA:84,5
DA:85,5
DA:86,5
DA:88,5
DA:89,5
DA:91,4
DA:92,4
DA:93,4
DA:94,4
DA:95,4
DA:97,0
DA:98,0
DA:99,0
DA:100,4
DA:101,9
DA:105,5
DA:106,5
DA:107,5
DA:108,5
LH:39
LF:50
end_of_record
SF:C:/workstation/Unity/A_Task_For_Two/Assets/Scripts/GenderToggle.cs
FN:44,Awake()
FN:51,Start()
FN:58,OnEnable()
FN:69,Update()
FN:84,ToggleGender()
FN:90,SetGender(System.Boolean)
FN:96,SetGender(System.Boolean, System.Boolean, System.Boolean)
FN:110,SyncAnim(System.Boolean)
FN:124,ApplyColors()
FN:131,ApplyBlend()
FN:142,EnsureSetup()
FN:166,BoolName(GenderToggle/BoolParam)
FN:176,StateName(GenderToggle/AnimState)
FN:30,GenderToggle()
FNDA:4,Awake()
FNDA:4,Start()
FNDA:4,OnEnable()
FNDA:198,Update()
FNDA:0,ToggleGender()
FNDA:0,SetGender(System.Boolean)
FNDA:8,SetGender(System.Boolean, System.Boolean, System.Boolean)
FNDA:8,SyncAnim(System.Boolean)
FNDA:8,ApplyColors()
FNDA:8,ApplyBlend()
FNDA:4,EnsureSetup()
FNDA:8,BoolName(GenderToggle/BoolParam)
FNDA:8,StateName(GenderToggle/AnimState)
FNDA:4,GenderToggle()
FNF:14
FNH:12
BRF:0
BRH:0
DA:30,4
DA:31,4
DA:32,4
DA:33,4
DA:44,4
DA:45,4
DA:46,4
DA:47,4
DA:51,4
DA:52,4
DA:53,4
DA:54,4
DA:58,4
DA:59,4
DA:60,4
DA:61,4
DA:64,0
DA:65,4
DA:69,198
DA:70,198
DA:72,198
DA:73,198
DA:74,198
DA:77,0
DA:78,0
DA:79,0
DA:80,198
DA:84,0
DA:85,0
DA:86,0
DA:90,0
DA:91,0
DA:92,0
DA:96,8
DA:97,8
DA:98,8
DA:99,8
DA:100,8
DA:102,8
DA:103,4
DA:104,4
DA:105,4
DA:106,8
DA:110,8
DA:111,8
DA:112,8
DA:113,8
DA:115,8
DA:116,8
DA:117,8
DA:118,8
DA:119,8
DA:120,8
DA:124,8
DA:125,8
DA:126,8
DA:127,8
DA:131,8
DA:132,8
DA:133,8
DA:134,8
DA:135,8
DA:136,8
DA:137,8
DA:138,8
DA:142,4
DA:143,4
DA:144,0
DA:145,0
DA:148,4
DA:149,0
DA:150,0
DA:153,4
DA:154,0
DA:155,0
DA:158,4
DA:159,0
DA:160,0
DA:162,4
DA:166,8
DA:167,8
DA:169,8
DA:170,0
DA:172,8
DA:176,8
DA:177,8
DA:179,8
DA:180,0
DA:181,0
DA:183,8
LH:69
LF:90
end_of_record
SF:C:/workstation/Unity/A_Task_For_Two/Assets/Scripts/HudStats.cs
FN:33,Awake()
FN:40,Update()
FN:49,UpdateFps()
FN:66,UpdatePing()
FN:99,UpdateClock()
FN:113,Layout()
FN:126,LayoutIfNeeded()
FN:139,PlaceWidget(UnityEngine.RectTransform, System.Int32&)
FN:156,TryGetPing(System.UInt64&)
FN:186,EnsureSetup()
FNDA:0,Awake()
FNDA:0,Update()
FNDA:0,UpdateFps()
FNDA:0,UpdatePing()
FNDA:0,UpdateClock()
FNDA:0,Layout()
FNDA:0,LayoutIfNeeded()
FNDA:0,PlaceWidget(UnityEngine.RectTransform, System.Int32&)
FNDA:0,TryGetPing(System.UInt64&)
FNDA:0,EnsureSetup()
FNF:10
FNH:0
BRF:0
BRH:0
DA:33,0
DA:34,0
DA:35,0
DA:36,0
DA:40,0
DA:41,0
DA:42,0
DA:43,0
DA:44,0
DA:45,0
DA:49,0
DA:50,0
DA:51,0
DA:53,0
DA:54,0
DA:55,0
DA:58,0
DA:59,0
DA:60,0
DA:61,0
DA:62,0
DA:66,0
DA:67,0
DA:69,0
DA:70,0
DA:71,0
DA:74,0
DA:76,0
DA:77,0
DA:78,0
DA:79,0
DA:82,0
DA:83,0
DA:84,0
DA:85,0
DA:88,0
DA:89,0
DA:90,0
DA:91,0
DA:94,0
DA:95,0
DA:99,0
DA:100,0
DA:102,0
DA:103,0
DA:104,0
DA:107,0
DA:108,0
DA:109,0
DA:113,0
DA:114,0
DA:115,0
DA:116,0
DA:117,0
DA:118,0
DA:119,0
DA:120,0
DA:121,0
DA:122,0
DA:126,0
DA:127,0
DA:128,0
DA:129,0
DA:131,0
DA:132,0
DA:133,0
DA:134,0
DA:135,0
DA:139,0
DA:140,0
DA:141,0
DA:142,0
DA:143,0
DA:145,0
DA:146,0
DA:147,0
DA:150,0
DA:151,0
DA:152,0
DA:156,0
DA:157,0
DA:159,0
DA:160,0
DA:161,0
DA:164,0
DA:165,0
DA:166,0
DA:167,0
DA:168,0
DA:169,0
DA:170,0
DA:173,0
DA:174,0
DA:177,0
DA:180,0
DA:181,0
DA:182,0
DA:186,0
DA:187,0
DA:188,0
DA:189,0
DA:192,0
DA:193,0
DA:194,0
DA:197,0
DA:198,0
DA:199,0
DA:202,0
DA:203,0
DA:204,0
DA:207,0
DA:208,0
DA:209,0
DA:212,0
DA:213,0
DA:214,0
DA:216,0
LH:0
LF:117
end_of_record
SF:C:/workstation/Unity/A_Task_For_Two/Assets/InputActions.cs
FN:80,asset()
FN:1214,Finalize()
FN:1224,Dispose()
FN:1231,bindingMask()
FN:1232,bindingMask(System.Nullable[InputBinding])
FN:1238,devices()
FN:1239,devices(System.Nullable[ReadOnlyArray`1])
FN:1243,controlSchemes()
FN:1247,Contains(UnityEngine.InputSystem.InputAction)
FN:1253,GetEnumerator()
FN:1259,GetEnumerator()
FN:1265,Enable()
FN:1271,Disable()
FN:1276,bindings()
FN:1280,FindAction(System.String, System.Boolean)
FN:1286,FindBinding(UnityEngine.InputSystem.InputBinding, UnityEngine.InputSystem.InputAction&)
FN:1461,Player()
FN:1656,UI()
FN:1752,System()
FN:1761,KeyboardMouseScheme()
FN:1774,GamepadScheme()
FN:1787,TouchScheme()
FN:1800,JoystickScheme()
FN:1813,XRScheme()
FN:85,InputActions()
FN:1315,Move()
FN:1319,Look()
FN:1323,Interact()
FN:1327,Crouch()
FN:1331,Jump()
FN:1335,Previous()
FN:1339,Next()
FN:1343,Sprint()
FN:1347,Get()
FN:1349,Enable()
FN:1351,Disable()
FN:1353,enabled()
FN:1357,implicit operator UnityEngine.InputSystem.InputActionMap(InputActions/PlayerActions)
FN:1367,AddCallbacks(InputActions/IPlayerActions)
FN:1404,UnregisterCallbacks(InputActions/IPlayerActions)
FN:1436,RemoveCallbacks(InputActions/IPlayerActions)
FN:1451,SetCallbacks(InputActions/IPlayerActions)
FN:1311,PlayerActions(InputActions)
FN:1490,Navigate()
FN:1494,Submit()
FN:1498,Cancel()
FN:1502,Point()
FN:1506,Click()
FN:1510,RightClick()
FN:1514,MiddleClick()
FN:1518,ScrollWheel()
FN:1522,TrackedDevicePosition()
FN:1526,TrackedDeviceOrientation()
FN:1530,Get()
FN:1532,Enable()
FN:1534,Disable()
FN:1536,enabled()
FN:1540,implicit operator UnityEngine.InputSystem.InputActionMap(InputActions/UIActions)
FN:1550,AddCallbacks(InputActions/IUIActions)
FN:1593,UnregisterCallbacks(InputActions/IUIActions)
FN:1631,RemoveCallbacks(InputActions/IUIActions)
FN:1646,SetCallbacks(InputActions/IUIActions)
FN:1486,UIActions(InputActions)
FN:1676,Pause()
FN:1680,Get()
FN:1682,Enable()
FN:1684,Disable()
FN:1686,enabled()
FN:1690,implicit operator UnityEngine.InputSystem.InputActionMap(InputActions/SystemActions)
FN:1700,AddCallbacks(InputActions/ISystemActions)
FN:1716,UnregisterCallbacks(InputActions/ISystemActions)
FN:1727,RemoveCallbacks(InputActions/ISystemActions)
FN:1742,SetCallbacks(InputActions/ISystemActions)
FN:1672,SystemActions(InputActions)
FNDA:65,asset()
FNDA:32,Finalize()
FNDA:11,Dispose()
FNDA:0,bindingMask()
FNDA:0,bindingMask(System.Nullable[InputBinding])
FNDA:0,devices()
FNDA:0,devices(System.Nullable[ReadOnlyArray`1])
FNDA:0,controlSchemes()
FNDA:0,Contains(UnityEngine.InputSystem.InputAction)
FNDA:0,GetEnumerator()
FNDA:0,GetEnumerator()
FNDA:0,Enable()
FNDA:0,Disable()
FNDA:0,bindings()
FNDA:0,FindAction(System.String, System.Boolean)
FNDA:0,FindBinding(UnityEngine.InputSystem.InputBinding, UnityEngine.InputSystem.InputAction&)
FNDA:31,Player()
FNDA:14,UI()
FNDA:32,System()
FNDA:0,KeyboardMouseScheme()
FNDA:0,GamepadScheme()
FNDA:0,TouchScheme()
FNDA:0,JoystickScheme()
FNDA:0,XRScheme()
FNDA:18,InputActions()
FNDA:0,Move()
FNDA:0,Look()
FNDA:6,Interact()
FNDA:6,Crouch()
FNDA:6,Jump()
FNDA:0,Previous()
FNDA:0,Next()
FNDA:12,Sprint()
FNDA:3,Get()
FNDA:0,Enable()
FNDA:3,Disable()
FNDA:0,enabled()
FNDA:0,implicit operator UnityEngine.InputSystem.InputActionMap(InputActions/PlayerActions)
FNDA:0,AddCallbacks(InputActions/IPlayerActions)
FNDA:0,UnregisterCallbacks(InputActions/IPlayerActions)
FNDA:0,RemoveCallbacks(InputActions/IPlayerActions)
FNDA:0,SetCallbacks(InputActions/IPlayerActions)
FNDA:93,PlayerActions(InputActions)
FNDA:0,Navigate()
FNDA:0,Submit()
FNDA:0,Cancel()
FNDA:0,Point()
FNDA:0,Click()
FNDA:0,RightClick()
FNDA:0,MiddleClick()
FNDA:0,ScrollWheel()
FNDA:0,TrackedDevicePosition()
FNDA:0,TrackedDeviceOrientation()
FNDA:42,Get()
FNDA:0,Enable()
FNDA:42,Disable()
FNDA:0,enabled()
FNDA:0,implicit operator UnityEngine.InputSystem.InputActionMap(InputActions/UIActions)
FNDA:0,AddCallbacks(InputActions/IUIActions)
FNDA:0,UnregisterCallbacks(InputActions/IUIActions)
FNDA:0,RemoveCallbacks(InputActions/IUIActions)
FNDA:0,SetCallbacks(InputActions/IUIActions)
FNDA:42,UIActions(InputActions)
FNDA:16,Pause()
FNDA:48,Get()
FNDA:27,Enable()
FNDA:21,Disable()
FNDA:0,enabled()
FNDA:0,implicit operator UnityEngine.InputSystem.InputActionMap(InputActions/SystemActions)
FNDA:0,AddCallbacks(InputActions/ISystemActions)
FNDA:0,UnregisterCallbacks(InputActions/ISystemActions)
FNDA:0,RemoveCallbacks(InputActions/ISystemActions)
FNDA:0,SetCallbacks(InputActions/ISystemActions)
FNDA:96,SystemActions(InputActions)
FNF:74
FNH:22
BRF:0
BRH:0
DA:80,65
DA:85,18
DA:86,18
DA:87,18
DA:1187,18
DA:1188,18
DA:1189,18
DA:1190,18
DA:1191,18
DA:1192,18
DA:1193,18
DA:1194,18
DA:1195,18
DA:1197,18
DA:1198,18
DA:1199,18
DA:1200,18
DA:1201,18
DA:1202,18
DA:1203,18
DA:1204,18
DA:1205,18
DA:1206,18
DA:1207,18
DA:1209,18
DA:1210,18
DA:1211,18
DA:1214,32
DA:1215,16
DA:1216,16
DA:1217,16
DA:1218,32
DA:1224,11
DA:1225,11
DA:1226,11
DA:1231,0
DA:1232,0
DA:1238,0
DA:1239,0
DA:1243,0
DA:1247,0
DA:1248,0
DA:1249,0
DA:1253,0
DA:1254,0
DA:1255,0
DA:1259,0
DA:1260,0
DA:1261,0
DA:1265,0
DA:1266,0
DA:1267,0
DA:1271,0
DA:1272,0
DA:1273,0
DA:1276,0
DA:1280,0
DA:1281,0
DA:1282,0
DA:1286,0
DA:1287,0
DA:1288,0
DA:1292,18
DA:1311,93
DA:1315,0
DA:1319,0
DA:1323,6
DA:1327,6
DA:1331,6
DA:1335,0
DA:1339,0
DA:1343,12
DA:1347,3
DA:1349,0
DA:1351,3
DA:1353,0
DA:1357,0
DA:1367,0
DA:1368,0
DA:1369,0
DA:1370,0
DA:1371,0
DA:1372,0
DA:1373,0
DA:1374,0
DA:1375,0
DA:1376,0
DA:1377,0
DA:1378,0
DA:1379,0
DA:1380,0
DA:1381,0
DA:1382,0
DA:1383,0
DA:1384,0
DA:1385,0
DA:1386,0
DA:1387,0
DA:1388,0
DA:1389,0
DA:1390,0
DA:1391,0
DA:1392,0
DA:1393,0
DA:1394,0
DA:1404,0
DA:1405,0
DA:1406,0
DA:1407,0
DA:1408,0
DA:1409,0
DA:1410,0
DA:1411,0
DA:1412,0
DA:1413,0
DA:1414,0
DA:1415,0
DA:1416,0
DA:1417,0
DA:1418,0
DA:1419,0
DA:1420,0
DA:1421,0
DA:1422,0
DA:1423,0
DA:1424,0
DA:1425,0
DA:1426,0
DA:1427,0
DA:1428,0
DA:1429,0
DA:1436,0
DA:1437,0
DA:1438,0
DA:1439,0
DA:1451,0
DA:1452,0
DA:1453,0
DA:1454,0
DA:1455,0
DA:1456,0
DA:1461,31
DA:1465,18
DA:1486,42
DA:1490,0
DA:1494,0
DA:1498,0
DA:1502,0
DA:1506,0
DA:1510,0
DA:1514,0
DA:1518,0
DA:1522,0
DA:1526,0
DA:1530,42
DA:1532,0
DA:1534,42
DA:1536,0
DA:1540,0
DA:1550,0
DA:1551,0
DA:1552,0
DA:1553,0
DA:1554,0
DA:1555,0
DA:1556,0
DA:1557,0
DA:1558,0
DA:1559,0
DA:1560,0
DA:1561,0
DA:1562,0
DA:1563,0
DA:1564,0
DA:1565,0
DA:1566,0
DA:1567,0
DA:1568,0
DA:1569,0
DA:1570,0
DA:1571,0
DA:1572,0
DA:1573,0
DA:1574,0
DA:1575,0
DA:1576,0
DA:1577,0
DA:1578,0
DA:1579,0
DA:1580,0
DA:1581,0
DA:1582,0
DA:1583,0
DA:1593,0
DA:1594,0
DA:1595,0
DA:1596,0
DA:1597,0
DA:1598,0
DA:1599,0
DA:1600,0
DA:1601,0
DA:1602,0
DA:1603,0
DA:1604,0
DA:1605,0
DA:1606,0
DA:1607,0
DA:1608,0
DA:1609,0
DA:1610,0
DA:1611,0
DA:1612,0
DA:1613,0
DA:1614,0
DA:1615,0
DA:1616,0
DA:1617,0
DA:1618,0
DA:1619,0
DA:1620,0
DA:1621,0
DA:1622,0
DA:1623,0
DA:1624,0
DA:1631,0
DA:1632,0
DA:1633,0
DA:1634,0
DA:1646,0
DA:1647,0
DA:1648,0
DA:1649,0
DA:1650,0
DA:1651,0
DA:1656,14
DA:1660,18
DA:1672,96
DA:1676,16
DA:1680,48
DA:1682,27
DA:1684,21
DA:1686,0
DA:1690,0
DA:1700,0
DA:1701,0
DA:1702,0
DA:1703,0
DA:1704,0
DA:1705,0
DA:1706,0
DA:1716,0
DA:1717,0
DA:1718,0
DA:1719,0
DA:1720,0
DA:1727,0
DA:1728,0
DA:1729,0
DA:1730,0
DA:1742,0
DA:1743,0
DA:1744,0
DA:1745,0
DA:1746,0
DA:1747,0
DA:1752,32
DA:1753,18
DA:1761,0
DA:1762,0
DA:1763,0
DA:1764,0
DA:1766,18
DA:1774,0
DA:1775,0
DA:1776,0
DA:1777,0
DA:1779,18
DA:1787,0
DA:1788,0
DA:1789,0
DA:1790,0
DA:1792,18
DA:1800,0
DA:1801,0
DA:1802,0
DA:1803,0
DA:1805,18
DA:1813,0
DA:1814,0
DA:1815,0
DA:1816,0
LH:61
LF:292
end_of_record
SF:C:/workstation/Unity/A_Task_For_Two/Assets/Scripts/MainMenu.cs
FN:22,Awake()
FN:32,OnEnable()
FN:43,OnDisable()
FN:54,OnDestroy()
FN:73,OpenOptions()
FN:80,CloseOptions()
FN:88,ExitGame()
FN:131,OnInput(System.String)
FN:142,LoadInputs()
FN:157,UpdateButtons()
FN:164,CanCreate()
FN:170,CanJoin()
FN:176,HasLetter(System.String)
FN:187,ValidCode(System.String)
FN:198,OnPauseInput(UnityEngine.InputSystem.InputAction/CallbackContext)
FN:219,ResetOptionsTab()
FN:230,FindOptionsMenu()
FN:267,EnsureSetup()
FN:94,OnCreateGame()
FN:111,OnJoinGame()
FNDA:4,Awake()
FNDA:4,OnEnable()
FNDA:3,OnDisable()
FNDA:3,OnDestroy()
FNDA:1,OpenOptions()
FNDA:5,CloseOptions()
FNDA:0,ExitGame()
FNDA:0,OnInput(System.String)
FNDA:4,LoadInputs()
FNDA:8,UpdateButtons()
FNDA:18,CanCreate()
FNDA:9,CanJoin()
FNDA:18,HasLetter(System.String)
FNDA:1,ValidCode(System.String)
FNDA:0,OnPauseInput(UnityEngine.InputSystem.InputAction/CallbackContext)
FNDA:5,ResetOptionsTab()
FNDA:5,FindOptionsMenu()
FNDA:4,EnsureSetup()
FNDA:1,OnCreateGame()
FNDA:1,OnJoinGame()
FNF:20
FNH:17
BRF:0
BRH:0
DA:22,4
DA:23,4
DA:24,4
DA:25,4
DA:26,4
DA:27,4
DA:28,4
DA:32,4
DA:33,4
DA:34,4
DA:35,4
DA:36,4
DA:37,4
DA:38,4
DA:39,4
DA:43,3
DA:44,3
DA:45,3
DA:46,3
DA:47,3
DA:48,3
DA:49,3
DA:50,3
DA:54,3
DA:55,3
DA:56,3
DA:57,3
DA:58,3
DA:60,3
DA:61,3
DA:62,3
DA:63,3
DA:65,3
DA:66,3
DA:67,3
DA:68,3
DA:69,3
DA:73,1
DA:74,1
DA:75,1
DA:76,1
DA:80,5
DA:81,5
DA:82,5
DA:83,5
DA:84,5
DA:88,0
DA:89,0
DA:90,0
DA:94,1
DA:95,1
DA:96,1
DA:97,1
DA:100,0
DA:101,0
DA:102,0
DA:105,0
DA:106,0
DA:107,1
DA:111,1
DA:112,1
DA:113,1
DA:114,1
DA:117,0
DA:118,0
DA:119,0
DA:122,0
DA:123,0
DA:124,0
DA:125,0
DA:126,0
DA:127,1
DA:131,0
DA:132,0
DA:133,0
DA:134,0
DA:135,0
DA:137,0
DA:138,0
DA:142,4
DA:143,4
DA:144,0
DA:145,0
DA:149,4
DA:150,4
DA:151,4
DA:152,4
DA:153,4
DA:157,8
DA:158,8
DA:159,8
DA:160,8
DA:164,18
DA:165,18
DA:166,18
DA:170,9
DA:171,9
DA:172,9
DA:176,18
DA:177,18
DA:178,17
DA:179,17
DA:182,1
DA:183,18
DA:187,1
DA:188,1
DA:189,0
DA:190,0
DA:193,1
DA:194,1
DA:198,0
DA:199,0
DA:200,0
DA:201,0
DA:204,0
DA:205,0
DA:206,0
DA:209,0
DA:210,0
DA:211,0
DA:214,0
DA:215,0
DA:219,5
DA:220,5
DA:222,5
DA:223,4
DA:224,4
DA:225,4
DA:226,5
DA:230,5
DA:232,5
DA:234,5
DA:235,0
DA:236,0
DA:240,5
DA:242,5
DA:243,0
DA:244,0
DA:247,5
DA:250,5
DA:251,4
DA:252,4
DA:254,4
DA:255,4
DA:256,4
DA:259,0
DA:260,0
DA:262,1
DA:263,5
DA:267,4
DA:268,4
DA:269,0
DA:270,0
DA:273,4
DA:274,0
DA:275,0
DA:278,4
DA:279,0
DA:280,0
DA:283,4
DA:284,0
DA:285,0
DA:288,4
DA:289,0
DA:290,0
DA:293,4
DA:294,0
DA:295,0
DA:298,4
DA:299,0
DA:300,0
DA:302,4
LH:113
LF:172
end_of_record
SF:C:/workstation/Unity/A_Task_For_Two/Assets/Scripts/MenuActions.cs
FN:16,ReturnToMainMenu()
FN:23,ExitGame()
FN:34,StopNet()
FN:50,SceneName(MenuActions/SceneRef)
FNDA:4,ReturnToMainMenu()
FNDA:0,ExitGame()
FNDA:4,StopNet()
FNDA:4,SceneName(MenuActions/SceneRef)
FNF:4
FNH:3
BRF:0
BRH:0
DA:16,4
DA:17,4
DA:18,4
DA:19,4
DA:23,0
DA:24,0
DA:26,0
DA:30,0
DA:34,4
DA:35,4
DA:37,4
DA:38,0
DA:39,0
DA:40,0
DA:41,0
DA:42,0
DA:44,0
DA:45,0
DA:46,4
DA:50,4
DA:51,4
DA:53,4
DA:54,0
DA:56,4
LH:12
LF:24
end_of_record
SF:C:/workstation/Unity/A_Task_For_Two/Assets/Scripts/MenuSfx.cs
FN:27,Awake()
FN:63,OnDestroy()
FN:87,OnPointerEnter(UnityEngine.EventSystems.PointerEventData)
FN:103,OnPointerDown(UnityEngine.EventSystems.PointerEventData)
FN:124,OnSelect(UnityEngine.EventSystems.BaseEventData)
FN:140,OnBeginDrag(UnityEngine.EventSystems.PointerEventData)
FN:154,OnEndDrag(UnityEngine.EventSystems.PointerEventData)
FN:166,OnToggle(System.Boolean)
FN:172,OnTmpDrop(System.Int32)
FN:178,OnDrop(System.Int32)
FN:184,OnSlide(System.Single)
FN:218,PlaySlideTick()
FN:233,SetupHover(UnityEngine.RectTransform)
FN:256,CanPlay()
FN:12,MenuSfx()
FNDA:38,Awake()
FNDA:31,OnDestroy()
FNDA:3,OnPointerEnter(UnityEngine.EventSystems.PointerEventData)
FNDA:5,OnPointerDown(UnityEngine.EventSystems.PointerEventData)
FNDA:3,OnSelect(UnityEngine.EventSystems.BaseEventData)
FNDA:2,OnBeginDrag(UnityEngine.EventSystems.PointerEventData)
FNDA:2,OnEndDrag(UnityEngine.EventSystems.PointerEventData)
FNDA:0,OnToggle(System.Boolean)
FNDA:0,OnTmpDrop(System.Int32)
FNDA:0,OnDrop(System.Int32)
FNDA:0,OnSlide(System.Single)
FNDA:0,PlaySlideTick()
FNDA:0,SetupHover(UnityEngine.RectTransform)
FNDA:9,CanPlay()
FNDA:346,MenuSfx()
FNF:15
FNH:9
BRF:0
BRH:0
DA:12,346
DA:27,38
DA:28,38
DA:29,38
DA:30,38
DA:31,38
DA:32,38
DA:33,38
DA:35,38
DA:36,0
DA:37,0
DA:38,0
DA:40,38
DA:41,5
DA:42,5
DA:43,5
DA:44,5
DA:45,5
DA:46,5
DA:48,38
DA:49,0
DA:50,0
DA:51,0
DA:52,0
DA:54,38
DA:55,0
DA:56,0
DA:57,0
DA:58,0
DA:59,38
DA:63,31
DA:64,31
DA:65,0
DA:66,0
DA:67,0
DA:69,31
DA:70,5
DA:71,5
DA:72,5
DA:74,31
DA:75,0
DA:76,0
DA:77,0
DA:79,31
DA:80,0
DA:81,0
DA:82,0
DA:83,31
DA:87,3
DA:88,3
DA:89,1
DA:90,1
DA:93,2
DA:94,0
DA:95,0
DA:98,2
DA:99,2
DA:103,5
DA:104,5
DA:105,1
DA:106,1
DA:109,4
DA:110,1
DA:111,1
DA:114,3
DA:115,1
DA:116,1
DA:119,2
DA:120,4
DA:124,3
DA:125,3
DA:126,1
DA:127,1
DA:130,2
DA:131,0
DA:132,0
DA:135,2
DA:136,2
DA:140,2
DA:141,2
DA:142,1
DA:143,1
DA:146,1
DA:147,1
DA:148,1
DA:149,1
DA:150,2
DA:154,2
DA:155,2
DA:156,1
DA:157,1
DA:158,1
DA:161,1
DA:162,2
DA:166,0
DA:167,0
DA:168,0
DA:172,0
DA:173,0
DA:174,0
DA:178,0
DA:179,0
DA:180,0
DA:184,0
DA:185,0
DA:186,0
DA:187,0
DA:188,0
DA:189,0
DA:192,0
DA:193,0
DA:194,0
DA:196,0
DA:197,0
DA:198,0
DA:201,0
DA:202,0
DA:203,0
DA:204,0
DA:207,0
DA:208,0
DA:209,0
DA:212,0
DA:213,0
DA:214,0
DA:218,0
DA:219,0
DA:220,0
DA:222,0
DA:223,0
DA:224,0
DA:227,0
DA:228,0
DA:229,0
DA:233,0
DA:234,0
DA:235,0
DA:236,0
DA:239,0
DA:241,0
DA:242,0
DA:243,0
DA:246,0
DA:248,0
DA:249,0
DA:250,0
DA:251,0
DA:252,0
DA:256,9
DA:257,9
DA:258,9
LH:73
LF:151
end_of_record
SF:C:/workstation/Unity/A_Task_For_Two/Assets/Scripts/OptionsMenu.cs
FN:71,Pref(OptionsMenu/PrefKey)
FN:77,PrefGetInt(OptionsMenu/PrefKey, System.Int32)
FN:83,PrefSetInt(OptionsMenu/PrefKey, System.Int32)
FN:89,PrefGetFloat(OptionsMenu/PrefKey, System.Single)
FN:95,PrefSetFloat(OptionsMenu/PrefKey, System.Single)
FN:101,PrefHasKey(OptionsMenu/PrefKey)
FN:190,Awake()
FN:207,OnEnable()
FN:221,OnDisable()
FN:239,OnDestroy()
FN:253,SensMap(System.Single)
FN:261,SavedFov(System.Single)
FN:268,SavedSensPct(System.Single)
FN:275,StopGameMusic()
FN:293,OnQualityChanged(System.Int32)
FN:296,OnCrosshairColorChanged(System.Int32)
FN:299,OnFovChanged(System.Single)
FN:302,OnSensChanged(System.Single)
FN:305,OnMasterVolChanged(System.Single)
FN:308,OnGameSfxChanged(System.Single)
FN:311,OnMenuSfxChanged(System.Single)
FN:314,OnGameMusicChanged(System.Single)
FN:317,OnMenuMusicChanged(System.Single)
FN:320,OnCrosshairSizeChanged(System.Single)
FN:323,OnShowFpsChanged(System.Boolean)
FN:326,OnShowPingChanged(System.Boolean)
FN:329,OnShowClockChanged(System.Boolean)
FN:333,PopulateResolutionDropdown()
FN:383,RebuildResolutionList(OptionsMenu/ModeOption)
FN:416,RefreshResOptions()
FN:431,CurrentScreenResolution()
FN:444,Aspect(UnityEngine.Vector2Int)
FN:450,PopulateQualityDropdown()
FN:457,EnableDropdownHelpers()
FN:466,AddDropdownHelper(TMPro.TMP_Dropdown)
FN:475,ResetTab()
FN:481,ShowTab(System.Int32)
FN:496,RegisterTabs()
FN:516,UnregisterTabs()
FN:537,OnPauseInput(UnityEngine.InputSystem.InputAction/CallbackContext)
FN:556,CacheRefs()
FN:570,LoadPrefs()
FN:670,GetSavedResIndex()
FN:716,ClampModeOption(System.Int32)
FN:722,GetDisplayModeFromOption(OptionsMenu/ModeOption)
FN:738,GetModeOption()
FN:744,GetMode()
FN:750,IsBorderlessOption(OptionsMenu/ModeOption)
FN:756,IsFullscreenOption(OptionsMenu/ModeOption)
FN:762,GetCurrentResIndex()
FN:768,SetResolutionInteractable(System.Boolean)
FN:774,SetResolutionValue(System.Int32)
FN:787,ApplyResMode(OptionsMenu/ModeOption, System.Boolean)
FN:811,GetQualityDropdownIndex(System.Int32)
FN:822,GetQualityFromOption(System.Int32)
FN:828,OnDisplayModeChanged(System.Int32)
FN:846,OnResolutionChanged(System.Int32)
FN:864,ApplyDisplayMode(OptionsMenu/ModeOption, System.Boolean)
FN:876,ApplyResolution(System.Int32, System.Boolean)
FN:897,ApplyQualityOption(System.Int32, System.Boolean)
FN:910,ApplyCameraFov(System.Single, System.Boolean)
FN:927,ApplyCameraSensitivity(System.Single, System.Boolean)
FN:946,ApplyVolume(System.Single, System.String, OptionsMenu/PrefKey, System.Boolean, System.Boolean)
FN:964,SetMixerVol(System.String, System.Single)
FN:975,MixerName(OptionsMenu/MixerParam)
FN:989,GetOwnerPlayer()
FN:1012,LinearToDecibel(System.Single)
FN:1023,ApplyCrosshairSize(System.Single, System.Boolean)
FN:1044,ApplyCrosshairColor(System.Int32, System.Boolean)
FN:1060,ApplyHudWidget(UnityEngine.GameObject, System.Boolean, OptionsMenu/PrefKey, System.Boolean)
FN:1074,EnsureSetup()
FN:161,OptionsMenu()
FN:49,OptionsMenu()
FNDA:92,Pref(OptionsMenu/PrefKey)
FNDA:20,PrefGetInt(OptionsMenu/PrefKey, System.Int32)
FNDA:14,PrefSetInt(OptionsMenu/PrefKey, System.Int32)
FNDA:40,PrefGetFloat(OptionsMenu/PrefKey, System.Single)
FNDA:10,PrefSetFloat(OptionsMenu/PrefKey, System.Single)
FNDA:8,PrefHasKey(OptionsMenu/PrefKey)
FNDA:4,Awake()
FNDA:4,OnEnable()
FNDA:3,OnDisable()
FNDA:3,OnDestroy()
FNDA:16,SensMap(System.Single)
FNDA:8,SavedFov(System.Single)
FNDA:8,SavedSensPct(System.Single)
FNDA:2,StopGameMusic()
FNDA:2,OnQualityChanged(System.Int32)
FNDA:2,OnCrosshairColorChanged(System.Int32)
FNDA:7,OnFovChanged(System.Single)
FNDA:8,OnSensChanged(System.Single)
FNDA:1,OnMasterVolChanged(System.Single)
FNDA:1,OnGameSfxChanged(System.Single)
FNDA:1,OnMenuSfxChanged(System.Single)
FNDA:1,OnGameMusicChanged(System.Single)
FNDA:1,OnMenuMusicChanged(System.Single)
FNDA:7,OnCrosshairSizeChanged(System.Single)
FNDA:2,OnShowFpsChanged(System.Boolean)
FNDA:2,OnShowPingChanged(System.Boolean)
FNDA:2,OnShowClockChanged(System.Boolean)
FNDA:4,PopulateResolutionDropdown()
FNDA:10,RebuildResolutionList(OptionsMenu/ModeOption)
FNDA:10,RefreshResOptions()
FNDA:1,CurrentScreenResolution()
FNDA:1,Aspect(UnityEngine.Vector2Int)
FNDA:4,PopulateQualityDropdown()
FNDA:4,EnableDropdownHelpers()
FNDA:16,AddDropdownHelper(TMPro.TMP_Dropdown)
FNDA:5,ResetTab()
FNDA:13,ShowTab(System.Int32)
FNDA:4,RegisterTabs()
FNDA:3,UnregisterTabs()
FNDA:0,OnPauseInput(UnityEngine.InputSystem.InputAction/CallbackContext)
FNDA:4,CacheRefs()
FNDA:4,LoadPrefs()
FNDA:4,GetSavedResIndex()
FNDA:15,ClampModeOption(System.Int32)
FNDA:11,GetDisplayModeFromOption(OptionsMenu/ModeOption)
FNDA:9,GetModeOption()
FNDA:5,GetMode()
FNDA:12,IsBorderlessOption(OptionsMenu/ModeOption)
FNDA:10,IsFullscreenOption(OptionsMenu/ModeOption)
FNDA:0,GetCurrentResIndex()
FNDA:6,SetResolutionInteractable(System.Boolean)
FNDA:4,SetResolutionValue(System.Int32)
FNDA:6,ApplyResMode(OptionsMenu/ModeOption, System.Boolean)
FNDA:4,GetQualityDropdownIndex(System.Int32)
FNDA:6,GetQualityFromOption(System.Int32)
FNDA:2,OnDisplayModeChanged(System.Int32)
FNDA:2,OnResolutionChanged(System.Int32)
FNDA:6,ApplyDisplayMode(OptionsMenu/ModeOption, System.Boolean)
FNDA:5,ApplyResolution(System.Int32, System.Boolean)
FNDA:6,ApplyQualityOption(System.Int32, System.Boolean)
FNDA:11,ApplyCameraFov(System.Single, System.Boolean)
FNDA:12,ApplyCameraSensitivity(System.Single, System.Boolean)
FNDA:25,ApplyVolume(System.Single, System.String, OptionsMenu/PrefKey, System.Boolean, System.Boolean)
FNDA:25,SetMixerVol(System.String, System.Single)
FNDA:25,MixerName(OptionsMenu/MixerParam)
FNDA:23,GetOwnerPlayer()
FNDA:25,LinearToDecibel(System.Single)
FNDA:11,ApplyCrosshairSize(System.Single, System.Boolean)
FNDA:6,ApplyCrosshairColor(System.Int32, System.Boolean)
FNDA:18,ApplyHudWidget(UnityEngine.GameObject, System.Boolean, OptionsMenu/PrefKey, System.Boolean)
FNDA:4,EnsureSetup()
FNDA:26,OptionsMenu()
FNDA:0,OptionsMenu()
FNF:73
FNH:71
BRF:0
BRH:0
DA:49,0
DA:71,92
DA:72,92
DA:73,92
DA:77,20
DA:78,20
DA:79,20
DA:83,14
DA:84,14
DA:85,14
DA:89,40
DA:90,40
DA:91,40
DA:95,10
DA:96,10
DA:97,10
DA:101,8
DA:102,8
DA:103,8
DA:161,26
DA:162,26
DA:163,26
DA:167,26
DA:168,26
DA:169,26
DA:174,0
DA:190,4
DA:191,4
DA:192,0
DA:193,0
DA:196,4
DA:197,4
DA:198,4
DA:199,4
DA:200,4
DA:201,4
DA:202,4
DA:203,4
DA:207,4
DA:208,4
DA:209,0
DA:210,0
DA:213,4
DA:214,4
DA:215,4
DA:216,4
DA:217,4
DA:221,3
DA:222,3
DA:223,0
DA:224,0
DA:227,3
DA:228,3
DA:229,3
DA:230,3
DA:231,3
DA:233,3
DA:234,3
DA:235,3
DA:239,3
DA:240,3
DA:241,0
DA:242,0
DA:245,3
DA:246,3
DA:247,3
DA:248,3
DA:249,3
DA:253,16
DA:254,16
DA:255,16
DA:256,16
DA:257,16
DA:261,8
DA:262,8
DA:263,8
DA:264,8
DA:268,8
DA:269,8
DA:270,8
DA:271,8
DA:275,2
DA:276,2
DA:278,6
DA:279,1
DA:280,1
DA:281,1
DA:282,1
DA:285,0
DA:286,0
DA:289,2
DA:290,0
DA:293,2
DA:296,2
DA:299,7
DA:302,8
DA:305,1
DA:308,1
DA:311,1
DA:314,1
DA:317,1
DA:320,7
DA:323,2
DA:326,2
DA:329,2
DA:333,4
DA:334,4
DA:335,4
DA:336,4
DA:338,72
DA:339,32
DA:340,32
DA:341,32
DA:342,32
DA:344,32
DA:345,0
DA:346,0
DA:349,32
DA:350,32
DA:352,4
DA:353,0
DA:354,0
DA:355,0
DA:357,4
DA:358,112
DA:359,112
DA:360,112
DA:361,112
DA:363,112
DA:364,112
DA:365,112
DA:368,0
DA:370,0
DA:371,0
DA:372,0
DA:375,0
DA:376,112
DA:378,4
DA:379,4
DA:383,10
DA:384,10
DA:386,10
DA:387,1
DA:388,1
DA:389,1
DA:391,2
DA:392,0
DA:393,0
DA:395,0
DA:396,0
DA:397,0
DA:398,0
DA:399,0
DA:400,1
DA:402,9
DA:403,9
DA:404,9
DA:406,10
DA:407,2
DA:408,2
DA:409,2
DA:411,10
DA:412,10
DA:416,10
DA:417,10
DA:419,148
DA:420,64
DA:421,64
DA:422,64
DA:423,64
DA:425,10
DA:426,10
DA:427,10
DA:431,1
DA:432,1
DA:434,1
DA:435,1
DA:436,1
DA:439,0
DA:440,1
DA:444,1
DA:445,1
DA:446,1
DA:450,4
DA:451,4
DA:452,4
DA:453,4
DA:457,4
DA:458,4
DA:459,4
DA:460,4
DA:461,4
DA:462,4
DA:466,16
DA:467,16
DA:468,0
DA:469,0
DA:470,0
DA:471,16
DA:475,5
DA:476,5
DA:477,5
DA:481,13
DA:482,13
DA:484,94
DA:485,34
DA:486,34
DA:487,34
DA:488,34
DA:489,34
DA:490,34
DA:491,34
DA:492,13
DA:496,4
DA:497,4
DA:498,0
DA:499,0
DA:502,4
DA:504,32
DA:505,12
DA:506,12
DA:507,12
DA:508,12
DA:509,12
DA:511,4
DA:512,4
DA:516,3
DA:517,3
DA:518,0
DA:519,0
DA:522,24
DA:523,9
DA:524,9
DA:525,0
DA:526,0
DA:529,9
DA:530,9
DA:532,3
DA:533,3
DA:537,0
DA:538,0
DA:539,0
DA:540,0
DA:543,0
DA:544,0
DA:545,0
DA:548,0
DA:549,0
DA:550,0
DA:551,0
DA:552,0
DA:556,4
DA:557,4
DA:558,4
DA:559,4
DA:560,4
DA:562,4
DA:563,0
DA:564,0
DA:565,0
DA:566,4
DA:570,4
DA:571,4
DA:574,4
DA:576,4
DA:577,4
DA:578,4
DA:579,4
DA:580,4
DA:581,4
DA:584,4
DA:585,4
DA:586,4
DA:587,4
DA:588,4
DA:591,4
DA:592,4
DA:593,4
DA:594,4
DA:595,4
DA:596,4
DA:597,4
DA:600,4
DA:601,4
DA:602,4
DA:603,4
DA:604,4
DA:605,4
DA:606,4
DA:607,4
DA:608,4
DA:609,4
DA:610,4
DA:613,4
DA:614,4
DA:615,4
DA:616,4
DA:617,4
DA:618,4
DA:619,4
DA:620,4
DA:621,4
DA:622,4
DA:623,4
DA:624,4
DA:625,4
DA:626,4
DA:627,4
DA:628,4
DA:629,4
DA:630,4
DA:631,4
DA:632,4
DA:633,4
DA:634,4
DA:635,4
DA:636,4
DA:637,4
DA:640,4
DA:641,4
DA:642,4
DA:643,4
DA:644,4
DA:645,4
DA:646,4
DA:647,4
DA:648,4
DA:651,4
DA:652,4
DA:653,4
DA:654,4
DA:655,4
DA:656,4
DA:657,4
DA:658,4
DA:659,4
DA:660,4
DA:662,4
DA:664,4
DA:665,4
DA:666,4
DA:670,4
DA:671,4
DA:672,0
DA:673,0
DA:676,4
DA:677,4
DA:678,4
DA:681,0
DA:682,0
DA:683,0
DA:684,0
DA:686,0
DA:687,0
DA:688,0
DA:689,0
DA:690,0
DA:692,0
DA:694,0
DA:695,0
DA:698,0
DA:699,0
DA:700,0
DA:701,0
DA:702,0
DA:704,0
DA:705,0
DA:706,0
DA:707,0
DA:708,0
DA:709,0
DA:711,0
DA:712,4
DA:716,15
DA:717,15
DA:718,15
DA:722,11
DA:723,11
DA:725,9
DA:728,1
DA:732,1
DA:734,11
DA:738,9
DA:739,9
DA:740,9
DA:744,5
DA:745,5
DA:746,5
DA:750,12
DA:751,12
DA:752,12
DA:756,10
DA:757,10
DA:758,10
DA:762,0
DA:763,0
DA:764,0
DA:768,6
DA:769,6
DA:770,6
DA:774,4
DA:775,4
DA:776,0
DA:777,0
DA:780,4
DA:781,4
DA:782,4
DA:783,4
DA:787,6
DA:788,6
DA:789,2
DA:790,2
DA:791,2
DA:794,4
DA:795,4
DA:796,4
DA:797,4
DA:798,4
DA:799,4
DA:803,0
DA:804,0
DA:805,0
DA:806,0
DA:807,6
DA:811,4
DA:812,4
DA:813,0
DA:814,0
DA:817,4
DA:818,4
DA:822,6
DA:823,6
DA:824,6
DA:828,2
DA:829,2
DA:830,2
DA:831,2
DA:833,2
DA:834,0
DA:835,0
DA:836,0
DA:838,2
DA:839,2
DA:840,2
DA:841,2
DA:842,2
DA:846,2
DA:847,2
DA:848,1
DA:849,1
DA:852,1
DA:853,0
DA:854,0
DA:857,1
DA:858,1
DA:859,1
DA:860,2
DA:864,6
DA:865,6
DA:866,6
DA:868,6
DA:869,2
DA:870,2
DA:871,2
DA:872,6
DA:876,5
DA:877,5
DA:878,0
DA:879,0
DA:882,5
DA:883,5
DA:884,5
DA:885,5
DA:886,5
DA:888,5
DA:889,1
DA:890,1
DA:891,1
DA:892,1
DA:893,5
DA:897,6
DA:898,6
DA:899,6
DA:900,6
DA:902,6
DA:903,2
DA:904,2
DA:905,2
DA:906,6
DA:910,11
DA:911,11
DA:912,11
DA:914,11
DA:915,0
DA:916,0
DA:917,0
DA:919,11
DA:920,3
DA:921,3
DA:922,3
DA:923,11
DA:927,12
DA:928,12
DA:929,12
DA:930,12
DA:931,12
DA:933,12
DA:934,0
DA:935,0
DA:936,0
DA:938,12
DA:939,4
DA:940,4
DA:941,4
DA:942,12
DA:946,25
DA:947,25
DA:948,25
DA:949,25
DA:951,20
DA:952,0
DA:953,0
DA:954,0
DA:956,20
DA:957,0
DA:958,0
DA:959,0
DA:960,20
DA:964,25
DA:965,25
DA:966,0
DA:967,0
DA:970,25
DA:971,20
DA:975,25
DA:976,25
DA:978,5
DA:979,5
DA:980,5
DA:981,5
DA:982,5
DA:983,0
DA:985,25
DA:989,23
DA:990,23
DA:991,0
DA:992,0
DA:995,23
DA:997,46
DA:998,0
DA:999,0
DA:1000,0
DA:1001,0
DA:1002,0
DA:1004,0
DA:1006,23
DA:1007,23
DA:1008,23
DA:1012,25
DA:1013,25
DA:1014,0
DA:1015,0
DA:1018,25
DA:1019,25
DA:1023,11
DA:1024,11
DA:1025,11
DA:1026,11
DA:1028,11
DA:1029,3
DA:1030,3
DA:1031,3
DA:1032,3
DA:1033,3
DA:1034,3
DA:1036,11
DA:1037,3
DA:1038,3
DA:1039,3
DA:1040,11
DA:1044,6
DA:1045,6
DA:1047,6
DA:1048,2
DA:1049,2
DA:1050,2
DA:1052,6
DA:1053,2
DA:1054,2
DA:1055,2
DA:1056,6
DA:1060,18
DA:1061,18
DA:1062,6
DA:1063,6
DA:1064,6
DA:1066,18
DA:1067,6
DA:1068,6
DA:1069,6
DA:1070,18
DA:1074,4
DA:1075,4
DA:1076,0
DA:1077,0
DA:1080,4
DA:1081,0
DA:1082,0
DA:1085,4
DA:1086,0
DA:1087,0
DA:1090,4
DA:1091,0
DA:1092,0
DA:1095,4
DA:1096,0
DA:1097,0
DA:1100,4
DA:1101,0
DA:1102,0
DA:1105,4
DA:1106,0
DA:1107,0
DA:1110,4
DA:1111,0
DA:1112,0
DA:1115,4
DA:1116,0
DA:1117,0
DA:1120,4
DA:1121,0
DA:1122,0
DA:1125,32
DA:1126,12
DA:1127,12
DA:1128,0
DA:1129,0
DA:1132,12
DA:1133,0
DA:1134,0
DA:1137,12
DA:1138,0
DA:1139,0
DA:1142,12
DA:1143,0
DA:1144,0
DA:1146,12
DA:1147,4
LH:496
LF:648
end_of_record
SF:C:/workstation/Unity/A_Task_For_Two/Assets/Scripts/PauseMenu.cs
FN:32,Awake()
FN:39,OnEnable()
FN:48,Toggle()
FN:80,ContinueGame()
FN:89,OpenOptions()
FN:100,CloseOptions()
FN:112,ReturnToMainMenu()
FN:119,ExitGame()
FN:126,ForceClose()
FN:144,OnDisable()
FN:157,OnDestroy()
FN:168,CopyJoinCode()
FN:186,ResetPause()
FN:207,SetHud(System.Boolean)
FN:216,ShowMain()
FN:222,HidePages()
FN:229,SetPages(System.Boolean)
FN:236,ResetCopy()
FN:248,Trigger(PauseMenu/TriggerName)
FN:258,RefreshJoinCode(System.Boolean)
FN:277,ResetOptionsTab()
FN:288,FindOptionsMenu()
FN:327,OnPauseInput(UnityEngine.InputSystem.InputAction/CallbackContext)
FN:359,SetActiveSafe(UnityEngine.GameObject, System.Boolean)
FN:368,EnsureSetup()
FN:22,PauseMenu()
FNDA:1,Awake()
FNDA:1,OnEnable()
FNDA:1,Toggle()
FNDA:2,ContinueGame()
FNDA:2,OpenOptions()
FNDA:2,CloseOptions()
FNDA:1,ReturnToMainMenu()
FNDA:0,ExitGame()
FNDA:2,ForceClose()
FNDA:1,OnDisable()
FNDA:1,OnDestroy()
FNDA:2,CopyJoinCode()
FNDA:4,ResetPause()
FNDA:5,SetHud(System.Boolean)
FNDA:1,ShowMain()
FNDA:5,HidePages()
FNDA:2,SetPages(System.Boolean)
FNDA:5,ResetCopy()
FNDA:0,Trigger(PauseMenu/TriggerName)
FNDA:1,RefreshJoinCode(System.Boolean)
FNDA:1,ResetOptionsTab()
FNDA:1,FindOptionsMenu()
FNDA:0,OnPauseInput(UnityEngine.InputSystem.InputAction/CallbackContext)
FNDA:18,SetActiveSafe(UnityEngine.GameObject, System.Boolean)
FNDA:1,EnsureSetup()
FNDA:6,PauseMenu()
FNF:26
FNH:23
BRF:0
BRH:0
DA:22,6
DA:32,1
DA:33,1
DA:34,1
DA:35,1
DA:39,1
DA:40,1
DA:41,1
DA:42,1
DA:43,1
DA:44,1
DA:48,1
DA:49,1
DA:50,1
DA:51,1
DA:52,1
DA:54,1
DA:55,1
DA:56,1
DA:58,1
DA:59,0
DA:60,0
DA:61,0
DA:62,0
DA:63,0
DA:64,0
DA:65,0
DA:66,0
DA:68,1
DA:69,1
DA:70,1
DA:71,1
DA:72,1
DA:73,1
DA:75,1
DA:76,1
DA:80,2
DA:81,2
DA:82,1
DA:83,1
DA:84,1
DA:85,2
DA:89,2
DA:90,2
DA:91,1
DA:92,1
DA:95,1
DA:96,2
DA:100,2
DA:101,2
DA:102,1
DA:103,1
DA:106,1
DA:107,1
DA:108,2
DA:112,1
DA:113,1
DA:114,1
DA:115,1
DA:119,0
DA:120,0
DA:121,0
DA:122,0
DA:126,2
DA:127,2
DA:129,2
DA:130,1
DA:131,1
DA:132,1
DA:135,1
DA:136,1
DA:137,1
DA:138,1
DA:139,1
DA:140,2
DA:144,1
DA:145,1
DA:146,1
DA:147,1
DA:148,1
DA:149,1
DA:150,1
DA:152,1
DA:153,1
DA:157,1
DA:158,1
DA:160,1
DA:161,1
DA:162,1
DA:163,1
DA:164,1
DA:168,2
DA:169,2
DA:170,1
DA:171,1
DA:174,1
DA:176,1
DA:177,0
DA:178,0
DA:179,0
DA:180,0
DA:181,0
DA:182,2
DA:186,4
DA:187,4
DA:188,4
DA:189,4
DA:190,4
DA:191,4
DA:192,4
DA:194,4
DA:195,4
DA:196,4
DA:197,4
DA:199,4
DA:200,1
DA:201,1
DA:202,1
DA:203,4
DA:207,5
DA:208,5
DA:209,5
DA:210,5
DA:211,5
DA:212,5
DA:216,1
DA:217,1
DA:218,1
DA:222,5
DA:223,5
DA:224,5
DA:225,5
DA:229,2
DA:230,2
DA:231,2
DA:232,2
DA:236,5
DA:237,5
DA:238,0
DA:239,0
DA:242,5
DA:243,5
DA:244,5
DA:248,0
DA:249,0
DA:251,0
DA:252,0
DA:254,0
DA:258,1
DA:259,1
DA:261,1
DA:262,0
DA:263,0
DA:264,0
DA:266,1
DA:267,0
DA:268,0
DA:271,1
DA:272,1
DA:273,1
DA:277,1
DA:278,1
DA:280,1
DA:281,0
DA:282,0
DA:283,0
DA:284,1
DA:288,1
DA:289,1
DA:290,0
DA:291,0
DA:294,1
DA:296,1
DA:297,0
DA:298,0
DA:301,1
DA:303,1
DA:304,0
DA:305,0
DA:308,1
DA:310,1
DA:311,0
DA:312,0
DA:314,0
DA:315,0
DA:316,0
DA:319,0
DA:320,0
DA:322,1
DA:323,1
DA:327,0
DA:328,0
DA:329,0
DA:330,0
DA:333,0
DA:334,0
DA:335,0
DA:338,0
DA:339,0
DA:340,0
DA:343,0
DA:344,0
DA:345,0
DA:348,0
DA:349,0
DA:350,0
DA:351,0
DA:354,0
DA:355,0
DA:359,18
DA:360,18
DA:361,18
DA:362,18
DA:363,18
DA:364,18
DA:368,1
DA:369,1
DA:370,0
DA:371,0
DA:374,1
DA:375,0
DA:376,0
DA:379,1
DA:380,0
DA:381,0
DA:384,1
DA:385,0
DA:386,0
DA:389,1
DA:390,0
DA:391,0
DA:394,1
DA:395,0
DA:396,0
DA:398,1
LH:159
LF:235
end_of_record
SF:C:/workstation/Unity/A_Task_For_Two/Assets/Scripts/PlayerAudio.cs
FN:27,Awake()
FN:46,OnNetworkSpawn()
FN:60,OnNetworkDespawn()
FN:72,Update()
FN:152,LoopServerRpc(System.Boolean, System.Single)
FN:159,PlayLandServerRpc()
FN:166,LoopClientRpc(System.Boolean, System.Single, Unity.Netcode.ClientRpcParams)
FN:175,PlayLandClientRpc(Unity.Netcode.ClientRpcParams)
FN:181,LoopChanged(System.Boolean, System.Single)
FN:192,MovePitch()
FN:208,PushLoop(System.Boolean, System.Single)
FN:220,PushLand()
FN:232,PushLoopClient(System.Boolean, System.Single)
FN:255,SendLandClient()
FN:278,TargetIds()
FN:312,SetLoop(System.Boolean, System.Single)
FN:356,PlayLand()
FN:363,InitLoop()
FN:18,PlayerAudio()
FNDA:2,Awake()
FNDA:1,OnNetworkSpawn()
FNDA:1,OnNetworkDespawn()
FNDA:0,Update()
FNDA:0,LoopServerRpc(System.Boolean, System.Single)
FNDA:0,PlayLandServerRpc()
FNDA:0,LoopClientRpc(System.Boolean, System.Single, Unity.Netcode.ClientRpcParams)
FNDA:0,PlayLandClientRpc(Unity.Netcode.ClientRpcParams)
FNDA:0,LoopChanged(System.Boolean, System.Single)
FNDA:0,MovePitch()
FNDA:0,PushLoop(System.Boolean, System.Single)
FNDA:0,PushLand()
FNDA:0,PushLoopClient(System.Boolean, System.Single)
FNDA:0,SendLandClient()
FNDA:0,TargetIds()
FNDA:1,SetLoop(System.Boolean, System.Single)
FNDA:0,PlayLand()
FNDA:3,InitLoop()
FNDA:6,PlayerAudio()
FNF:19
FNH:6
BRF:0
BRH:0
DA:18,6
DA:22,6
DA:23,6
DA:27,2
DA:28,2
DA:29,2
DA:31,2
DA:32,0
DA:33,0
DA:36,2
DA:37,0
DA:38,0
DA:41,2
DA:42,2
DA:46,1
DA:47,1
DA:48,1
DA:49,1
DA:50,1
DA:51,1
DA:52,1
DA:53,1
DA:54,1
DA:55,1
DA:56,1
DA:60,1
DA:61,1
DA:62,1
DA:63,1
DA:64,1
DA:65,1
DA:66,1
DA:67,1
DA:68,1
DA:72,0
DA:73,0
DA:74,0
DA:75,0
DA:78,0
DA:79,0
DA:80,0
DA:81,0
DA:82,0
DA:83,0
DA:84,0
DA:86,0
DA:87,0
DA:88,0
DA:89,0
DA:91,0
DA:92,0
DA:95,0
DA:96,0
DA:98,0
DA:99,0
DA:100,0
DA:101,0
DA:102,0
DA:103,0
DA:105,0
DA:106,0
DA:108,0
DA:109,0
DA:111,0
DA:112,0
DA:113,0
DA:114,0
DA:116,0
DA:117,0
DA:119,0
DA:120,0
DA:121,0
DA:122,0
DA:123,0
DA:125,0
DA:126,0
DA:127,0
DA:128,0
DA:129,0
DA:130,0
DA:131,0
DA:132,0
DA:133,0
DA:134,0
DA:135,0
DA:137,0
DA:138,0
DA:139,0
DA:140,0
DA:142,0
DA:143,0
DA:144,0
DA:146,0
DA:147,0
DA:152,0
DA:153,0
DA:154,0
DA:159,0
DA:160,0
DA:161,0
DA:166,0
DA:167,0
DA:168,0
DA:169,0
DA:170,0
DA:175,0
DA:176,0
DA:177,0
DA:181,0
DA:182,0
DA:183,0
DA:184,0
DA:187,0
DA:188,0
DA:192,0
DA:193,0
DA:194,0
DA:195,0
DA:198,0
DA:199,0
DA:200,0
DA:203,0
DA:204,0
DA:208,0
DA:209,0
DA:210,0
DA:211,0
DA:212,0
DA:215,0
DA:216,0
DA:220,0
DA:221,0
DA:222,0
DA:223,0
DA:224,0
DA:227,0
DA:228,0
DA:232,0
DA:233,0
DA:235,0
DA:236,0
DA:237,0
DA:240,0
DA:251,0
DA:255,0
DA:256,0
DA:258,0
DA:259,0
DA:260,0
DA:263,0
DA:274,0
DA:278,0
DA:279,0
DA:280,0
DA:281,0
DA:284,0
DA:286,0
DA:287,0
DA:288,0
DA:289,0
DA:290,0
DA:293,0
DA:294,0
DA:296,0
DA:297,0
DA:298,0
DA:301,0
DA:302,0
DA:303,0
DA:304,0
DA:307,0
DA:308,0
DA:312,1
DA:313,1
DA:315,1
DA:316,0
DA:317,0
DA:318,0
DA:320,1
DA:321,0
DA:322,0
DA:324,0
DA:325,0
DA:327,0
DA:328,0
DA:329,0
DA:330,0
DA:332,0
DA:335,0
DA:336,0
DA:337,0
DA:340,0
DA:341,0
DA:342,0
DA:345,1
DA:346,0
DA:347,0
DA:348,0
DA:350,1
DA:351,1
DA:352,1
DA:356,0
DA:357,0
DA:358,0
DA:359,0
DA:363,3
DA:364,3
DA:365,3
DA:366,3
DA:367,3
LH:43
LF:210
end_of_record
SF:C:/workstation/Unity/A_Task_For_Two/Assets/Scripts/PlayerInputHandler.cs
FN:21,MoveInput()
FN:24,LookInput()
FN:27,InputOn()
FN:30,SprintHeld()
FN:34,Awake()
FN:41,OnNetworkSpawn()
FN:60,OnNetworkDespawn()
FN:68,OnEnable()
FN:80,OnDisable()
FN:92,OnDestroy()
FN:105,Update()
FN:132,ConsumeJump()
FN:140,ConsumeInteract()
FN:148,ConsumeCrouch()
FN:156,OnPause(System.Boolean)
FN:167,SetInput(System.Boolean)
FN:189,EnsureInput()
FN:198,ClearState()
FN:209,OnJump(UnityEngine.InputSystem.InputAction/CallbackContext)
FN:220,OnInteract(UnityEngine.InputSystem.InputAction/CallbackContext)
FN:231,OnSprint(UnityEngine.InputSystem.InputAction/CallbackContext)
FN:242,OnSprintOff(UnityEngine.InputSystem.InputAction/CallbackContext)
FN:248,OnCrouch(UnityEngine.InputSystem.InputAction/CallbackContext)
FNDA:0,MoveInput()
FNDA:0,LookInput()
FNDA:0,InputOn()
FNDA:0,SprintHeld()
FNDA:3,Awake()
FNDA:1,OnNetworkSpawn()
FNDA:1,OnNetworkDespawn()
FNDA:3,OnEnable()
FNDA:3,OnDisable()
FNDA:4,OnDestroy()
FNDA:0,Update()
FNDA:0,ConsumeJump()
FNDA:0,ConsumeInteract()
FNDA:0,ConsumeCrouch()
FNDA:0,OnPause(System.Boolean)
FNDA:8,SetInput(System.Boolean)
FNDA:17,EnsureInput()
FNDA:1,ClearState()
FNDA:0,OnJump(UnityEngine.InputSystem.InputAction/CallbackContext)
FNDA:0,OnInteract(UnityEngine.InputSystem.InputAction/CallbackContext)
FNDA:0,OnSprint(UnityEngine.InputSystem.InputAction/CallbackContext)
FNDA:0,OnSprintOff(UnityEngine.InputSystem.InputAction/CallbackContext)
FNDA:0,OnCrouch(UnityEngine.InputSystem.InputAction/CallbackContext)
FNF:23
FNH:9
BRF:0
BRH:0
DA:21,0
DA:24,0
DA:27,0
DA:30,0
DA:34,3
DA:35,3
DA:36,3
DA:37,3
DA:41,1
DA:42,1
DA:43,0
DA:44,0
DA:45,0
DA:46,0
DA:47,0
DA:48,0
DA:49,0
DA:51,1
DA:52,1
DA:53,1
DA:55,1
DA:56,1
DA:60,1
DA:61,1
DA:62,1
DA:63,1
DA:64,1
DA:68,3
DA:69,3
DA:70,3
DA:71,3
DA:72,3
DA:73,3
DA:74,3
DA:75,3
DA:76,3
DA:80,3
DA:81,3
DA:82,3
DA:83,3
DA:84,3
DA:85,3
DA:86,3
DA:87,3
DA:88,3
DA:92,4
DA:93,4
DA:95,4
DA:96,4
DA:97,4
DA:98,4
DA:100,4
DA:101,4
DA:105,0
DA:106,0
DA:107,0
DA:108,0
DA:111,0
DA:112,0
DA:113,0
DA:114,0
DA:115,0
DA:116,0
DA:118,0
DA:121,0
DA:122,0
DA:123,0
DA:124,0
DA:126,0
DA:127,0
DA:128,0
DA:132,0
DA:133,0
DA:134,0
DA:135,0
DA:136,0
DA:140,0
DA:141,0
DA:142,0
DA:143,0
DA:144,0
DA:148,0
DA:149,0
DA:150,0
DA:151,0
DA:152,0
DA:156,0
DA:157,0
DA:158,0
DA:159,0
DA:162,0
DA:163,0
DA:167,8
DA:168,8
DA:170,8
DA:171,7
DA:172,7
DA:175,1
DA:177,1
DA:178,0
DA:179,0
DA:180,0
DA:183,1
DA:184,1
DA:185,8
DA:189,17
DA:190,17
DA:191,0
DA:192,0
DA:194,17
DA:198,1
DA:199,1
DA:200,1
DA:201,1
DA:202,1
DA:203,1
DA:204,1
DA:205,1
DA:209,0
DA:210,0
DA:211,0
DA:212,0
DA:215,0
DA:216,0
DA:220,0
DA:221,0
DA:222,0
DA:223,0
DA:226,0
DA:227,0
DA:231,0
DA:232,0
DA:233,0
DA:234,0
DA:237,0
DA:238,0
DA:242,0
DA:243,0
DA:244,0
DA:248,0
DA:249,0
DA:250,0
DA:251,0
DA:254,0
DA:255,0
LH:63
LF:145
end_of_record
SF:C:/workstation/Unity/A_Task_For_Two/Assets/Scripts/PlayerInteractor.cs
FN:15,Awake()
FN:22,Update()
FNDA:0,Awake()
FNDA:0,Update()
FNF:2
FNH:0
BRF:0
BRH:0
DA:15,0
DA:16,0
DA:17,0
DA:18,0
DA:22,0
DA:23,0
DA:24,0
DA:25,0
DA:28,0
DA:29,0
DA:30,0
DA:33,0
DA:35,0
DA:36,0
DA:37,0
DA:40,0
DA:42,0
DA:43,0
DA:44,0
DA:47,0
DA:49,0
DA:50,0
DA:51,0
DA:54,0
DA:55,0
LH:0
LF:25
end_of_record
SF:C:/workstation/Unity/A_Task_For_Two/Assets/Scripts/PlayerMovement.cs
FN:13,LocalCamera()
FN:13,LocalCamera(UnityEngine.Camera)
FN:53,PlayerCamera()
FN:59,FinalMove()
FN:67,IsRunning()
FN:70,IsGrounded()
FN:74,Awake()
FN:87,OnNetworkSpawn()
FN:131,OnNetworkDespawn()
FN:142,Update()
FN:168,HandleLook()
FN:184,HandleMovement()
FN:216,HandleJump()
FN:237,HandleCrouch()
FN:265,GetSpawn()
FN:15,PlayerMovement()
FN:255,SetSpawn()
FNDA:1,LocalCamera()
FNDA:1,LocalCamera(UnityEngine.Camera)
FNDA:1,PlayerCamera()
FNDA:0,FinalMove()
FNDA:0,IsRunning()
FNDA:2,IsGrounded()
FNDA:4,Awake()
FNDA:1,OnNetworkSpawn()
FNDA:1,OnNetworkDespawn()
FNDA:0,Update()
FNDA:0,HandleLook()
FNDA:0,HandleMovement()
FNDA:0,HandleJump()
FNDA:0,HandleCrouch()
FNDA:0,GetSpawn()
FNDA:10,PlayerMovement()
FNDA:0,SetSpawn()
FNF:17
FNH:8
BRF:0
BRH:0
DA:13,1
DA:15,10
DA:18,10
DA:19,10
DA:20,10
DA:21,10
DA:24,10
DA:25,10
DA:26,10
DA:27,10
DA:28,10
DA:29,10
DA:30,10
DA:33,10
DA:34,10
DA:35,10
DA:36,10
DA:37,10
DA:53,1
DA:59,0
DA:60,0
DA:61,0
DA:62,0
DA:63,0
DA:67,0
DA:70,2
DA:74,4
DA:75,4
DA:76,4
DA:77,4
DA:79,4
DA:80,0
DA:81,0
DA:83,4
DA:87,1
DA:88,1
DA:89,0
DA:90,0
DA:91,0
DA:93,1
DA:95,1
DA:96,0
DA:97,0
DA:99,0
DA:100,0
DA:101,0
DA:102,0
DA:104,0
DA:105,0
DA:106,0
DA:107,0
DA:108,0
DA:110,1
DA:111,1
DA:113,1
DA:114,1
DA:115,1
DA:116,1
DA:117,1
DA:119,1
DA:120,0
DA:122,0
DA:123,0
DA:124,0
DA:126,1
DA:127,1
DA:131,1
DA:132,1
DA:133,0
DA:134,0
DA:135,0
DA:137,1
DA:138,1
DA:142,0
DA:143,0
DA:144,0
DA:145,0
DA:148,0
DA:149,0
DA:150,0
DA:153,0
DA:154,0
DA:155,0
DA:158,0
DA:159,0
DA:160,0
DA:161,0
DA:162,0
DA:163,0
DA:164,0
DA:168,0
DA:169,0
DA:170,0
DA:171,0
DA:174,0
DA:175,0
DA:176,0
DA:177,0
DA:178,0
DA:179,0
DA:180,0
DA:184,0
DA:185,0
DA:186,0
DA:187,0
DA:189,0
DA:190,0
DA:191,0
DA:192,0
DA:194,0
DA:195,0
DA:196,0
DA:197,0
DA:199,0
DA:200,0
DA:201,0
DA:202,0
DA:204,0
DA:206,0
DA:207,0
DA:209,0
DA:210,0
DA:211,0
DA:212,0
DA:216,0
DA:217,0
DA:218,0
DA:219,0
DA:224,0
DA:225,0
DA:226,0
DA:227,0
DA:228,0
DA:229,0
DA:230,0
DA:231,0
DA:232,0
DA:233,0
DA:237,0
DA:238,0
DA:240,0
DA:241,0
DA:242,0
DA:243,0
DA:245,0
DA:246,0
DA:247,0
DA:248,0
DA:249,0
DA:250,0
DA:251,0
DA:255,0
DA:257,0
DA:258,0
DA:259,0
DA:260,0
DA:261,0
DA:265,0
DA:266,0
DA:267,0
LH:44
LF:160
end_of_record
SF:C:/workstation/Unity/A_Task_For_Two/Assets/Scripts/PlayerVisuals.cs
FN:31,ActiveAnimator()
FN:35,Awake()
FN:50,OnNetworkSpawn()
FN:103,OnNetworkDespawn()
FN:111,LateUpdate()
FN:123,UpdateTagPos()
FN:132,SetCharServerRpc(System.Int32)
FN:139,SetNameServerRpc(Unity.Collections.FixedString64Bytes)
FN:145,CacheChars()
FN:171,OnChar(System.Int32, System.Int32)
FN:177,OnName(Unity.Collections.FixedString64Bytes, Unity.Collections.FixedString64Bytes)
FN:183,ShowChar(System.Int32)
FN:212,SavedChar()
FN:223,FindTagAnchor(UnityEngine.Transform)
FN:239,SavedName()
FN:250,CleanName(System.String)
FN:263,ShowName(System.String)
FN:269,FaceTag()
FN:289,MainCamera()
FN:300,Wrap(System.Int32, System.Int32)
FN:318,EnsureSetup()
FN:332,SetLayers(UnityEngine.GameObject, System.Int32)
FN:22,PlayerVisuals()
FNDA:2,ActiveAnimator()
FNDA:2,Awake()
FNDA:1,OnNetworkSpawn()
FNDA:1,OnNetworkDespawn()
FNDA:0,LateUpdate()
FNDA:0,UpdateTagPos()
FNDA:0,SetCharServerRpc(System.Int32)
FNDA:0,SetNameServerRpc(Unity.Collections.FixedString64Bytes)
FNDA:3,CacheChars()
FNDA:0,OnChar(System.Int32, System.Int32)
FNDA:0,OnName(Unity.Collections.FixedString64Bytes, Unity.Collections.FixedString64Bytes)
FNDA:3,ShowChar(System.Int32)
FNDA:0,SavedChar()
FNDA:3,FindTagAnchor(UnityEngine.Transform)
FNDA:0,SavedName()
FNDA:1,CleanName(System.String)
FNDA:1,ShowName(System.String)
FNDA:0,FaceTag()
FNDA:0,MainCamera()
FNDA:3,Wrap(System.Int32, System.Int32)
FNDA:1,EnsureSetup()
FNDA:0,SetLayers(UnityEngine.GameObject, System.Int32)
FNDA:6,PlayerVisuals()
FNF:23
FNH:12
BRF:0
BRH:0
DA:22,6
DA:23,6
DA:24,6
DA:25,6
DA:31,2
DA:35,2
DA:36,2
DA:37,2
DA:38,2
DA:40,2
DA:41,2
DA:42,2
DA:43,2
DA:45,2
DA:46,2
DA:50,1
DA:51,1
DA:52,1
DA:53,1
DA:54,1
DA:55,1
DA:56,1
DA:58,1
DA:59,0
DA:61,0
DA:62,0
DA:64,0
DA:65,0
DA:66,0
DA:67,0
DA:69,0
DA:70,0
DA:71,0
DA:73,0
DA:74,0
DA:76,0
DA:77,0
DA:78,0
DA:79,0
DA:81,0
DA:82,0
DA:83,0
DA:85,0
DA:86,0
DA:88,0
DA:89,0
DA:91,0
DA:92,0
DA:94,1
DA:95,1
DA:96,1
DA:98,1
DA:99,1
DA:103,1
DA:104,1
DA:105,1
DA:106,1
DA:107,1
DA:111,0
DA:112,0
DA:113,0
DA:114,0
DA:117,0
DA:118,0
DA:119,0
DA:123,0
DA:124,0
DA:125,0
DA:126,0
DA:127,0
DA:132,0
DA:133,0
DA:134,0
DA:139,0
DA:140,0
DA:141,0
DA:145,3
DA:146,3
DA:147,3
DA:149,27
DA:150,9
DA:152,9
DA:153,3
DA:154,3
DA:157,6
DA:159,6
DA:160,3
DA:161,3
DA:164,3
DA:165,3
DA:166,3
DA:167,3
DA:171,0
DA:172,0
DA:173,0
DA:177,0
DA:178,0
DA:179,0
DA:183,3
DA:184,3
DA:185,0
DA:186,0
DA:189,3
DA:192,12
DA:193,3
DA:194,3
DA:195,3
DA:197,3
DA:198,3
DA:199,3
DA:200,3
DA:202,3
DA:203,0
DA:204,0
DA:207,3
DA:208,3
DA:212,0
DA:213,0
DA:214,0
DA:215,0
DA:218,0
DA:219,0
DA:223,3
DA:224,3
DA:226,12
DA:227,6
DA:228,6
DA:229,3
DA:230,3
DA:232,3
DA:234,0
DA:235,3
DA:239,0
DA:240,0
DA:241,0
DA:242,0
DA:245,0
DA:246,0
DA:250,1
DA:251,1
DA:253,1
DA:254,0
DA:255,0
DA:256,0
DA:258,1
DA:259,1
DA:263,1
DA:264,1
DA:265,1
DA:269,0
DA:270,0
DA:272,0
DA:273,0
DA:274,0
DA:277,0
DA:279,0
DA:280,0
DA:281,0
DA:284,0
DA:285,0
DA:289,0
DA:290,0
DA:291,0
DA:292,0
DA:295,0
DA:296,0
DA:300,3
DA:301,3
DA:302,0
DA:303,0
DA:306,3
DA:308,3
DA:309,0
DA:310,0
DA:311,0
DA:313,3
DA:314,3
DA:318,1
DA:319,1
DA:320,0
DA:321,0
DA:324,1
DA:325,0
DA:326,0
DA:328,1
DA:332,0
DA:333,0
DA:334,0
DA:335,0
DA:338,0
DA:340,0
DA:341,0
DA:342,0
DA:343,0
DA:344,0
LH:90
LF:195
end_of_record
SF:C:/workstation/Unity/A_Task_For_Two/Assets/Scripts/PuzzleController.cs
FN:114,Awake()
FN:122,Start()
FN:133,OnNetworkSpawn()
FN:150,OnNetworkDespawn()
FN:157,Update()
FN:185,Regenerate()
FN:203,GeneratePuzzleLocal()
FN:218,GeneratePuzzleServer()
FN:237,ApplyPuzzleFromNetwork(PuzzleController/NetworkPuzzleState)
FN:247,CheckSolvedOffline()
FN:267,OnNetworkStateChanged(PuzzleController/NetworkPuzzleState, PuzzleController/NetworkPuzzleState)
FN:273,ApplySolvedState(System.Boolean)
FN:288,StartRaiseBars()
FN:299,ResetBars()
FN:312,RequestRegenerateServerRpc()
FN:318,PlayBarsRaiseSfx()
FN:325,CreateEquation()
FN:339,CreateEquationPair(PuzzleController/PuzzleEquation&, PuzzleController/PuzzleEquation&)
FN:350,ApplyDisplay(PuzzleController/PuzzleDisplay, PuzzleController/PuzzleEquation)
FN:358,SetSymbol(UnityEngine.Transform, System.Int32)
FN:389,IsCorrect()
FN:395,HoldOk(System.Single)
FN:409,ResetHold()
FN:415,EnsureSetup()
FN:447,EnsureDisplay(PuzzleController/PuzzleDisplay, System.String)
FN:104,PuzzleController()
FN:41,NetworkSerialize[T](Unity.Netcode.BufferSerializer[T])
FN:50,Equals(PuzzleController/PuzzleEquation)
FN:77,NetworkSerialize[T](Unity.Netcode.BufferSerializer[T])
FN:88,Equals(PuzzleController/NetworkPuzzleState)
FN:367,RaiseBars()
FNDA:6,Awake()
FNDA:0,Start()
FNDA:1,OnNetworkSpawn()
FNDA:1,OnNetworkDespawn()
FNDA:0,Update()
FNDA:2,Regenerate()
FNDA:2,GeneratePuzzleLocal()
FNDA:0,GeneratePuzzleServer()
FNDA:1,ApplyPuzzleFromNetwork(PuzzleController/NetworkPuzzleState)
FNDA:0,CheckSolvedOffline()
FNDA:0,OnNetworkStateChanged(PuzzleController/NetworkPuzzleState, PuzzleController/NetworkPuzzleState)
FNDA:1,ApplySolvedState(System.Boolean)
FNDA:0,StartRaiseBars()
FNDA:3,ResetBars()
FNDA:0,RequestRegenerateServerRpc()
FNDA:0,PlayBarsRaiseSfx()
FNDA:4,CreateEquation()
FNDA:2,CreateEquationPair(PuzzleController/PuzzleEquation&, PuzzleController/PuzzleEquation&)
FNDA:6,ApplyDisplay(PuzzleController/PuzzleDisplay, PuzzleController/PuzzleEquation)
FNDA:12,SetSymbol(UnityEngine.Transform, System.Int32)
FNDA:0,IsCorrect()
FNDA:0,HoldOk(System.Single)
FNDA:3,ResetHold()
FNDA:6,EnsureSetup()
FNDA:12,EnsureDisplay(PuzzleController/PuzzleDisplay, System.String)
FNDA:3,PuzzleController()
FNDA:0,NetworkSerialize[T](Unity.Netcode.BufferSerializer[T])
FNDA:6,Equals(PuzzleController/PuzzleEquation)
FNDA:0,NetworkSerialize[T](Unity.Netcode.BufferSerializer[T])
FNDA:2,Equals(PuzzleController/NetworkPuzzleState)
FNDA:0,RaiseBars()
FNF:31
FNH:18
BRF:0
BRH:0
DA:41,0
DA:42,0
DA:43,0
DA:44,0
DA:45,0
DA:46,0
DA:50,6
DA:51,6
DA:52,6
DA:77,0
DA:78,0
DA:79,0
DA:80,0
DA:81,0
DA:82,0
DA:83,0
DA:84,0
DA:88,2
DA:89,2
DA:90,2
DA:104,3
DA:114,6
DA:115,6
DA:116,6
DA:117,6
DA:118,6
DA:122,0
DA:123,0
DA:124,0
DA:125,0
DA:128,0
DA:129,0
DA:133,1
DA:134,1
DA:136,1
DA:137,0
DA:138,0
DA:139,0
DA:141,1
DA:142,1
DA:143,1
DA:145,1
DA:146,1
DA:150,1
DA:151,1
DA:152,1
DA:153,1
DA:157,0
DA:158,0
DA:159,0
DA:160,0
DA:161,0
DA:164,0
DA:165,0
DA:166,0
DA:169,0
DA:170,0
DA:171,0
DA:175,0
DA:176,0
DA:177,0
DA:178,0
DA:179,0
DA:180,0
DA:181,0
DA:185,2
DA:186,2
DA:187,2
DA:188,2
DA:189,2
DA:192,0
DA:193,0
DA:194,0
DA:195,0
DA:198,0
DA:199,2
DA:203,2
DA:204,2
DA:205,2
DA:206,2
DA:207,2
DA:208,2
DA:209,2
DA:210,2
DA:211,2
DA:212,2
DA:213,2
DA:214,2
DA:218,0
DA:220,0
DA:221,0
DA:222,0
DA:223,0
DA:224,0
DA:225,0
DA:226,0
DA:227,0
DA:228,0
DA:229,0
DA:230,0
DA:231,0
DA:232,0
DA:233,0
DA:237,1
DA:238,1
DA:239,1
DA:240,1
DA:241,1
DA:242,1
DA:243,1
DA:247,0
DA:248,0
DA:249,0
DA:250,0
DA:253,0
DA:254,0
DA:255,0
DA:258,0
DA:259,0
DA:260,0
DA:261,0
DA:262,0
DA:263,0
DA:267,0
DA:268,0
DA:269,0
DA:273,1
DA:274,1
DA:275,1
DA:277,1
DA:278,0
DA:279,0
DA:280,0
DA:283,1
DA:284,1
DA:288,0
DA:289,0
DA:290,0
DA:291,0
DA:294,0
DA:295,0
DA:299,3
DA:300,3
DA:301,0
DA:302,0
DA:303,0
DA:304,0
DA:306,3
DA:307,3
DA:312,0
DA:313,0
DA:314,0
DA:318,0
DA:319,0
DA:320,0
DA:321,0
DA:325,4
DA:326,4
DA:333,4
DA:334,4
DA:335,4
DA:339,2
DA:341,2
DA:342,2
DA:343,2
DA:344,2
DA:345,2
DA:346,2
DA:350,6
DA:351,6
DA:352,6
DA:353,6
DA:354,6
DA:358,12
DA:359,264
DA:360,120
DA:361,120
DA:362,120
DA:363,12
DA:367,0
DA:368,0
DA:369,0
DA:370,0
DA:371,0
DA:373,0
DA:374,0
DA:375,0
DA:376,0
DA:378,0
DA:379,0
DA:380,0
DA:381,0
DA:383,0
DA:384,0
DA:385,0
DA:389,0
DA:390,0
DA:391,0
DA:395,0
DA:396,0
DA:397,0
DA:399,0
DA:400,0
DA:403,0
DA:404,0
DA:405,0
DA:409,3
DA:410,3
DA:411,3
DA:415,6
DA:416,6
DA:417,6
DA:419,6
DA:420,0
DA:421,0
DA:424,6
DA:425,0
DA:426,0
DA:429,6
DA:430,0
DA:431,0
DA:434,6
DA:435,0
DA:436,0
DA:439,6
DA:440,0
DA:441,0
DA:443,6
DA:447,12
DA:448,12
DA:449,0
DA:450,0
DA:453,12
DA:454,0
DA:455,0
DA:458,12
DA:459,0
DA:460,0
DA:463,12
DA:464,0
DA:465,0
DA:468,12
DA:469,0
DA:470,0
DA:472,12
LH:101
LF:245
end_of_record
SF:C:/workstation/Unity/A_Task_For_Two/Assets/Scripts/RelayManager.cs
FN:21,OnDestroy()
FN:148,OnClientJoin(System.UInt64)
FN:192,MuteSceneListeners()
FN:16,RelayManager()
FN:44,CreateGame()
FN:159,EnsureOwner()
FN:30,InitServices()
FN:101,JoinGame()
FNDA:9,OnDestroy()
FNDA:0,OnClientJoin(System.UInt64)
FNDA:0,MuteSceneListeners()
FNDA:10,RelayManager()
FNDA:2,CreateGame()
FNDA:0,EnsureOwner()
FNDA:0,InitServices()
FNDA:2,JoinGame()
FNF:8
FNH:4
BRF:0
BRH:0
DA:16,10
DA:21,9
DA:22,9
DA:23,2
DA:24,2
DA:25,2
DA:26,9
DA:30,0
DA:31,0
DA:32,0
DA:33,0
DA:34,0
DA:36,0
DA:37,0
DA:38,0
DA:39,0
DA:40,0
DA:44,2
DA:45,2
DA:46,1
DA:47,1
DA:50,1
DA:51,1
DA:52,1
DA:55,0
DA:56,0
DA:57,0
DA:60,0
DA:61,0
DA:62,0
DA:65,0
DA:67,0
DA:68,0
DA:69,0
DA:73,0
DA:74,0
DA:75,0
DA:76,0
DA:77,0
DA:78,0
DA:80,0
DA:81,0
DA:83,0
DA:84,0
DA:85,0
DA:88,0
DA:89,0
DA:91,0
DA:92,0
DA:94,0
DA:95,0
DA:96,0
DA:97,0
DA:101,2
DA:102,2
DA:103,1
DA:104,1
DA:107,1
DA:108,1
DA:109,1
DA:112,0
DA:113,0
DA:114,0
DA:117,0
DA:119,0
DA:120,0
DA:121,0
DA:124,0
DA:127,0
DA:128,0
DA:129,0
DA:130,0
DA:132,0
DA:133,0
DA:135,0
DA:136,0
DA:137,0
DA:139,0
DA:141,0
DA:142,0
DA:143,0
DA:144,0
DA:148,0
DA:149,0
DA:150,0
DA:151,0
DA:154,0
DA:155,0
DA:159,0
DA:161,0
DA:164,0
DA:165,0
DA:166,0
DA:167,0
DA:168,0
DA:171,0
DA:172,0
DA:173,0
DA:175,0
DA:176,0
DA:177,0
DA:178,0
DA:179,0
DA:180,0
DA:182,0
DA:184,0
DA:186,0
DA:187,0
DA:188,0
DA:192,0
DA:193,0
DA:194,0
DA:196,0
DA:197,0
DA:198,0
DA:199,0
DA:200,0
DA:203,0
DA:204,0
DA:205,0
DA:208,0
DA:209,0
DA:210,0
LH:21
LF:123
end_of_record
SF:C:/workstation/Unity/A_Task_For_Two/Assets/Scripts/SliderHelper.cs
FN:23,Awake()
FN:32,OnEnable()
FN:39,Start()
FN:46,OnDisable()
FN:52,OnDestroy()
FN:68,OnSliderChanged(System.Single)
FN:80,OnInputEdit(System.String)
FN:106,DecreaseByOne()
FN:112,IncreaseByOne()
FN:118,BeginDecreaseHold()
FN:124,BeginIncreaseHold()
FN:130,EndHold()
FN:142,ChangeBy(System.Single)
FN:168,BeginHold(System.Single)
FN:206,UpdateButtons()
FN:220,PlayTick()
FN:231,SyncInput()
FN:237,FormatValue(System.Single)
FN:243,EnsureSetup()
FN:15,SliderHelper()
FN:182,HoldLoop()
FNDA:0,Awake()
FNDA:0,OnEnable()
FNDA:0,Start()
FNDA:0,OnDisable()
FNDA:0,OnDestroy()
FNDA:0,OnSliderChanged(System.Single)
FNDA:0,OnInputEdit(System.String)
FNDA:0,DecreaseByOne()
FNDA:0,IncreaseByOne()
FNDA:0,BeginDecreaseHold()
FNDA:0,BeginIncreaseHold()
FNDA:0,EndHold()
FNDA:0,ChangeBy(System.Single)
FNDA:0,BeginHold(System.Single)
FNDA:0,UpdateButtons()
FNDA:0,PlayTick()
FNDA:0,SyncInput()
FNDA:0,FormatValue(System.Single)
FNDA:0,EnsureSetup()
FNDA:68,SliderHelper()
FNDA:0,HoldLoop()
FNF:21
FNH:1
BRF:0
BRH:0
DA:15,68
DA:16,68
DA:23,0
DA:24,0
DA:25,0
DA:26,0
DA:27,0
DA:28,0
DA:32,0
DA:33,0
DA:34,0
DA:35,0
DA:39,0
DA:40,0
DA:41,0
DA:42,0
DA:46,0
DA:47,0
DA:48,0
DA:52,0
DA:53,0
DA:55,0
DA:56,0
DA:57,0
DA:58,0
DA:60,0
DA:61,0
DA:62,0
DA:63,0
DA:64,0
DA:68,0
DA:69,0
DA:70,0
DA:71,0
DA:74,0
DA:75,0
DA:76,0
DA:80,0
DA:81,0
DA:82,0
DA:83,0
DA:86,0
DA:88,0
DA:89,0
DA:90,0
DA:91,0
DA:92,0
DA:95,0
DA:96,0
DA:97,0
DA:98,0
DA:99,0
DA:100,0
DA:101,0
DA:102,0
DA:106,0
DA:107,0
DA:108,0
DA:112,0
DA:113,0
DA:114,0
DA:118,0
DA:119,0
DA:120,0
DA:124,0
DA:125,0
DA:126,0
DA:130,0
DA:131,0
DA:132,0
DA:133,0
DA:136,0
DA:137,0
DA:138,0
DA:142,0
DA:143,0
DA:144,0
DA:145,0
DA:148,0
DA:149,0
DA:151,0
DA:152,0
DA:153,0
DA:154,0
DA:157,0
DA:158,0
DA:159,0
DA:160,0
DA:161,0
DA:162,0
DA:163,0
DA:164,0
DA:168,0
DA:169,0
DA:170,0
DA:172,0
DA:173,0
DA:174,0
DA:177,0
DA:178,0
DA:182,0
DA:183,0
DA:185,0
DA:186,0
DA:187,0
DA:188,0
DA:190,0
DA:192,0
DA:193,0
DA:194,0
DA:195,0
DA:196,0
DA:197,0
DA:200,0
DA:201,0
DA:206,0
DA:207,0
DA:208,0
DA:209,0
DA:210,0
DA:212,0
DA:213,0
DA:214,0
DA:215,0
DA:216,0
DA:220,0
DA:221,0
DA:222,0
DA:223,0
DA:226,0
DA:227,0
DA:231,0
DA:232,0
DA:233,0
DA:237,0
DA:238,0
DA:239,0
DA:243,0
DA:244,0
DA:245,0
DA:246,0
DA:249,0
DA:250,0
DA:251,0
DA:254,0
DA:255,0
DA:256,0
DA:259,0
DA:260,0
DA:261,0
DA:263,0
LH:2
LF:151
end_of_record
